600 60 71880 0.4 277 205
0 50
1 10
2 51
3 12
4 24
5 33
6 21
7 23
8 31
9 44
10 16
11 31
12 54
13 58
14 6
15 2
16 1
17 14
18 42
19 45
20 50
21 33
22 38
23 24
24 41
25 33
26 26
27 16
28 51
29 18
30 39
31 10
32 41
33 9
34 39
35 3
36 11
37 55
38 46
39 54
40 38
41 59
42 8
43 6
44 26
45 55
46 45
47 44
48 23
49 14
50 25
51 23
52 17
53 29
54 35
55 9
56 25
57 33
58 4
59 41
60 36
61 11
62 24
63 43
64 59
65 51
66 20
67 2
68 17
69 41
70 33
71 48
72 15
73 25
74 14
75 19
76 50
77 26
78 38
79 37
80 52
81 30
82 48
83 30
84 9
85 49
86 6
87 10
88 26
89 1
90 21
91 56
92 24
93 54
94 54
95 60
96 5
97 1
98 21
99 26
100 49
101 33
102 19
103 34
104 6
105 47
106 42
107 13
108 22
109 2
110 6
111 1
112 25
113 8
114 34
115 22
116 25
117 20
118 29
119 17
120 7
121 35
122 2
123 24
124 37
125 49
126 31
127 30
128 21
129 16
130 9
131 10
132 26
133 14
134 14
135 44
136 38
137 16
138 4
139 13
140 32
141 41
142 35
143 44
144 48
145 30
146 47
147 27
148 28
149 58
150 14
151 8
152 53
153 8
154 36
155 42
156 33
157 21
158 18
159 5
160 27
161 7
162 53
163 50
164 31
165 29
166 37
167 40
168 13
169 19
170 35
171 30
172 10
173 6
174 31
175 17
176 59
177 17
178 41
179 8
180 28
181 45
182 54
183 36
184 8
185 14
186 19
187 10
188 38
189 32
190 47
191 44
192 42
193 34
194 52
195 7
196 5
197 28
198 16
199 25
200 34
201 19
202 13
203 39
204 18
205 27
206 11
207 42
208 32
209 56
210 29
211 24
212 2
213 34
214 42
215 23
216 14
217 46
218 5
219 3
220 33
221 20
222 3
223 27
224 40
225 57
226 38
227 34
228 35
229 48
230 4
231 50
232 21
233 32
234 52
235 55
236 3
237 6
238 15
239 27
240 16
241 14
242 53
243 43
244 55
245 9
246 37
247 29
248 7
249 31
250 31
251 49
252 33
253 20
254 37
255 24
256 26
257 44
258 21
259 12
260 40
261 42
262 39
263 8
264 35
265 19
266 40
267 6
268 12
269 16
270 13
271 44
272 2
273 27
274 32
275 28
276 25
277 43
278 36
279 30
280 55
281 46
282 38
283 1
284 12
285 1
286 57
287 7
288 37
289 36
290 27
291 48
292 6
293 48
294 17
295 47
296 15
297 22
298 5
299 52
300 58
301 55
302 45
303 29
304 3
305 3
306 5
307 19
308 33
309 8
310 43
311 30
312 29
313 12
314 31
315 26
316 45
317 28
318 50
319 3
320 38
321 27
322 30
323 23
324 22
325 30
326 45
327 54
328 52
329 19
330 47
331 14
332 21
333 26
334 44
335 30
336 50
337 24
338 5
339 15
340 4
341 48
342 59
343 47
344 31
345 4
346 48
347 37
348 32
349 56
350 9
351 46
352 34
353 17
354 4
355 37
356 22
357 5
358 56
359 11
360 18
361 32
362 37
363 4
364 47
365 41
366 6
367 17
368 10
369 16
370 5
371 38
372 12
373 43
374 36
375 7
376 28
377 46
378 43
379 27
380 51
381 42
382 13
383 11
384 15
385 17
386 18
387 10
388 35
389 13
390 20
391 24
392 6
393 28
394 18
395 10
396 53
397 7
398 23
399 60
400 15
401 51
402 28
403 29
404 7
405 7
406 9
407 54
408 9
409 4
410 2
411 60
412 9
413 52
414 53
415 22
416 52
417 23
418 19
419 34
420 40
421 29
422 38
423 3
424 41
425 56
426 57
427 31
428 12
429 20
430 54
431 31
432 3
433 58
434 5
435 57
436 20
437 47
438 2
439 25
440 4
441 11
442 47
443 32
444 40
445 54
446 21
447 16
448 27
449 20
450 34
451 49
452 41
453 12
454 4
455 57
456 29
457 11
458 58
459 19
460 43
461 35
462 24
463 23
464 42
465 28
466 37
467 12
468 2
469 31
470 36
471 46
472 51
473 40
474 7
475 8
476 56
477 9
478 23
479 15
480 23
481 10
482 1
483 23
484 39
485 37
486 11
487 40
488 22
489 45
490 5
491 50
492 16
493 48
494 38
495 39
496 28
497 45
498 26
499 53
500 47
501 46
502 16
503 45
504 58
505 5
506 34
507 15
508 46
509 35
510 43
511 53
512 20
513 10
514 32
515 57
516 49
517 18
518 51
519 8
520 12
521 47
522 44
523 13
524 36
525 50
526 52
527 50
528 39
529 6
530 22
531 9
532 12
533 57
534 17
535 7
536 54
537 39
538 32
539 56
540 46
541 25
542 47
543 21
544 53
545 2
546 44
547 8
548 56
549 24
550 52
551 22
552 42
553 41
554 19
555 39
556 30
557 17
558 20
559 29
560 13
561 11
562 1
563 43
564 36
565 35
566 22
567 26
568 21
569 49
570 3
571 40
572 19
573 10
574 9
575 20
576 6
577 9
578 11
579 2
580 15
581 44
582 15
583 14
584 21
585 13
586 2
587 43
588 32
589 40
590 49
591 19
592 18
593 54
594 15
595 55
596 1
597 11
598 25
599 55
