100 22 3007 0,61 71 47
0 2
1 17
2 16
3 9
4 18
5 12
6 20
7 22
8 15
9 20
10 5
11 5
12 15
13 1
14 18
15 19
16 11
17 18
18 6
19 5
20 14
21 3
22 18
23 1
24 7
25 10
26 1
27 16
28 14
29 9
30 15
31 12
32 4
33 10
34 4
35 5
36 9
37 11
38 4
39 5
40 17
41 11
42 11
43 13
44 8
45 19
46 6
47 21
48 2
49 16
50 17
51 2
52 9
53 3
54 12
55 2
56 7
57 13
58 10
59 21
60 11
61 6
62 1
63 1
64 9
65 15
66 21
67 20
68 8
69 14
70 6
71 4
72 6
73 10
74 8
75 17
76 14
77 7
78 13
79 7
80 8
81 22
82 3
83 21
84 1
85 6
86 7
87 10
88 2
89 19
90 14
91 8
92 16
93 3
94 12
95 7
96 6
97 10
98 13
99 3
