300 56 26777 0,6 204 152
0 28
1 31
2 45
3 13
4 54
5 33
6 32
7 12
8 5
9 38
10 20
11 18
12 48
13 27
14 48
15 41
16 25
17 12
18 22
19 28
20 2
21 7
22 50
23 29
24 32
25 9
26 6
27 17
28 10
29 21
30 2
31 2
32 32
33 20
34 37
35 28
36 39
37 14
38 21
39 31
40 19
41 53
42 39
43 33
44 37
45 45
46 16
47 13
48 25
49 12
50 42
51 47
52 51
53 3
54 31
55 9
56 48
57 29
58 35
59 8
60 16
61 20
62 44
63 24
64 43
65 46
66 20
67 26
68 35
69 16
70 6
71 14
72 24
73 43
74 26
75 38
76 17
77 30
78 33
79 19
80 49
81 7
82 27
83 14
84 32
85 54
86 22
87 5
88 47
89 34
90 28
91 25
92 18
93 4
94 11
95 46
96 30
97 35
98 18
99 26
100 5
101 50
102 19
103 22
104 50
105 40
106 17
107 6
108 17
109 31
110 34
111 30
112 22
113 16
114 8
115 3
116 4
117 52
118 8
119 29
120 21
121 11
122 28
123 43
124 26
125 37
126 35
127 21
128 12
129 15
130 20
131 15
132 15
133 19
134 6
135 42
136 45
137 10
138 8
139 3
140 52
141 48
142 23
143 1
144 32
145 33
146 10
147 51
148 9
149 2
150 33
151 30
152 3
153 7
154 29
155 8
156 18
157 39
158 14
159 24
160 47
161 40
162 14
163 48
164 39
165 50
166 34
167 52
168 24
169 41
170 12
171 19
172 43
173 13
174 1
175 29
176 11
177 11
178 1
179 9
180 21
181 23
182 43
183 12
184 17
185 27
186 44
187 45
188 15
189 49
190 32
191 20
192 4
193 44
194 15
195 37
196 4
197 23
198 30
199 11
200 36
201 34
202 41
203 37
204 36
205 15
206 27
207 45
208 38
209 41
210 3
211 1
212 26
213 55
214 40
215 35
216 4
217 52
218 16
219 22
220 6
221 37
222 24
223 7
224 23
225 44
226 17
227 5
228 1
229 50
230 36
231 38
232 30
233 36
234 53
235 49
236 28
237 36
238 22
239 27
240 55
241 2
242 47
243 9
244 55
245 21
246 5
247 45
248 46
249 10
250 26
251 40
252 41
253 39
254 26
255 14
256 25
257 38
258 10
259 22
260 23
261 24
262 1
263 54
264 42
265 10
266 2
267 20
268 31
269 49
270 9
271 12
272 13
273 8
274 47
275 56
276 42
277 35
278 49
279 42
280 33
281 16
282 40
283 8
284 6
285 25
286 21
287 46
288 18
289 39
290 34
291 54
292 1
293 5
294 11
295 4
296 17
297 13
298 7
299 13
