600 98 108070 0,6 402 314
0 48
1 49
2 34
3 72
4 68
5 38
6 71
7 77
8 41
9 64
10 17
11 81
12 26
13 32
14 92
15 79
16 96
17 93
18 21
19 52
20 47
21 39
22 22
23 73
24 76
25 95
26 11
27 36
28 46
29 22
30 79
31 83
32 4
33 35
34 49
35 16
36 88
37 93
38 30
39 82
40 14
41 90
42 60
43 16
44 92
45 57
46 38
47 43
48 18
49 65
50 45
51 23
52 63
53 4
54 83
55 44
56 21
57 89
58 84
59 83
60 23
61 65
62 54
63 9
64 51
65 3
66 52
67 31
68 31
69 72
70 75
71 43
72 88
73 54
74 34
75 10
76 28
77 26
78 60
79 52
80 43
81 17
82 8
83 45
84 7
85 70
86 11
87 31
88 51
89 18
90 81
91 29
92 51
93 1
94 62
95 72
96 59
97 24
98 80
99 62
100 35
101 61
102 15
103 9
104 19
105 40
106 87
107 2
108 27
109 25
110 29
111 58
112 15
113 67
114 25
115 50
116 3
117 44
118 68
119 47
120 60
121 30
122 1
123 27
124 62
125 73
126 11
127 61
128 1
129 39
130 5
131 86
132 71
133 38
134 2
135 98
136 12
137 35
138 76
139 91
140 17
141 57
142 84
143 24
144 56
145 71
146 44
147 76
148 33
149 47
150 6
151 86
152 44
153 2
154 37
155 36
156 81
157 82
158 85
159 93
160 30
161 90
162 7
163 22
164 69
165 43
166 31
167 53
168 85
169 33
170 58
171 11
172 1
173 3
174 97
175 58
176 1
177 53
178 16
179 37
180 33
181 19
182 86
183 19
184 25
185 83
186 14
187 24
188 10
189 18
190 54
191 55
192 26
193 65
194 15
195 10
196 37
197 84
198 39
199 9
200 16
201 16
202 78
203 10
204 5
205 91
206 40
207 18
208 77
209 56
210 12
211 94
212 61
213 24
214 23
215 8
216 45
217 61
218 93
219 27
220 32
221 82
222 90
223 13
224 28
225 40
226 25
227 41
228 63
229 31
230 7
231 14
232 2
233 10
234 32
235 68
236 43
237 27
238 66
239 75
240 23
241 14
242 34
243 10
244 46
245 35
246 20
247 77
248 21
249 60
250 46
251 53
252 5
253 50
254 78
255 46
256 98
257 3
258 63
259 86
260 84
261 82
262 13
263 29
264 20
265 33
266 12
267 71
268 58
269 25
270 61
271 38
272 82
273 57
274 20
275 12
276 51
277 20
278 18
279 53
280 14
281 67
282 36
283 69
284 66
285 92
286 85
287 33
288 26
289 49
290 29
291 85
292 23
293 25
294 55
295 61
296 58
297 87
298 79
299 50
300 81
301 20
302 91
303 39
304 30
305 60
306 78
307 46
308 57
309 97
310 48
311 6
312 19
313 52
314 37
315 6
316 15
317 87
318 20
319 13
320 15
321 56
322 88
323 64
324 17
325 74
326 27
327 80
328 62
329 42
330 89
331 7
332 62
333 26
334 49
335 8
336 42
337 36
338 29
339 51
340 56
341 69
342 47
343 68
344 24
345 29
346 14
347 90
348 65
349 77
350 45
351 18
352 78
353 70
354 57
355 6
356 55
357 33
358 51
359 19
360 66
361 24
362 69
363 76
364 64
365 37
366 86
367 16
368 28
369 13
370 64
371 4
372 41
373 32
374 85
375 8
376 76
377 30
378 5
379 70
380 28
381 70
382 59
383 9
384 96
385 89
386 54
387 47
388 5
389 87
390 27
391 63
392 42
393 50
394 48
395 9
396 88
397 8
398 45
399 53
400 75
401 92
402 30
403 59
404 74
405 53
406 68
407 26
408 58
409 41
410 89
411 59
412 48
413 21
414 34
415 73
416 28
417 73
418 2
419 7
420 4
421 49
422 70
423 80
424 34
425 74
426 82
427 64
428 10
429 32
430 80
431 12
432 74
433 93
434 4
435 66
436 87
437 75
438 97
439 68
440 91
441 1
442 42
443 15
444 4
445 58
446 49
447 50
448 66
449 5
450 61
451 22
452 71
453 22
454 11
455 83
456 94
457 3
458 38
459 46
460 20
461 40
462 32
463 41
464 67
465 91
466 49
467 6
468 57
469 34
470 94
471 60
472 35
473 27
474 69
475 78
476 21
477 11
478 90
479 79
480 17
481 55
482 67
483 26
484 47
485 46
486 28
487 22
488 67
489 41
490 8
491 72
492 65
493 85
494 28
495 1
496 3
497 74
498 31
499 84
500 77
501 44
502 4
503 43
504 94
505 60
506 19
507 72
508 12
509 33
510 95
511 61
512 89
513 42
514 50
515 7
516 38
517 32
518 44
519 62
520 13
521 72
522 8
523 63
524 9
525 88
526 24
527 63
528 71
529 75
530 41
531 16
532 53
533 54
534 52
535 48
536 48
537 80
538 18
539 95
540 97
541 77
542 35
543 23
544 21
545 95
546 45
547 81
548 2
549 95
550 45
551 23
552 36
553 37
554 26
555 54
556 96
557 46
558 7
559 69
560 50
561 79
562 18
563 83
564 9
565 59
566 56
567 42
568 79
569 66
570 62
571 52
572 2
573 31
574 13
575 56
576 13
577 55
578 6
579 7
580 73
581 96
582 11
583 40
584 39
585 16
586 25
587 77
588 20
589 36
590 14
591 6
592 17
593 41
594 39
595 2
596 67
597 40
598 27
599 70
