100 16 1733 0.35 47 25
0 2
1 8
2 4
3 12
4 9
5 9
6 15
7 2
8 14
9 16
10 4
11 3
12 14
13 10
14 3
15 2
16 1
17 2
18 9
19 9
20 9
21 5
22 4
23 2
24 7
25 5
26 3
27 8
28 2
29 1
30 8
31 1
32 1
33 10
34 3
35 14
36 15
37 9
38 3
39 7
40 2
41 12
42 7
43 4
44 6
45 5
46 11
47 1
48 7
49 5
50 8
51 3
52 6
53 14
54 6
55 11
56 3
57 1
58 5
59 5
60 2
61 1
62 3
63 8
64 12
65 10
66 5
67 6
68 10
69 8
70 13
71 12
72 4
73 4
74 1
75 6
76 4
77 6
78 10
79 11
80 9
81 9
82 11
83 13
84 8
85 1
86 1
87 4
88 13
89 8
90 6
91 7
92 13
93 7
94 11
95 4
96 12
97 10
98 2
99 5
