600 55 62895 0,35 254 182
0 52
1 26
2 46
3 2
4 1
5 24
6 9
7 45
8 35
9 39
10 31
11 14
12 3
13 6
14 3
15 5
16 24
17 29
18 53
19 40
20 27
21 42
22 2
23 34
24 40
25 32
26 17
27 30
28 39
29 23
30 18
31 14
32 21
33 18
34 37
35 19
36 21
37 27
38 6
39 44
40 18
41 17
42 54
43 9
44 39
45 26
46 53
47 43
48 2
49 8
50 36
51 22
52 14
53 5
54 29
55 28
56 17
57 1
58 30
59 38
60 45
61 3
62 55
63 26
64 45
65 20
66 16
67 30
68 46
69 28
70 12
71 55
72 44
73 38
74 54
75 41
76 41
77 26
78 10
79 29
80 15
81 23
82 22
83 13
84 38
85 33
86 3
87 12
88 9
89 8
90 48
91 14
92 35
93 38
94 9
95 27
96 42
97 37
98 3
99 17
100 6
101 3
102 25
103 28
104 28
105 39
106 18
107 10
108 34
109 47
110 44
111 14
112 49
113 18
114 25
115 31
116 24
117 32
118 25
119 45
120 49
121 48
122 22
123 3
124 33
125 25
126 41
127 46
128 23
129 16
130 11
131 40
132 30
133 29
134 24
135 19
136 18
137 29
138 20
139 52
140 1
141 15
142 26
143 23
144 9
145 28
146 11
147 44
148 11
149 32
150 37
151 45
152 2
153 14
154 11
155 36
156 37
157 5
158 44
159 28
160 10
161 13
162 1
163 16
164 7
165 10
166 35
167 25
168 48
169 28
170 8
171 26
172 28
173 31
174 33
175 33
176 34
177 48
178 28
179 2
180 2
181 43
182 4
183 27
184 32
185 33
186 21
187 31
188 47
189 31
190 18
191 8
192 17
193 41
194 12
195 37
196 6
197 19
198 44
199 12
200 35
201 20
202 5
203 21
204 6
205 15
206 5
207 21
208 34
209 9
210 19
211 3
212 49
213 50
214 36
215 4
216 11
217 20
218 43
219 12
220 12
221 17
222 1
223 34
224 50
225 33
226 4
227 4
228 3
229 13
230 29
231 30
232 53
233 6
234 25
235 33
236 32
237 42
238 20
239 13
240 15
241 1
242 45
243 5
244 38
245 54
246 30
247 4
248 9
249 5
250 20
251 11
252 9
253 35
254 47
255 23
256 38
257 48
258 20
259 31
260 11
261 38
262 37
263 32
264 34
265 40
266 17
267 7
268 5
269 33
270 26
271 43
272 16
273 32
274 43
275 4
276 38
277 14
278 22
279 26
280 10
281 17
282 51
283 12
284 8
285 13
286 10
287 10
288 12
289 48
290 31
291 37
292 52
293 17
294 21
295 20
296 36
297 34
298 2
299 14
300 24
301 7
302 29
303 20
304 26
305 4
306 1
307 1
308 42
309 21
310 18
311 14
312 4
313 16
314 31
315 27
316 52
317 28
318 40
319 23
320 10
321 17
322 43
323 31
324 50
325 20
326 19
327 34
328 51
329 23
330 17
331 28
332 1
333 15
334 15
335 5
336 29
337 51
338 8
339 16
340 27
341 16
342 19
343 15
344 11
345 51
346 19
347 1
348 16
349 14
350 27
351 12
352 39
353 23
354 13
355 42
356 2
357 19
358 3
359 7
360 11
361 36
362 26
363 24
364 46
365 49
366 6
367 43
368 16
369 14
370 28
371 52
372 22
373 2
374 16
375 50
376 40
377 24
378 37
379 12
380 39
381 52
382 24
383 29
384 38
385 15
386 42
387 3
388 5
389 47
390 25
391 41
392 42
393 31
394 24
395 30
396 21
397 31
398 50
399 19
400 52
401 8
402 22
403 2
404 24
405 51
406 19
407 22
408 5
409 50
410 32
411 36
412 41
413 46
414 25
415 36
416 2
417 47
418 48
419 12
420 6
421 28
422 31
423 27
424 39
425 26
426 14
427 11
428 21
429 36
430 4
431 39
432 27
433 30
434 33
435 54
436 39
437 6
438 4
439 55
440 22
441 49
442 15
443 11
444 10
445 15
446 25
447 13
448 4
449 16
450 22
451 22
452 37
453 16
454 45
455 23
456 34
457 12
458 54
459 55
460 41
461 41
462 5
463 46
464 43
465 12
466 44
467 43
468 43
469 39
470 13
471 36
472 36
473 15
474 35
475 20
476 52
477 44
478 40
479 26
480 18
481 51
482 5
483 4
484 24
485 6
486 21
487 14
488 37
489 7
490 13
491 8
492 14
493 48
494 7
495 29
496 49
497 23
498 29
499 50
500 48
501 21
502 45
503 30
504 5
505 6
506 2
507 18
508 8
509 7
510 33
511 8
512 20
513 35
514 22
515 25
516 3
517 37
518 45
519 27
520 25
521 32
522 25
523 42
524 3
525 45
526 27
527 6
528 49
529 19
530 39
531 51
532 19
533 23
534 54
535 5
536 34
537 4
538 15
539 37
540 10
541 9
542 10
543 55
544 32
545 26
546 7
547 44
548 47
549 15
550 7
551 42
552 18
553 34
554 46
555 35
556 12
557 28
558 53
559 21
560 10
561 2
562 38
563 53
564 9
565 13
566 31
567 1
568 9
569 35
570 20
571 8
572 35
573 27
574 18
575 49
576 9
577 7
578 47
579 32
580 44
581 16
582 40
583 43
584 35
585 1
586 8
587 11
588 15
589 13
590 1
591 18
592 36
593 30
594 34
595 22
596 10
597 17
598 7
599 47
