600 63 72024 0.4 276 209
0 5
1 34
2 24
3 4
4 54
5 13
6 36
7 11
8 50
9 11
10 8
11 22
12 8
13 4
14 17
15 24
16 34
17 54
18 48
19 7
20 15
21 62
22 25
23 6
24 40
25 19
26 56
27 30
28 25
29 1
30 46
31 19
32 9
33 61
34 50
35 26
36 37
37 19
38 26
39 44
40 34
41 9
42 7
43 37
44 53
45 40
46 20
47 45
48 21
49 33
50 3
51 4
52 1
53 34
54 51
55 2
56 39
57 16
58 50
59 15
60 42
61 14
62 33
63 21
64 13
65 48
66 22
67 9
68 24
69 40
70 18
71 41
72 21
73 28
74 7
75 22
76 18
77 11
78 42
79 51
80 52
81 32
82 30
83 45
84 39
85 38
86 28
87 33
88 1
89 13
90 50
91 44
92 17
93 26
94 39
95 49
96 40
97 31
98 17
99 36
100 31
101 8
102 3
103 27
104 47
105 53
106 58
107 59
108 14
109 24
110 16
111 3
112 5
113 5
114 28
115 60
116 33
117 1
118 46
119 30
120 19
121 58
122 15
123 20
124 52
125 59
126 12
127 5
128 1
129 18
130 43
131 8
132 29
133 32
134 2
135 9
136 35
137 2
138 39
139 22
140 46
141 14
142 45
143 46
144 28
145 41
146 63
147 31
148 60
149 32
150 49
151 44
152 28
153 56
154 23
155 55
156 51
157 1
158 8
159 9
160 40
161 27
162 61
163 23
164 38
165 27
166 13
167 37
168 48
169 53
170 1
171 9
172 4
173 53
174 48
175 60
176 43
177 45
178 2
179 16
180 51
181 59
182 25
183 18
184 5
185 8
186 23
187 15
188 29
189 6
190 19
191 24
192 57
193 20
194 47
195 38
196 10
197 7
198 36
199 22
200 16
201 12
202 56
203 29
204 44
205 12
206 59
207 39
208 48
209 12
210 29
211 45
212 57
213 41
214 14
215 6
216 31
217 35
218 15
219 11
220 29
221 15
222 31
223 3
224 3
225 53
226 7
227 44
228 36
229 29
230 16
231 18
232 57
233 25
234 16
235 27
236 26
237 10
238 14
239 9
240 29
241 14
242 30
243 40
244 5
245 42
246 25
247 1
248 12
249 33
250 60
251 44
252 9
253 62
254 17
255 25
256 2
257 6
258 46
259 8
260 10
261 49
262 14
263 30
264 32
265 37
266 36
267 60
268 30
269 18
270 24
271 19
272 26
273 34
274 54
275 16
276 25
277 29
278 14
279 28
280 47
281 33
282 28
283 38
284 38
285 59
286 49
287 12
288 23
289 21
290 52
291 15
292 6
293 27
294 18
295 23
296 25
297 53
298 41
299 63
300 49
301 28
302 34
303 53
304 31
305 32
306 4
307 18
308 13
309 16
310 7
311 32
312 52
313 47
314 43
315 43
316 12
317 53
318 46
319 28
320 56
321 17
322 19
323 16
324 57
325 24
326 27
327 51
328 3
329 26
330 41
331 49
332 58
333 36
334 39
335 20
336 8
337 40
338 45
339 37
340 7
341 35
342 21
343 10
344 1
345 24
346 35
347 23
348 33
349 36
350 14
351 21
352 24
353 60
354 13
355 14
356 52
357 10
358 42
359 10
360 18
361 6
362 29
363 23
364 50
365 49
366 46
367 42
368 23
369 20
370 43
371 12
372 33
373 2
374 40
375 13
376 20
377 41
378 27
379 15
380 61
381 13
382 19
383 36
384 22
385 38
386 48
387 5
388 46
389 22
390 22
391 10
392 19
393 9
394 1
395 5
396 37
397 1
398 16
399 11
400 19
401 34
402 6
403 13
404 55
405 21
406 35
407 38
408 7
409 10
410 12
411 55
412 31
413 17
414 18
415 38
416 55
417 2
418 47
419 58
420 54
421 52
422 1
423 3
424 54
425 25
426 4
427 44
428 5
429 3
430 34
431 51
432 14
433 12
434 50
435 32
436 9
437 42
438 54
439 3
440 11
441 50
442 1
443 4
444 42
445 18
446 2
447 43
448 45
449 37
450 12
451 23
452 15
453 31
454 23
455 11
456 20
457 13
458 15
459 35
460 9
461 55
462 24
463 23
464 27
465 30
466 49
467 39
468 3
469 27
470 8
471 35
472 40
473 51
474 61
475 11
476 24
477 28
478 38
479 6
480 48
481 27
482 46
483 2
484 29
485 28
486 17
487 33
488 37
489 30
490 39
491 39
492 14
493 39
494 29
495 36
496 4
497 45
498 22
499 35
500 7
501 32
502 40
503 58
504 58
505 34
506 11
507 19
508 42
509 50
510 11
511 12
512 16
513 26
514 35
515 9
516 10
517 17
518 44
519 16
520 10
521 6
522 25
523 43
524 31
525 39
526 47
527 34
528 55
529 20
530 22
531 12
532 20
533 36
534 6
535 5
536 8
537 21
538 52
539 6
540 22
541 35
542 2
543 6
544 10
545 4
546 21
547 33
548 30
549 17
550 5
551 8
552 3
553 15
554 42
555 54
556 32
557 54
558 6
559 44
560 31
561 41
562 4
563 21
564 55
565 38
566 40
567 57
568 26
569 62
570 23
571 61
572 26
573 41
574 61
575 28
576 51
577 4
578 21
579 3
580 49
581 11
582 17
583 32
584 13
585 27
586 7
587 25
588 48
589 43
590 51
591 30
592 47
593 59
594 47
595 7
596 19
597 37
598 13
599 32
