1000 152 299906 0,6 650 553
0 29
1 105
2 27
3 94
4 80
5 2
6 109
7 17
8 62
9 57
10 29
11 18
12 54
13 85
14 11
15 10
16 143
17 17
18 47
19 37
20 48
21 131
22 26
23 15
24 54
25 58
26 76
27 27
28 33
29 136
30 143
31 45
32 66
33 110
34 101
35 38
36 104
37 51
38 91
39 60
40 110
41 21
42 38
43 140
44 20
45 12
46 108
47 32
48 107
49 120
50 81
51 85
52 40
53 133
54 69
55 21
56 63
57 30
58 13
59 89
60 38
61 18
62 6
63 139
64 107
65 15
66 145
67 102
68 2
69 26
70 118
71 37
72 119
73 48
74 88
75 101
76 40
77 129
78 23
79 19
80 77
81 48
82 63
83 41
84 29
85 114
86 84
87 10
88 130
89 77
90 42
91 59
92 76
93 105
94 67
95 71
96 98
97 113
98 36
99 44
100 28
101 34
102 71
103 44
104 58
105 126
106 70
107 1
108 3
109 79
110 16
111 62
112 129
113 42
114 78
115 113
116 77
117 79
118 25
119 105
120 61
121 130
122 20
123 61
124 103
125 94
126 104
127 74
128 85
129 115
130 100
131 12
132 112
133 130
134 16
135 139
136 3
137 96
138 57
139 32
140 99
141 55
142 98
143 73
144 48
145 97
146 80
147 115
148 52
149 101
150 38
151 112
152 131
153 67
154 139
155 53
156 121
157 149
158 148
159 102
160 61
161 4
162 95
163 78
164 6
165 143
166 85
167 114
168 72
169 12
170 139
171 31
172 103
173 28
174 74
175 46
176 3
177 103
178 116
179 89
180 6
181 5
182 133
183 34
184 138
185 93
186 22
187 73
188 16
189 144
190 25
191 138
192 81
193 118
194 84
195 128
196 46
197 86
198 92
199 123
200 43
201 16
202 7
203 43
204 50
205 142
206 81
207 33
208 9
209 7
210 142
211 147
212 4
213 126
214 82
215 17
216 141
217 53
218 39
219 95
220 119
221 121
222 32
223 76
224 57
225 44
226 56
227 108
228 67
229 9
230 31
231 30
232 95
233 145
234 129
235 21
236 133
237 51
238 75
239 46
240 38
241 32
242 50
243 117
244 71
245 42
246 75
247 50
248 118
249 53
250 72
251 51
252 14
253 50
254 150
255 117
256 55
257 7
258 52
259 127
260 101
261 43
262 22
263 84
264 122
265 106
266 44
267 39
268 86
269 58
270 125
271 55
272 108
273 92
274 113
275 117
276 64
277 127
278 105
279 39
280 127
281 132
282 62
283 109
284 117
285 57
286 92
287 20
288 120
289 4
290 88
291 82
292 6
293 52
294 97
295 86
296 146
297 35
298 152
299 64
300 22
301 20
302 107
303 8
304 97
305 144
306 66
307 105
308 5
309 110
310 73
311 7
312 78
313 19
314 67
315 8
316 50
317 60
318 26
319 65
320 35
321 83
322 5
323 6
324 7
325 12
326 103
327 142
328 68
329 68
330 36
331 76
332 61
333 112
334 101
335 9
336 65
337 137
338 74
339 115
340 116
341 120
342 3
343 104
344 83
345 147
346 72
347 58
348 26
349 114
350 90
351 41
352 134
353 59
354 24
355 1
356 130
357 61
358 40
359 110
360 36
361 19
362 88
363 52
364 102
365 17
366 80
367 34
368 59
369 55
370 70
371 18
372 47
373 87
374 9
375 31
376 147
377 33
378 102
379 33
380 117
381 79
382 79
383 98
384 104
385 114
386 60
387 41
388 98
389 79
390 96
391 30
392 145
393 106
394 141
395 135
396 28
397 84
398 37
399 86
400 26
401 75
402 53
403 61
404 127
405 97
406 24
407 30
408 151
409 59
410 134
411 63
412 134
413 3
414 53
415 21
416 42
417 69
418 97
419 15
420 36
421 9
422 128
423 108
424 4
425 19
426 68
427 80
428 49
429 53
430 116
431 149
432 91
433 107
434 102
435 17
436 115
437 15
438 93
439 18
440 136
441 136
442 97
443 33
444 75
445 141
446 18
447 107
448 149
449 28
450 55
451 142
452 115
453 124
454 54
455 24
456 4
457 49
458 146
459 27
460 47
461 56
462 2
463 93
464 119
465 11
466 130
467 31
468 63
469 36
470 37
471 8
472 52
473 22
474 89
475 45
476 73
477 24
478 22
479 62
480 62
481 18
482 134
483 60
484 43
485 11
486 37
487 84
488 146
489 56
490 74
491 128
492 102
493 44
494 111
495 12
496 102
497 48
498 86
499 98
500 83
501 79
502 71
503 101
504 68
505 116
506 125
507 118
508 148
509 56
510 47
511 141
512 65
513 148
514 18
515 16
516 18
517 73
518 143
519 12
520 31
521 4
522 27
523 82
524 35
525 87
526 59
527 40
528 122
529 8
530 72
531 108
532 122
533 30
534 131
535 39
536 91
537 144
538 13
539 99
540 77
541 34
542 76
543 5
544 45
545 71
546 135
547 14
548 94
549 64
550 17
551 117
552 39
553 11
554 96
555 25
556 42
557 24
558 21
559 107
560 12
561 133
562 109
563 40
564 3
565 89
566 10
567 22
568 125
569 106
570 14
571 20
572 73
573 2
574 127
575 112
576 119
577 31
578 40
579 115
580 95
581 7
582 105
583 63
584 88
585 49
586 120
587 39
588 137
589 48
590 11
591 52
592 42
593 89
594 119
595 91
596 118
597 136
598 136
599 109
600 82
601 121
602 43
603 81
604 140
605 82
606 46
607 26
608 78
609 75
610 6
611 70
612 96
613 8
614 29
615 15
616 90
617 60
618 13
619 51
620 19
621 81
622 96
623 43
624 90
625 43
626 45
627 80
628 124
629 29
630 76
631 69
632 2
633 71
634 51
635 87
636 29
637 135
638 29
639 109
640 60
641 28
642 20
643 148
644 138
645 49
646 58
647 6
648 64
649 94
650 99
651 69
652 142
653 105
654 72
655 129
656 37
657 66
658 67
659 102
660 45
661 69
662 109
663 15
664 44
665 58
666 23
667 128
668 57
669 148
670 38
671 42
672 99
673 111
674 75
675 69
676 122
677 10
678 50
679 139
680 93
681 41
682 128
683 116
684 100
685 88
686 88
687 24
688 95
689 126
690 82
691 25
692 97
693 145
694 140
695 104
696 81
697 85
698 3
699 126
700 136
701 45
702 5
703 70
704 95
705 73
706 30
707 64
708 123
709 133
710 41
711 34
712 63
713 99
714 23
715 109
716 77
717 8
718 90
719 62
720 54
721 1
722 150
723 68
724 94
725 25
726 29
727 54
728 140
729 27
730 47
731 47
732 38
733 24
734 16
735 106
736 8
737 103
738 135
739 7
740 37
741 14
742 46
743 49
744 123
745 5
746 1
747 58
748 61
749 13
750 56
751 34
752 87
753 66
754 48
755 25
756 70
757 100
758 115
759 100
760 56
761 46
762 85
763 68
764 92
765 151
766 91
767 132
768 77
769 10
770 112
771 66
772 26
773 15
774 13
775 35
776 65
777 59
778 72
779 83
780 41
781 28
782 4
783 145
784 111
785 40
786 83
787 123
788 114
789 4
790 112
791 14
792 21
793 121
794 92
795 126
796 116
797 132
798 147
799 30
800 134
801 122
802 54
803 44
804 83
805 48
806 20
807 66
808 55
809 23
810 66
811 11
812 110
813 113
814 89
815 65
816 59
817 131
818 113
819 57
820 81
821 120
822 1
823 90
824 131
825 90
826 2
827 122
828 125
829 69
830 66
831 111
832 100
833 126
834 29
835 45
836 49
837 100
838 50
839 54
840 36
841 92
842 125
843 33
844 13
845 16
846 113
847 98
848 32
849 94
850 19
851 71
852 33
853 51
854 1
855 107
856 74
857 77
858 30
859 32
860 85
861 118
862 27
863 20
864 13
865 87
866 124
867 11
868 12
869 1
870 57
871 35
872 133
873 98
874 106
875 22
876 64
877 44
878 99
879 10
880 35
881 150
882 74
883 87
884 112
885 51
886 91
887 93
888 40
889 9
890 39
891 75
892 90
893 132
894 119
895 69
896 33
897 78
898 147
899 67
900 23
901 124
902 111
903 5
904 65
905 100
906 25
907 99
908 129
909 1
910 129
911 17
912 12
913 91
914 2
915 33
916 55
917 53
918 41
919 115
920 86
921 76
922 52
923 63
924 49
925 25
926 107
927 94
928 31
929 74
930 61
931 74
932 120
933 146
934 26
935 108
936 17
937 101
938 19
939 84
940 122
941 14
942 3
943 96
944 58
945 132
946 2
947 152
948 32
949 34
950 55
951 78
952 104
953 49
954 123
955 56
956 57
957 78
958 92
959 68
960 21
961 59
962 64
963 14
964 35
965 121
966 137
967 7
968 80
969 127
970 14
971 27
972 10
973 62
974 46
975 85
976 23
977 16
978 8
979 23
980 32
981 25
982 118
983 42
984 89
985 31
986 28
987 70
988 10
989 137
990 72
991 144
992 104
993 111
994 80
995 138
996 103
997 91
998 36
999 7
