600 192 161730 0.9 563 518
0 138
1 88
2 71
3 30
4 185
5 150
6 97
7 100
8 90
9 94
10 159
11 81
12 24
13 172
14 116
15 39
16 24
17 155
18 181
19 70
20 98
21 145
22 57
23 54
24 120
25 159
26 20
27 102
28 23
29 44
30 65
31 169
32 168
33 39
34 79
35 108
36 84
37 38
38 148
39 145
40 109
41 57
42 75
43 32
44 161
45 48
46 167
47 59
48 50
49 115
50 83
51 176
52 184
53 114
54 181
55 41
56 144
57 31
58 99
59 149
60 25
61 37
62 151
63 150
64 70
65 114
66 14
67 146
68 105
69 107
70 110
71 45
72 157
73 82
74 28
75 147
76 33
77 117
78 156
79 186
80 146
81 5
82 93
83 26
84 64
85 13
86 85
87 50
88 2
89 86
90 165
91 163
92 103
93 164
94 95
95 104
96 61
97 141
98 78
99 33
100 68
101 111
102 60
103 118
104 129
105 179
106 188
107 116
108 64
109 107
110 76
111 70
112 117
113 84
114 97
115 135
116 62
117 50
118 36
119 37
120 119
121 19
122 22
123 104
124 105
125 41
126 53
127 31
128 90
129 162
130 35
131 98
132 135
133 59
134 129
135 183
136 53
137 71
138 136
139 179
140 35
141 87
142 76
143 102
144 73
145 183
146 68
147 48
148 141
149 82
150 13
151 33
152 170
153 38
154 96
155 177
156 139
157 77
158 116
159 49
160 170
161 67
162 87
163 183
164 167
165 121
166 108
167 7
168 128
169 20
170 70
171 70
172 6
173 171
174 11
175 34
176 14
177 74
178 68
179 131
180 148
181 154
182 56
183 154
184 86
185 85
186 25
187 89
188 58
189 127
190 101
191 91
192 124
193 100
194 28
195 56
196 98
197 2
198 56
199 49
200 86
201 61
202 130
203 191
204 46
205 142
206 113
207 16
208 113
209 55
210 8
211 75
212 156
213 85
214 150
215 5
216 130
217 180
218 154
219 3
220 101
221 97
222 159
223 6
224 37
225 58
226 130
227 92
228 83
229 148
230 63
231 2
232 93
233 109
234 146
235 105
236 10
237 106
238 54
239 9
240 95
241 163
242 140
243 31
244 189
245 73
246 192
247 122
248 170
249 29
250 98
251 139
252 4
253 169
254 128
255 129
256 25
257 22
258 43
259 69
260 165
261 128
262 15
263 188
264 190
265 108
266 22
267 40
268 32
269 60
270 166
271 3
272 123
273 142
274 55
275 139
276 166
277 51
278 52
279 160
280 67
281 143
282 172
283 45
284 174
285 127
286 158
287 175
288 112
289 105
290 164
291 143
292 134
293 91
294 132
295 141
296 26
297 41
298 164
299 74
300 168
301 18
302 178
303 134
304 174
305 162
306 74
307 125
308 64
309 34
310 85
311 67
312 12
313 88
314 45
315 187
316 177
317 121
318 108
319 107
320 157
321 11
322 19
323 69
324 158
325 74
326 60
327 112
328 75
329 117
330 137
331 176
332 16
333 38
334 77
335 21
336 115
337 134
338 145
339 9
340 83
341 30
342 104
343 9
344 29
345 167
346 1
347 72
348 136
349 111
350 42
351 19
352 138
353 154
354 137
355 3
356 4
357 84
358 96
359 28
360 2
361 103
362 39
363 138
364 10
365 94
366 11
367 27
368 95
369 12
370 149
371 161
372 47
373 140
374 133
375 113
376 17
377 1
378 171
379 26
380 42
381 144
382 132
383 106
384 18
385 139
386 6
387 113
388 5
389 57
390 18
391 75
392 92
393 45
394 134
395 92
396 41
397 163
398 131
399 7
400 124
401 65
402 133
403 42
404 54
405 44
406 35
407 140
408 80
409 73
410 152
411 106
412 72
413 55
414 16
415 152
416 29
417 133
418 93
419 47
420 153
421 119
422 17
423 34
424 67
425 126
426 27
427 88
428 76
429 132
430 90
431 89
432 23
433 24
434 44
435 110
436 79
437 92
438 86
439 126
440 182
441 80
442 40
443 125
444 66
445 79
446 15
447 179
448 81
449 176
450 140
451 118
452 23
453 62
454 182
455 59
456 99
457 21
458 48
459 149
460 43
461 88
462 153
463 52
464 103
465 135
466 155
467 147
468 36
469 62
470 43
471 81
472 123
473 120
474 36
475 175
476 77
477 61
478 81
479 93
480 157
481 178
482 127
483 106
484 63
485 66
486 69
487 12
488 99
489 126
490 118
491 91
492 78
493 160
494 114
495 171
496 49
497 8
498 76
499 27
500 123
501 40
502 161
503 49
504 64
505 51
506 7
507 13
508 71
509 97
510 80
511 26
512 114
513 66
514 110
515 109
516 32
517 100
518 151
519 186
520 65
521 30
522 63
523 147
524 128
525 87
526 155
527 151
528 165
529 101
530 87
531 172
532 169
533 4
534 28
535 91
536 15
537 66
538 94
539 21
540 162
541 84
542 180
543 80
544 173
545 29
546 72
547 119
548 177
549 122
550 112
551 111
552 181
553 123
554 143
555 55
556 8
557 31
558 184
559 122
560 68
561 82
562 77
563 185
564 115
565 137
566 59
567 46
568 96
569 78
570 156
571 94
572 136
573 53
574 174
575 17
576 14
577 89
578 1
579 173
580 152
581 20
582 24
583 51
584 10
585 37
586 33
587 47
588 102
589 125
590 52
591 124
592 58
593 120
594 153
595 15
596 173
597 46
598 12
599 146
