600 5 143440 0,8 493 451
0 4
1 1
2 5
3 3
4 2
5 1
6 2
7 2
8 2
9 2
10 1
11 2
12 1
13 4
14 2
15 5
16 5
17 1
18 5
19 5
20 3
21 3
22 4
23 4
24 5
25 3
26 5
27 4
28 2
29 2
30 4
31 4
32 2
33 5
34 4
35 5
36 1
37 3
38 4
39 4
40 4
41 1
42 4
43 3
44 2
45 5
46 1
47 5
48 5
49 5
50 1
51 4
52 5
53 3
54 1
55 5
56 4
57 2
58 4
59 1
60 3
61 4
62 5
63 2
64 1
65 2
66 4
67 1
68 4
69 2
70 3
71 3
72 1
73 2
74 5
75 4
76 2
77 5
78 1
79 2
80 1
81 4
82 5
83 1
84 2
85 5
86 3
87 4
88 2
89 4
90 1
91 1
92 5
93 5
94 4
95 3
96 4
97 3
98 5
99 1
100 5
101 3
102 4
103 2
104 1
105 2
106 3
107 1
108 5
109 2
110 5
111 1
112 1
113 4
114 3
115 1
116 5
117 1
118 3
119 2
120 4
121 1
122 3
123 4
124 3
125 4
126 2
127 4
128 3
129 5
130 5
131 1
132 5
133 4
134 4
135 4
136 5
137 5
138 5
139 1
140 1
141 3
142 1
143 3
144 2
145 3
146 2
147 5
148 5
149 2
150 2
151 2
152 1
153 2
154 4
155 4
156 2
157 4
158 2
159 3
160 3
161 3
162 3
163 2
164 5
165 5
166 2
167 5
168 1
169 5
170 1
171 5
172 5
173 4
174 5
175 2
176 1
177 1
178 4
179 2
180 3
181 2
182 3
183 2
184 3
185 5
186 3
187 1
188 4
189 3
190 3
191 5
192 3
193 4
194 5
195 1
196 5
197 4
198 3
199 2
200 1
201 3
202 5
203 3
204 5
205 2
206 1
207 2
208 5
209 3
210 4
211 3
212 2
213 2
214 5
215 1
216 3
217 5
218 2
219 5
220 5
221 4
222 2
223 4
224 4
225 4
226 4
227 5
228 1
229 1
230 2
231 4
232 5
233 1
234 5
235 4
236 3
237 1
238 4
239 3
240 5
241 5
242 3
243 4
244 1
245 4
246 2
247 4
248 2
249 2
250 3
251 2
252 3
253 2
254 1
255 5
256 1
257 5
258 3
259 1
260 2
261 5
262 2
263 3
264 1
265 4
266 5
267 2
268 1
269 5
270 1
271 1
272 1
273 1
274 5
275 1
276 1
277 5
278 4
279 4
280 5
281 3
282 5
283 5
284 1
285 4
286 1
287 3
288 3
289 1
290 5
291 5
292 4
293 5
294 3
295 3
296 5
297 2
298 1
299 2
300 4
301 2
302 2
303 2
304 5
305 3
306 2
307 3
308 4
309 5
310 5
311 5
312 4
313 5
314 3
315 3
316 3
317 5
318 4
319 5
320 1
321 3
322 1
323 4
324 5
325 1
326 3
327 2
328 4
329 2
330 4
331 3
332 2
333 3
334 4
335 3
336 3
337 2
338 3
339 3
340 4
341 3
342 2
343 1
344 3
345 1
346 5
347 5
348 1
349 4
350 1
351 2
352 3
353 1
354 1
355 4
356 3
357 3
358 3
359 3
360 5
361 3
362 3
363 1
364 4
365 2
366 5
367 3
368 5
369 2
370 2
371 1
372 4
373 2
374 3
375 1
376 2
377 5
378 4
379 2
380 4
381 1
382 2
383 5
384 3
385 1
386 5
387 4
388 5
389 3
390 2
391 4
392 5
393 1
394 4
395 1
396 3
397 2
398 4
399 3
400 5
401 2
402 2
403 2
404 3
405 3
406 1
407 1
408 5
409 2
410 5
411 5
412 5
413 5
414 2
415 5
416 3
417 3
418 3
419 4
420 5
421 2
422 4
423 4
424 4
425 4
426 5
427 4
428 4
429 5
430 2
431 2
432 5
433 3
434 5
435 5
436 5
437 1
438 3
439 5
440 4
441 1
442 2
443 1
444 4
445 4
446 3
447 4
448 1
449 5
450 3
451 4
452 2
453 3
454 1
455 2
456 5
457 5
458 2
459 2
460 4
461 3
462 5
463 5
464 5
465 4
466 4
467 5
468 4
469 5
470 4
471 4
472 3
473 4
474 5
475 4
476 4
477 1
478 2
479 1
480 2
481 4
482 5
483 3
484 5
485 4
486 3
487 4
488 1
489 5
490 2
491 4
492 4
493 2
494 1
495 3
496 3
497 5
498 4
499 5
500 5
501 1
502 4
503 5
504 4
505 5
506 4
507 3
508 2
509 5
510 5
511 4
512 3
513 3
514 2
515 1
516 5
517 5
518 3
519 5
520 3
521 1
522 2
523 2
524 4
525 5
526 2
527 1
528 1
529 3
530 2
531 3
532 2
533 5
534 3
535 5
536 2
537 2
538 5
539 5
540 1
541 5
542 3
543 5
544 5
545 1
546 3
547 5
548 3
549 5
550 1
551 1
552 4
553 2
554 4
555 1
556 2
557 4
558 5
559 4
560 4
561 2
562 5
563 2
564 1
565 5
566 2
567 1
568 5
569 4
570 3
571 3
572 2
573 1
574 1
575 5
576 2
577 2
578 5
579 3
580 5
581 5
582 4
583 1
584 1
585 5
586 1
587 1
588 5
589 4
590 1
591 2
592 5
593 3
594 3
595 4
596 5
597 3
598 3
599 3
