600 99 108070 0,6 402 314
0 79
1 7
2 31
3 32
4 29
5 14
6 18
7 48
8 15
9 63
10 80
11 59
12 63
13 84
14 32
15 67
16 42
17 91
18 21
19 29
20 50
21 77
22 35
23 56
24 48
25 33
26 74
27 7
28 91
29 56
30 81
31 46
32 66
33 44
34 51
35 91
36 40
37 9
38 46
39 57
40 47
41 56
42 20
43 39
44 9
45 22
46 73
47 55
48 39
49 6
50 10
51 57
52 13
53 50
54 96
55 94
56 61
57 41
58 71
59 10
60 42
61 28
62 86
63 55
64 89
65 90
66 71
67 85
68 21
69 5
70 26
71 95
72 79
73 68
74 58
75 10
76 2
77 70
78 75
79 3
80 60
81 10
82 33
83 63
84 87
85 37
86 34
87 65
88 53
89 35
90 5
91 74
92 92
93 24
94 1
95 31
96 83
97 73
98 3
99 10
100 13
101 54
102 3
103 91
104 38
105 49
106 36
107 63
108 82
109 23
110 80
111 51
112 78
113 73
114 21
115 14
116 47
117 51
118 26
119 78
120 54
121 17
122 94
123 80
124 18
125 30
126 7
127 43
128 43
129 11
130 71
131 78
132 6
133 14
134 37
135 34
136 46
137 17
138 46
139 3
140 46
141 25
142 13
143 81
144 13
145 8
146 53
147 88
148 36
149 2
150 15
151 34
152 4
153 69
154 93
155 42
156 59
157 20
158 26
159 34
160 4
161 54
162 35
163 67
164 61
165 3
166 59
167 27
168 89
169 79
170 18
171 22
172 56
173 83
174 29
175 64
176 71
177 64
178 65
179 40
180 12
181 98
182 29
183 94
184 82
185 60
186 63
187 50
188 43
189 38
190 57
191 3
192 76
193 17
194 68
195 35
196 1
197 86
198 51
199 37
200 31
201 5
202 62
203 83
204 30
205 1
206 38
207 40
208 36
209 49
210 24
211 8
212 66
213 42
214 57
215 59
216 88
217 10
218 37
219 15
220 26
221 92
222 82
223 58
224 67
225 30
226 90
227 32
228 33
229 23
230 2
231 44
232 69
233 91
234 61
235 98
236 73
237 21
238 62
239 73
240 21
241 68
242 6
243 24
244 72
245 27
246 31
247 27
248 43
249 39
250 15
251 35
252 7
253 59
254 11
255 16
256 77
257 61
258 40
259 25
260 26
261 50
262 4
263 51
264 64
265 48
266 51
267 9
268 97
269 65
270 30
271 79
272 1
273 28
274 87
275 67
276 49
277 33
278 48
279 45
280 54
281 84
282 77
283 53
284 45
285 51
286 8
287 6
288 15
289 20
290 84
291 6
292 88
293 28
294 77
295 64
296 7
297 52
298 12
299 41
300 81
301 52
302 46
303 60
304 27
305 44
306 66
307 15
308 56
309 6
310 64
311 11
312 40
313 43
314 85
315 29
316 34
317 38
318 25
319 66
320 17
321 75
322 77
323 31
324 41
325 82
326 45
327 77
328 9
329 16
330 16
331 28
332 52
333 99
334 29
335 93
336 19
337 68
338 40
339 49
340 28
341 85
342 8
343 18
344 10
345 24
346 24
347 6
348 16
349 51
350 25
351 68
352 18
353 31
354 53
355 70
356 73
357 29
358 65
359 86
360 55
361 48
362 16
363 52
364 1
365 1
366 42
367 75
368 69
369 32
370 4
371 99
372 49
373 20
374 85
375 44
376 13
377 4
378 52
379 18
380 20
381 30
382 8
383 88
384 86
385 68
386 67
387 80
388 95
389 95
390 78
391 20
392 32
393 19
394 60
395 35
396 18
397 36
398 35
399 23
400 26
401 30
402 68
403 75
404 22
405 39
406 26
407 70
408 72
409 32
410 22
411 31
412 20
413 41
414 58
415 30
416 33
417 13
418 32
419 90
420 81
421 12
422 89
423 21
424 93
425 50
426 43
427 58
428 35
429 61
430 45
431 9
432 64
433 16
434 5
435 23
436 82
437 8
438 76
439 45
440 28
441 72
442 22
443 69
444 46
445 27
446 90
447 14
448 93
449 83
450 34
451 2
452 9
453 4
454 92
455 38
456 16
457 33
458 47
459 23
460 19
461 6
462 84
463 72
464 77
465 12
466 70
467 17
468 41
469 71
470 72
471 58
472 5
473 93
474 5
475 45
476 85
477 44
478 19
479 53
480 23
481 97
482 48
483 57
484 62
485 76
486 54
487 37
488 53
489 52
490 36
491 79
492 57
493 26
494 62
495 47
496 47
497 44
498 14
499 37
500 1
501 94
502 61
503 56
504 17
505 27
506 58
507 15
508 74
509 14
510 20
511 25
512 55
513 60
514 19
515 16
516 12
517 33
518 65
519 48
520 9
521 30
522 28
523 89
524 96
525 19
526 29
527 3
528 78
529 22
530 55
531 21
532 89
533 7
534 71
535 76
536 87
537 59
538 12
539 25
540 32
541 86
542 81
543 18
544 21
545 74
546 47
547 49
548 70
549 24
550 57
551 65
552 8
553 84
554 2
555 79
556 62
557 75
558 39
559 23
560 28
561 40
562 67
563 12
564 13
565 44
566 17
567 75
568 94
569 7
570 2
571 38
572 76
573 22
574 74
575 66
576 41
577 62
578 49
579 80
580 58
581 7
582 34
583 11
584 54
585 87
586 43
587 48
588 11
589 42
590 33
591 54
592 86
593 55
594 11
595 72
596 1
597 41
598 13
599 50
