300 32 15698 0.35 129 80
0 6
1 29
2 12
3 14
4 20
5 4
6 7
7 9
8 19
9 27
10 3
11 16
12 19
13 3
14 24
15 15
16 6
17 1
18 2
19 9
20 16
21 9
22 2
23 11
24 2
25 27
26 31
27 5
28 11
29 13
30 18
31 1
32 25
33 9
34 30
35 6
36 8
37 1
38 6
39 29
40 1
41 19
42 23
43 15
44 22
45 17
46 16
47 23
48 4
49 21
50 4
51 5
52 11
53 17
54 23
55 17
56 10
57 27
58 5
59 5
60 8
61 13
62 2
63 18
64 5
65 28
66 14
67 8
68 8
69 6
70 6
71 12
72 25
73 28
74 13
75 17
76 22
77 13
78 11
79 26
80 7
81 12
82 19
83 24
84 21
85 16
86 4
87 9
88 15
89 7
90 19
91 22
92 13
93 5
94 14
95 11
96 13
97 10
98 8
99 3
100 15
101 1
102 8
103 18
104 13
105 9
106 23
107 21
108 10
109 21
110 16
111 29
112 13
113 28
114 20
115 7
116 14
117 7
118 10
119 11
120 28
121 6
122 2
123 18
124 31
125 29
126 7
127 13
128 9
129 5
130 16
131 5
132 28
133 26
134 24
135 10
136 20
137 17
138 18
139 24
140 8
141 11
142 16
143 17
144 11
145 23
146 12
147 20
148 26
149 25
150 9
151 6
152 5
153 3
154 9
155 4
156 15
157 21
158 21
159 30
160 13
161 21
162 14
163 5
164 29
165 14
166 22
167 19
168 4
169 14
170 11
171 1
172 21
173 30
174 1
175 10
176 16
177 12
178 22
179 7
180 15
181 3
182 20
183 11
184 18
185 28
186 16
187 24
188 19
189 28
190 19
191 20
192 7
193 20
194 2
195 10
196 21
197 17
198 13
199 4
200 11
201 25
202 14
203 3
204 19
205 22
206 22
207 32
208 29
209 22
210 16
211 27
212 9
213 23
214 7
215 25
216 3
217 17
218 26
219 12
220 20
221 6
222 8
223 10
224 17
225 7
226 3
227 2
228 8
229 12
230 26
231 12
232 15
233 29
234 23
235 18
236 12
237 25
238 24
239 31
240 22
241 2
242 27
243 9
244 25
245 17
246 26
247 21
248 4
249 17
250 15
251 7
252 15
253 2
254 1
255 15
256 25
257 21
258 16
259 13
260 24
261 8
262 18
263 13
264 14
265 3
266 20
267 3
268 18
269 15
270 4
271 3
272 8
273 19
274 1
275 23
276 12
277 18
278 1
279 14
280 4
281 10
282 15
283 29
284 14
285 21
286 26
287 6
288 11
289 3
290 3
291 26
292 10
293 20
294 23
295 30
296 22
297 5
298 24
299 24
