300 5 35794 0.8 257 232
0 4
1 5
2 3
3 1
4 2
5 2
6 4
7 5
8 5
9 1
10 2
11 5
12 3
13 4
14 4
15 3
16 1
17 3
18 3
19 3
20 4
21 3
22 2
23 1
24 4
25 5
26 2
27 1
28 3
29 3
30 2
31 3
32 5
33 4
34 5
35 3
36 3
37 4
38 1
39 2
40 3
41 3
42 4
43 4
44 4
45 4
46 5
47 5
48 2
49 4
50 1
51 4
52 2
53 4
54 5
55 5
56 1
57 5
58 4
59 2
60 2
61 1
62 5
63 3
64 1
65 4
66 5
67 3
68 1
69 5
70 2
71 1
72 5
73 2
74 5
75 3
76 5
77 5
78 2
79 3
80 5
81 5
82 4
83 3
84 5
85 1
86 2
87 3
88 1
89 2
90 3
91 4
92 5
93 5
94 1
95 5
96 3
97 3
98 4
99 4
100 5
101 5
102 1
103 4
104 5
105 3
106 4
107 3
108 4
109 4
110 2
111 2
112 5
113 5
114 5
115 5
116 5
117 5
118 1
119 4
120 4
121 3
122 1
123 1
124 4
125 4
126 1
127 4
128 1
129 1
130 4
131 5
132 1
133 1
134 5
135 4
136 3
137 2
138 4
139 3
140 5
141 5
142 2
143 3
144 4
145 4
146 3
147 5
148 3
149 3
150 1
151 4
152 1
153 2
154 4
155 4
156 2
157 4
158 5
159 2
160 1
161 3
162 5
163 1
164 2
165 2
166 2
167 2
168 1
169 2
170 4
171 2
172 3
173 3
174 3
175 3
176 2
177 3
178 2
179 3
180 2
181 5
182 3
183 1
184 4
185 5
186 3
187 3
188 3
189 3
190 4
191 4
192 1
193 2
194 4
195 5
196 2
197 2
198 4
199 4
200 2
201 4
202 5
203 3
204 3
205 1
206 2
207 4
208 2
209 2
210 5
211 4
212 5
213 1
214 5
215 1
216 1
217 2
218 5
219 5
220 3
221 4
222 5
223 2
224 4
225 3
226 5
227 4
228 5
229 2
230 2
231 4
232 1
233 2
234 1
235 2
236 3
237 5
238 4
239 1
240 1
241 3
242 5
243 2
244 2
245 2
246 5
247 4
248 5
249 2
250 2
251 4
252 1
253 5
254 3
255 3
256 5
257 3
258 2
259 4
260 3
261 3
262 3
263 3
264 4
265 5
266 5
267 4
268 3
269 1
270 4
271 3
272 5
273 2
274 2
275 5
276 2
277 4
278 4
279 4
280 2
281 1
282 2
283 4
284 5
285 3
286 4
287 4
288 3
289 5
290 3
291 5
292 2
293 3
294 2
295 4
296 2
297 5
298 1
299 5
