600 62 62895 0,35 254 182
0 23
1 28
2 38
3 18
4 22
5 31
6 1
7 31
8 42
9 42
10 30
11 48
12 9
13 28
14 18
15 5
16 3
17 40
18 14
19 8
20 45
21 26
22 23
23 23
24 20
25 29
26 15
27 7
28 40
29 3
30 11
31 19
32 26
33 43
34 45
35 35
36 1
37 6
38 50
39 31
40 18
41 36
42 32
43 15
44 13
45 46
46 35
47 59
48 8
49 31
50 39
51 55
52 10
53 15
54 44
55 8
56 49
57 12
58 10
59 45
60 10
61 16
62 48
63 7
64 15
65 9
66 28
67 26
68 41
69 28
70 4
71 44
72 31
73 17
74 33
75 39
76 14
77 23
78 33
79 16
80 7
81 45
82 12
83 19
84 6
85 9
86 39
87 22
88 51
89 31
90 45
91 22
92 36
93 2
94 8
95 6
96 4
97 23
98 4
99 5
100 5
101 46
102 34
103 3
104 20
105 8
106 34
107 19
108 25
109 47
110 24
111 4
112 20
113 32
114 38
115 52
116 22
117 60
118 20
119 24
120 52
121 17
122 55
123 29
124 57
125 11
126 30
127 56
128 58
129 14
130 21
131 9
132 39
133 45
134 25
135 15
136 3
137 38
138 54
139 1
140 14
141 20
142 25
143 39
144 43
145 32
146 37
147 43
148 7
149 43
150 16
151 17
152 27
153 18
154 44
155 19
156 62
157 43
158 26
159 58
160 13
161 2
162 21
163 51
164 34
165 10
166 14
167 5
168 30
169 33
170 33
171 3
172 10
173 16
174 32
175 9
176 44
177 18
178 33
179 10
180 8
181 10
182 2
183 15
184 14
185 20
186 35
187 32
188 53
189 30
190 4
191 13
192 4
193 30
194 21
195 1
196 27
197 36
198 13
199 3
200 19
201 39
202 6
203 18
204 25
205 51
206 5
207 4
208 29
209 15
210 56
211 1
212 40
213 6
214 41
215 6
216 21
217 51
218 37
219 3
220 24
221 24
222 23
223 37
224 11
225 48
226 6
227 6
228 4
229 17
230 3
231 37
232 28
233 31
234 42
235 8
236 37
237 32
238 12
239 54
240 1
241 29
242 36
243 30
244 14
245 10
246 11
247 7
248 40
249 59
250 11
251 12
252 1
253 45
254 5
255 34
256 15
257 6
258 6
259 18
260 1
261 22
262 36
263 25
264 42
265 5
266 18
267 6
268 9
269 41
270 9
271 1
272 24
273 21
274 31
275 46
276 1
277 27
278 3
279 48
280 16
281 13
282 55
283 41
284 6
285 13
286 14
287 42
288 24
289 25
290 41
291 53
292 49
293 50
294 33
295 11
296 36
297 15
298 49
299 10
300 14
301 8
302 12
303 30
304 7
305 38
306 26
307 17
308 52
309 19
310 15
311 3
312 20
313 23
314 17
315 38
316 5
317 26
318 9
319 17
320 2
321 12
322 7
323 48
324 11
325 55
326 4
327 17
328 34
329 48
330 22
331 29
332 25
333 14
334 27
335 58
336 23
337 4
338 37
339 2
340 18
341 27
342 36
343 29
344 18
345 43
346 13
347 40
348 47
349 24
350 54
351 28
352 5
353 53
354 54
355 21
356 29
357 59
358 44
359 38
360 47
361 24
362 19
363 37
364 19
365 28
366 56
367 17
368 5
369 38
370 8
371 7
372 7
373 26
374 27
375 55
376 54
377 1
378 34
379 4
380 1
381 39
382 11
383 26
384 13
385 42
386 2
387 15
388 33
389 44
390 43
391 27
392 52
393 2
394 49
395 47
396 21
397 6
398 35
399 11
400 9
401 25
402 4
403 8
404 22
405 47
406 36
407 30
408 46
409 50
410 5
411 22
412 49
413 33
414 8
415 34
416 42
417 3
418 23
419 45
420 10
421 7
422 16
423 2
424 35
425 11
426 2
427 34
428 52
429 11
430 8
431 12
432 29
433 10
434 39
435 51
436 44
437 26
438 23
439 13
440 2
441 53
442 27
443 29
444 6
445 39
446 32
447 2
448 16
449 15
450 40
451 50
452 9
453 20
454 12
455 4
456 44
457 19
458 7
459 37
460 14
461 23
462 20
463 34
464 49
465 3
466 35
467 36
468 2
469 16
470 19
471 16
472 37
473 7
474 51
475 30
476 5
477 2
478 20
479 10
480 25
481 38
482 16
483 18
484 11
485 56
486 36
487 54
488 40
489 47
490 38
491 52
492 53
493 26
494 58
495 49
496 50
497 17
498 61
499 27
500 30
501 19
502 31
503 46
504 9
505 1
506 41
507 22
508 21
509 29
510 32
511 12
512 24
513 19
514 13
515 33
516 39
517 24
518 13
519 2
520 28
521 48
522 4
523 28
524 20
525 18
526 41
527 22
528 40
529 25
530 6
531 15
532 36
533 38
534 23
535 14
536 28
537 12
538 16
539 52
540 10
541 1
542 42
543 7
544 18
545 54
546 17
547 35
548 19
549 27
550 5
551 25
552 48
553 8
554 9
555 54
556 46
557 10
558 21
559 23
560 45
561 13
562 12
563 14
564 24
565 29
566 3
567 26
568 5
569 16
570 32
571 47
572 42
573 11
574 41
575 31
576 8
577 21
578 55
579 47
580 52
581 8
582 35
583 24
584 32
585 33
586 3
587 21
588 5
589 37
590 4
591 2
592 57
593 47
594 49
595 13
596 20
597 26
598 12
599 50
