100 24 3007 0,61 71 47
0 12
1 4
2 7
3 1
4 14
5 5
6 3
7 18
8 2
9 3
10 19
11 14
12 6
13 11
14 7
15 11
16 2
17 2
18 17
19 17
20 14
21 20
22 21
23 20
24 16
25 7
26 19
27 9
28 22
29 1
30 2
31 15
32 5
33 22
34 21
35 16
36 1
37 9
38 9
39 10
40 18
41 4
42 10
43 17
44 8
45 4
46 19
47 11
48 1
49 19
50 14
51 10
52 24
53 14
54 15
55 5
56 8
57 13
58 7
59 11
60 8
61 24
62 20
63 20
64 1
65 6
66 13
67 3
68 23
69 6
70 3
71 3
72 9
73 13
74 19
75 5
76 11
77 8
78 23
79 4
80 16
81 10
82 9
83 6
84 17
85 17
86 16
87 7
88 15
89 18
90 4
91 21
92 5
93 15
94 15
95 12
96 13
97 13
98 13
99 8
