100 5 3981 0.8 83 76
0 2
1 1
2 4
3 3
4 5
5 5
6 3
7 2
8 1
9 2
10 3
11 1
12 1
13 5
14 4
15 1
16 1
17 2
18 5
19 3
20 5
21 4
22 1
23 3
24 3
25 5
26 1
27 2
28 2
29 2
30 2
31 5
32 1
33 3
34 2
35 1
36 2
37 4
38 2
39 1
40 1
41 2
42 3
43 2
44 5
45 3
46 4
47 3
48 3
49 4
50 4
51 1
52 2
53 4
54 4
55 4
56 1
57 4
58 3
59 2
60 1
61 1
62 3
63 4
64 5
65 3
66 1
67 2
68 3
69 1
70 1
71 1
72 5
73 4
74 1
75 4
76 5
77 2
78 3
79 4
80 5
81 3
82 2
83 2
84 2
85 3
86 3
87 5
88 1
89 1
90 5
91 2
92 2
93 3
94 5
95 4
96 1
97 5
98 5
99 4
