1000 5 399908 0,8 809 790
0 1
1 3
2 2
3 4
4 5
5 1
6 1
7 5
8 4
9 4
10 5
11 1
12 5
13 4
14 2
15 4
16 5
17 2
18 4
19 3
20 5
21 5
22 3
23 4
24 5
25 1
26 2
27 5
28 5
29 3
30 3
31 2
32 1
33 2
34 2
35 3
36 5
37 5
38 5
39 2
40 1
41 3
42 4
43 4
44 4
45 4
46 4
47 3
48 2
49 3
50 3
51 1
52 2
53 1
54 4
55 3
56 4
57 3
58 1
59 1
60 1
61 1
62 5
63 5
64 2
65 3
66 1
67 2
68 3
69 1
70 1
71 5
72 3
73 3
74 4
75 2
76 2
77 3
78 2
79 5
80 1
81 1
82 5
83 2
84 3
85 3
86 2
87 2
88 5
89 2
90 4
91 3
92 3
93 1
94 3
95 1
96 3
97 3
98 3
99 1
100 2
101 1
102 1
103 4
104 4
105 4
106 1
107 4
108 2
109 3
110 3
111 5
112 2
113 2
114 4
115 2
116 5
117 4
118 1
119 1
120 3
121 2
122 4
123 5
124 2
125 3
126 1
127 1
128 5
129 1
130 2
131 3
132 1
133 3
134 3
135 4
136 3
137 4
138 1
139 1
140 2
141 2
142 2
143 5
144 4
145 1
146 1
147 2
148 4
149 5
150 5
151 3
152 5
153 3
154 5
155 4
156 2
157 4
158 5
159 5
160 5
161 2
162 2
163 2
164 3
165 5
166 4
167 3
168 5
169 4
170 1
171 5
172 1
173 4
174 2
175 1
176 2
177 2
178 3
179 2
180 5
181 1
182 2
183 3
184 1
185 4
186 4
187 1
188 5
189 3
190 1
191 5
192 3
193 3
194 4
195 1
196 1
197 3
198 5
199 1
200 4
201 5
202 4
203 5
204 1
205 4
206 3
207 2
208 2
209 3
210 4
211 1
212 3
213 5
214 2
215 4
216 4
217 5
218 4
219 4
220 1
221 5
222 1
223 1
224 2
225 4
226 2
227 4
228 1
229 4
230 4
231 3
232 3
233 4
234 4
235 1
236 4
237 5
238 2
239 5
240 2
241 1
242 3
243 1
244 4
245 1
246 1
247 2
248 2
249 2
250 1
251 3
252 2
253 3
254 5
255 3
256 4
257 4
258 4
259 1
260 1
261 1
262 3
263 4
264 1
265 1
266 4
267 2
268 5
269 5
270 1
271 2
272 2
273 5
274 5
275 2
276 2
277 2
278 4
279 5
280 2
281 2
282 1
283 4
284 2
285 5
286 2
287 2
288 5
289 4
290 4
291 4
292 2
293 2
294 4
295 5
296 1
297 4
298 1
299 5
300 4
301 3
302 4
303 5
304 3
305 2
306 4
307 4
308 1
309 4
310 1
311 5
312 5
313 1
314 2
315 3
316 5
317 4
318 4
319 5
320 5
321 4
322 5
323 5
324 4
325 1
326 1
327 4
328 1
329 1
330 5
331 1
332 3
333 4
334 5
335 5
336 3
337 4
338 4
339 2
340 4
341 3
342 3
343 2
344 5
345 5
346 3
347 3
348 1
349 1
350 4
351 1
352 3
353 3
354 5
355 1
356 2
357 1
358 2
359 1
360 2
361 2
362 5
363 1
364 1
365 1
366 1
367 4
368 1
369 1
370 4
371 3
372 4
373 3
374 2
375 5
376 3
377 1
378 4
379 5
380 3
381 1
382 4
383 4
384 2
385 1
386 4
387 4
388 5
389 3
390 4
391 5
392 3
393 4
394 4
395 1
396 2
397 5
398 5
399 2
400 3
401 2
402 5
403 2
404 4
405 4
406 1
407 3
408 3
409 2
410 4
411 4
412 4
413 2
414 2
415 5
416 2
417 4
418 5
419 4
420 2
421 4
422 3
423 3
424 4
425 5
426 4
427 2
428 3
429 1
430 5
431 1
432 5
433 4
434 4
435 2
436 5
437 4
438 4
439 1
440 4
441 3
442 3
443 5
444 3
445 3
446 2
447 3
448 5
449 1
450 3
451 2
452 3
453 2
454 1
455 4
456 3
457 1
458 4
459 1
460 5
461 4
462 4
463 2
464 1
465 2
466 2
467 5
468 3
469 2
470 2
471 1
472 2
473 3
474 5
475 4
476 3
477 2
478 1
479 2
480 3
481 2
482 5
483 1
484 2
485 5
486 1
487 1
488 2
489 5
490 3
491 3
492 3
493 4
494 2
495 1
496 4
497 1
498 4
499 1
500 3
501 4
502 3
503 2
504 1
505 5
506 2
507 1
508 4
509 2
510 3
511 5
512 3
513 1
514 4
515 4
516 3
517 5
518 2
519 5
520 4
521 1
522 3
523 3
524 4
525 5
526 1
527 4
528 5
529 5
530 3
531 3
532 3
533 1
534 5
535 4
536 1
537 4
538 1
539 2
540 4
541 4
542 1
543 5
544 5
545 5
546 3
547 2
548 3
549 1
550 2
551 3
552 5
553 3
554 5
555 2
556 2
557 5
558 5
559 2
560 2
561 3
562 3
563 5
564 2
565 4
566 1
567 2
568 5
569 2
570 1
571 5
572 2
573 4
574 4
575 3
576 3
577 2
578 2
579 3
580 2
581 4
582 4
583 1
584 3
585 5
586 5
587 4
588 3
589 4
590 1
591 4
592 5
593 2
594 2
595 4
596 3
597 1
598 5
599 2
600 1
601 5
602 5
603 3
604 2
605 2
606 1
607 2
608 4
609 5
610 2
611 1
612 1
613 5
614 5
615 1
616 5
617 2
618 3
619 3
620 5
621 3
622 1
623 2
624 4
625 2
626 4
627 5
628 3
629 3
630 3
631 3
632 4
633 4
634 1
635 3
636 2
637 5
638 2
639 1
640 2
641 5
642 4
643 1
644 4
645 3
646 5
647 2
648 5
649 4
650 5
651 2
652 4
653 2
654 1
655 2
656 1
657 3
658 3
659 1
660 2
661 5
662 5
663 2
664 4
665 1
666 5
667 4
668 3
669 3
670 2
671 2
672 3
673 1
674 4
675 2
676 5
677 1
678 5
679 2
680 1
681 3
682 1
683 2
684 2
685 1
686 3
687 2
688 2
689 3
690 3
691 1
692 1
693 3
694 5
695 4
696 5
697 5
698 1
699 3
700 1
701 2
702 2
703 1
704 1
705 4
706 4
707 4
708 2
709 3
710 3
711 5
712 4
713 1
714 4
715 3
716 1
717 3
718 3
719 5
720 3
721 1
722 2
723 4
724 2
725 1
726 2
727 1
728 4
729 4
730 5
731 5
732 3
733 4
734 5
735 1
736 2
737 3
738 5
739 5
740 4
741 2
742 4
743 5
744 2
745 4
746 3
747 1
748 1
749 2
750 2
751 3
752 5
753 3
754 4
755 4
756 5
757 1
758 1
759 4
760 5
761 3
762 2
763 3
764 3
765 1
766 1
767 3
768 2
769 2
770 5
771 3
772 1
773 2
774 1
775 3
776 2
777 2
778 1
779 3
780 2
781 5
782 3
783 3
784 1
785 5
786 1
787 4
788 5
789 3
790 1
791 3
792 2
793 5
794 1
795 1
796 2
797 2
798 5
799 4
800 3
801 2
802 1
803 5
804 2
805 2
806 5
807 5
808 3
809 3
810 2
811 4
812 4
813 4
814 5
815 2
816 1
817 3
818 2
819 2
820 3
821 1
822 5
823 5
824 1
825 5
826 2
827 3
828 2
829 2
830 1
831 5
832 2
833 3
834 4
835 3
836 5
837 3
838 5
839 1
840 1
841 1
842 5
843 1
844 5
845 1
846 3
847 4
848 2
849 5
850 5
851 1
852 5
853 3
854 4
855 3
856 3
857 4
858 3
859 3
860 4
861 2
862 5
863 4
864 1
865 2
866 3
867 1
868 4
869 5
870 5
871 5
872 5
873 5
874 4
875 1
876 4
877 3
878 4
879 1
880 1
881 4
882 2
883 5
884 2
885 3
886 5
887 5
888 3
889 2
890 1
891 2
892 2
893 3
894 1
895 2
896 1
897 1
898 3
899 3
900 2
901 2
902 1
903 3
904 1
905 5
906 3
907 5
908 1
909 2
910 4
911 5
912 4
913 3
914 5
915 5
916 2
917 2
918 1
919 4
920 5
921 3
922 4
923 3
924 4
925 3
926 1
927 1
928 4
929 1
930 4
931 1
932 2
933 4
934 4
935 3
936 4
937 1
938 1
939 2
940 5
941 3
942 4
943 5
944 5
945 5
946 1
947 2
948 2
949 1
950 2
951 3
952 3
953 3
954 1
955 2
956 1
957 4
958 2
959 4
960 5
961 3
962 3
963 4
964 3
965 1
966 1
967 3
968 4
969 4
970 2
971 4
972 3
973 4
974 4
975 3
976 3
977 3
978 1
979 1
980 1
981 5
982 3
983 1
984 4
985 5
986 1
987 4
988 5
989 4
990 2
991 1
992 5
993 1
994 1
995 1
996 4
997 5
998 2
999 3
