100 14 1733 0.35 47 25
0 1
1 9
2 11
3 8
4 9
5 6
6 3
7 5
8 5
9 2
10 13
11 14
12 1
13 4
14 14
15 13
16 2
17 14
18 6
19 6
20 10
21 6
22 5
23 5
24 11
25 9
26 5
27 5
28 10
29 12
30 4
31 8
32 8
33 3
34 12
35 3
36 1
37 10
38 8
39 10
40 1
41 4
42 8
43 12
44 1
45 6
46 2
47 10
48 7
49 1
50 9
51 9
52 7
53 2
54 13
55 1
56 12
57 11
58 6
59 7
60 4
61 12
62 4
63 5
64 7
65 12
66 7
67 8
68 4
69 9
70 6
71 2
72 11
73 13
74 2
75 10
76 10
77 3
78 2
79 4
80 5
81 11
82 6
83 7
84 3
85 13
86 8
87 2
88 2
89 7
90 8
91 11
92 5
93 8
94 1
95 8
96 3
97 7
98 11
99 13
