1000 5 399908 0,8 809 790
0 5
1 2
2 4
3 3
4 1
5 5
6 5
7 1
8 3
9 3
10 1
11 5
12 1
13 3
14 4
15 3
16 1
17 4
18 3
19 2
20 1
21 1
22 2
23 3
24 1
25 5
26 4
27 1
28 1
29 2
30 2
31 4
32 5
33 4
34 4
35 2
36 1
37 1
38 1
39 4
40 5
41 2
42 3
43 3
44 3
45 3
46 3
47 2
48 4
49 2
50 2
51 5
52 4
53 5
54 3
55 2
56 3
57 2
58 5
59 5
60 5
61 5
62 1
63 1
64 4
65 2
66 5
67 4
68 2
69 5
70 5
71 1
72 2
73 2
74 3
75 4
76 4
77 2
78 4
79 1
80 5
81 5
82 1
83 4
84 2
85 2
86 4
87 4
88 1
89 4
90 3
91 2
92 2
93 5
94 2
95 5
96 2
97 2
98 2
99 5
100 4
101 5
102 5
103 3
104 3
105 3
106 5
107 3
108 4
109 2
110 2
111 1
112 4
113 4
114 3
115 4
116 1
117 3
118 5
119 5
120 2
121 4
122 3
123 1
124 4
125 2
126 5
127 5
128 1
129 5
130 4
131 2
132 5
133 2
134 2
135 3
136 2
137 3
138 5
139 5
140 4
141 4
142 4
143 1
144 3
145 5
146 5
147 4
148 3
149 1
150 1
151 2
152 1
153 2
154 1
155 3
156 4
157 3
158 1
159 1
160 1
161 4
162 4
163 4
164 2
165 1
166 3
167 2
168 1
169 3
170 5
171 1
172 5
173 3
174 4
175 5
176 4
177 4
178 2
179 4
180 1
181 5
182 4
183 2
184 5
185 3
186 3
187 5
188 1
189 2
190 5
191 1
192 2
193 2
194 3
195 5
196 5
197 2
198 1
199 5
200 3
201 1
202 3
203 1
204 5
205 3
206 2
207 4
208 4
209 2
210 3
211 5
212 2
213 1
214 4
215 3
216 3
217 1
218 3
219 3
220 5
221 1
222 5
223 5
224 4
225 3
226 4
227 3
228 5
229 3
230 3
231 2
232 2
233 3
234 3
235 5
236 3
237 1
238 4
239 1
240 4
241 5
242 2
243 5
244 3
245 5
246 5
247 4
248 4
249 4
250 5
251 2
252 4
253 2
254 1
255 2
256 3
257 3
258 3
259 5
260 5
261 5
262 2
263 3
264 5
265 5
266 3
267 4
268 1
269 1
270 5
271 4
272 4
273 1
274 1
275 4
276 4
277 4
278 3
279 1
280 4
281 4
282 5
283 3
284 4
285 1
286 4
287 4
288 1
289 3
290 3
291 3
292 4
293 4
294 3
295 1
296 5
297 3
298 5
299 1
300 3
301 2
302 3
303 1
304 2
305 4
306 3
307 3
308 5
309 3
310 5
311 1
312 1
313 5
314 4
315 2
316 1
317 3
318 3
319 1
320 1
321 3
322 1
323 1
324 3
325 5
326 5
327 3
328 5
329 5
330 1
331 5
332 2
333 3
334 1
335 1
336 2
337 3
338 3
339 4
340 3
341 2
342 2
343 4
344 1
345 1
346 2
347 2
348 5
349 5
350 3
351 5
352 2
353 2
354 1
355 5
356 4
357 5
358 4
359 5
360 4
361 4
362 1
363 5
364 5
365 5
366 5
367 3
368 5
369 5
370 3
371 2
372 3
373 2
374 4
375 1
376 2
377 5
378 3
379 1
380 2
381 5
382 3
383 3
384 4
385 5
386 3
387 3
388 1
389 2
390 3
391 1
392 2
393 3
394 3
395 5
396 4
397 1
398 1
399 4
400 2
401 4
402 1
403 4
404 3
405 3
406 5
407 2
408 2
409 4
410 3
411 3
412 3
413 4
414 4
415 1
416 4
417 3
418 1
419 3
420 4
421 3
422 2
423 2
424 3
425 1
426 3
427 4
428 2
429 5
430 1
431 5
432 1
433 3
434 3
435 4
436 1
437 3
438 3
439 5
440 3
441 2
442 2
443 1
444 2
445 2
446 4
447 2
448 1
449 5
450 2
451 4
452 2
453 4
454 5
455 3
456 2
457 5
458 3
459 5
460 1
461 3
462 3
463 4
464 5
465 4
466 4
467 1
468 2
469 4
470 4
471 5
472 4
473 2
474 1
475 3
476 2
477 4
478 5
479 4
480 2
481 4
482 1
483 5
484 4
485 1
486 5
487 5
488 4
489 1
490 2
491 2
492 2
493 3
494 4
495 5
496 3
497 5
498 3
499 5
500 2
501 3
502 2
503 4
504 5
505 1
506 4
507 5
508 3
509 4
510 2
511 1
512 2
513 5
514 3
515 3
516 2
517 1
518 4
519 1
520 3
521 5
522 2
523 2
524 3
525 1
526 5
527 3
528 1
529 1
530 2
531 2
532 2
533 5
534 1
535 3
536 5
537 3
538 5
539 4
540 3
541 3
542 5
543 1
544 1
545 1
546 2
547 4
548 2
549 5
550 4
551 2
552 1
553 2
554 1
555 4
556 4
557 1
558 1
559 4
560 4
561 2
562 2
563 1
564 4
565 3
566 5
567 4
568 1
569 4
570 5
571 1
572 4
573 3
574 3
575 2
576 2
577 4
578 4
579 2
580 4
581 3
582 3
583 5
584 2
585 1
586 1
587 3
588 2
589 3
590 5
591 3
592 1
593 4
594 4
595 3
596 2
597 5
598 1
599 4
600 5
601 1
602 1
603 2
604 4
605 4
606 5
607 4
608 3
609 1
610 4
611 5
612 5
613 1
614 1
615 5
616 1
617 4
618 2
619 2
620 1
621 2
622 5
623 4
624 3
625 4
626 3
627 1
628 2
629 2
630 2
631 2
632 3
633 3
634 5
635 2
636 4
637 1
638 4
639 5
640 4
641 1
642 3
643 5
644 3
645 2
646 1
647 4
648 1
649 3
650 1
651 4
652 3
653 4
654 5
655 4
656 5
657 2
658 2
659 5
660 4
661 1
662 1
663 4
664 3
665 5
666 1
667 3
668 2
669 2
670 4
671 4
672 2
673 5
674 3
675 4
676 1
677 5
678 1
679 4
680 5
681 2
682 5
683 4
684 4
685 5
686 2
687 4
688 4
689 2
690 2
691 5
692 5
693 2
694 1
695 3
696 1
697 1
698 5
699 2
700 5
701 4
702 4
703 5
704 5
705 3
706 3
707 3
708 4
709 2
710 2
711 1
712 3
713 5
714 3
715 2
716 5
717 2
718 2
719 1
720 2
721 5
722 4
723 3
724 4
725 5
726 4
727 5
728 3
729 3
730 1
731 1
732 2
733 3
734 1
735 5
736 4
737 2
738 1
739 1
740 3
741 4
742 3
743 1
744 4
745 3
746 2
747 5
748 5
749 4
750 4
751 2
752 1
753 2
754 3
755 3
756 1
757 5
758 5
759 3
760 1
761 2
762 4
763 2
764 2
765 5
766 5
767 2
768 4
769 4
770 1
771 2
772 5
773 4
774 5
775 2
776 4
777 4
778 5
779 2
780 4
781 1
782 2
783 2
784 5
785 1
786 5
787 3
788 1
789 2
790 5
791 2
792 4
793 1
794 5
795 5
796 4
797 4
798 1
799 3
800 2
801 4
802 5
803 1
804 4
805 4
806 1
807 1
808 2
809 2
810 4
811 3
812 3
813 3
814 1
815 4
816 5
817 2
818 4
819 4
820 2
821 5
822 1
823 1
824 5
825 1
826 4
827 2
828 4
829 4
830 5
831 1
832 4
833 2
834 3
835 2
836 1
837 2
838 1
839 5
840 5
841 5
842 1
843 5
844 1
845 5
846 2
847 3
848 4
849 1
850 1
851 5
852 1
853 2
854 3
855 2
856 2
857 3
858 2
859 2
860 3
861 4
862 1
863 3
864 5
865 4
866 2
867 5
868 3
869 1
870 1
871 1
872 1
873 1
874 3
875 5
876 3
877 2
878 3
879 5
880 5
881 3
882 4
883 1
884 4
885 2
886 1
887 1
888 2
889 4
890 5
891 4
892 4
893 2
894 5
895 4
896 5
897 5
898 2
899 2
900 4
901 4
902 5
903 2
904 5
905 1
906 2
907 1
908 5
909 4
910 3
911 1
912 3
913 2
914 1
915 1
916 4
917 4
918 5
919 3
920 1
921 2
922 3
923 2
924 3
925 2
926 5
927 5
928 3
929 5
930 3
931 5
932 4
933 3
934 3
935 2
936 3
937 5
938 5
939 4
940 1
941 2
942 3
943 1
944 1
945 1
946 5
947 4
948 4
949 5
950 4
951 2
952 2
953 2
954 5
955 4
956 5
957 3
958 4
959 3
960 1
961 2
962 2
963 3
964 2
965 5
966 5
967 2
968 3
969 3
970 4
971 3
972 2
973 3
974 3
975 2
976 2
977 2
978 5
979 5
980 5
981 1
982 2
983 5
984 3
985 1
986 5
987 3
988 1
989 3
990 4
991 5
992 1
993 5
994 5
995 5
996 3
997 1
998 4
999 2
