1000 84 174825 0,35 402 308
0 42
1 50
2 36
3 21
4 68
5 77
6 57
7 19
8 44
9 46
10 25
11 70
12 5
13 15
14 15
15 28
16 7
17 18
18 58
19 20
20 21
21 14
22 14
23 74
24 66
25 6
26 1
27 67
28 46
29 40
30 56
31 66
32 51
33 3
34 58
35 11
36 30
37 17
38 3
39 7
40 75
41 77
42 9
43 2
44 1
45 13
46 10
47 84
48 59
49 16
50 6
51 70
52 9
53 15
54 56
55 74
56 59
57 32
58 55
59 29
60 69
61 26
62 7
63 32
64 44
65 5
66 28
67 27
68 4
69 11
70 27
71 71
72 56
73 69
74 21
75 50
76 37
77 24
78 48
79 38
80 79
81 24
82 45
83 21
84 77
85 65
86 73
87 84
88 43
89 61
90 39
91 2
92 57
93 25
94 8
95 6
96 17
97 16
98 27
99 9
100 14
101 20
102 26
103 59
104 47
105 33
106 23
107 65
108 72
109 52
110 36
111 8
112 17
113 29
114 37
115 76
116 68
117 3
118 66
119 5
120 44
121 22
122 26
123 7
124 41
125 44
126 34
127 7
128 47
129 35
130 47
131 18
132 71
133 20
134 38
135 28
136 80
137 35
138 37
139 54
140 8
141 27
142 38
143 33
144 42
145 24
146 3
147 2
148 79
149 44
150 60
151 34
152 41
153 18
154 44
155 62
156 46
157 31
158 6
159 42
160 10
161 66
162 1
163 56
164 41
165 55
166 18
167 19
168 34
169 11
170 40
171 4
172 63
173 17
174 18
175 24
176 58
177 28
178 62
179 60
180 13
181 74
182 45
183 61
184 15
185 18
186 14
187 19
188 4
189 40
190 3
191 71
192 26
193 17
194 9
195 7
196 68
197 64
198 30
199 15
200 59
201 13
202 20
203 9
204 49
205 55
206 48
207 39
208 49
209 45
210 15
211 39
212 45
213 1
214 17
215 65
216 53
217 47
218 78
219 1
220 76
221 15
222 31
223 13
224 48
225 8
226 43
227 44
228 13
229 24
230 17
231 57
232 1
233 63
234 40
235 2
236 25
237 54
238 39
239 2
240 21
241 21
242 10
243 33
244 24
245 23
246 29
247 7
248 61
249 51
250 35
251 75
252 62
253 9
254 32
255 59
256 51
257 76
258 62
259 7
260 36
261 34
262 73
263 45
264 8
265 42
266 36
267 34
268 12
269 56
270 34
271 51
272 72
273 68
274 36
275 51
276 31
277 21
278 12
279 72
280 49
281 60
282 28
283 40
284 53
285 7
286 7
287 33
288 39
289 69
290 52
291 69
292 53
293 78
294 52
295 78
296 83
297 19
298 44
299 45
300 47
301 37
302 77
303 60
304 46
305 67
306 27
307 55
308 17
309 11
310 76
311 41
312 76
313 43
314 31
315 12
316 25
317 4
318 18
319 5
320 55
321 28
322 14
323 61
324 38
325 11
326 10
327 41
328 14
329 23
330 20
331 52
332 16
333 53
334 19
335 17
336 30
337 6
338 71
339 53
340 73
341 23
342 14
343 5
344 3
345 47
346 42
347 17
348 48
349 49
350 14
351 62
352 33
353 63
354 21
355 20
356 2
357 51
358 79
359 28
360 35
361 69
362 27
363 26
364 67
365 29
366 18
367 72
368 37
369 56
370 8
371 8
372 51
373 13
374 73
375 58
376 44
377 39
378 21
379 3
380 40
381 49
382 22
383 26
384 59
385 79
386 31
387 6
388 63
389 52
390 80
391 74
392 13
393 50
394 32
395 50
396 6
397 73
398 71
399 15
400 20
401 67
402 52
403 17
404 69
405 72
406 26
407 19
408 65
409 25
410 57
411 30
412 48
413 66
414 83
415 2
416 20
417 8
418 7
419 5
420 55
421 77
422 52
423 51
424 31
425 67
426 15
427 12
428 62
429 7
430 48
431 8
432 5
433 21
434 2
435 33
436 16
437 32
438 45
439 55
440 50
441 5
442 13
443 58
444 31
445 1
446 29
447 53
448 34
449 13
450 60
451 39
452 51
453 67
454 2
455 62
456 52
457 60
458 17
459 39
460 16
461 8
462 41
463 43
464 59
465 71
466 18
467 76
468 23
469 53
470 27
471 1
472 33
473 25
474 35
475 26
476 13
477 43
478 75
479 54
480 83
481 83
482 35
483 39
484 52
485 36
486 3
487 70
488 38
489 14
490 72
491 40
492 70
493 26
494 4
495 28
496 55
497 60
498 39
499 19
500 36
501 20
502 39
503 22
504 42
505 43
506 61
507 71
508 19
509 23
510 65
511 3
512 22
513 3
514 64
515 29
516 59
517 65
518 26
519 31
520 36
521 10
522 61
523 55
524 69
525 56
526 9
527 56
528 25
529 26
530 34
531 33
532 23
533 46
534 82
535 47
536 25
537 3
538 4
539 13
540 67
541 58
542 30
543 2
544 9
545 64
546 54
547 12
548 22
549 27
550 3
551 79
552 68
553 49
554 38
555 43
556 37
557 14
558 12
559 82
560 9
561 68
562 52
563 41
564 29
565 55
566 69
567 29
568 1
569 59
570 14
571 9
572 34
573 3
574 39
575 10
576 63
577 22
578 24
579 82
580 23
581 61
582 48
583 54
584 49
585 33
586 16
587 47
588 56
589 50
590 76
591 78
592 43
593 17
594 40
595 75
596 10
597 5
598 67
599 5
600 42
601 66
602 77
603 78
604 1
605 27
606 79
607 27
608 23
609 51
610 73
611 11
612 17
613 47
614 24
615 18
616 44
617 37
618 42
619 37
620 64
621 22
622 9
623 51
624 71
625 49
626 62
627 67
628 24
629 67
630 22
631 68
632 60
633 5
634 5
635 10
636 18
637 48
638 30
639 38
640 81
641 73
642 17
643 80
644 73
645 4
646 47
647 71
648 54
649 45
650 37
651 6
652 52
653 15
654 82
655 48
656 43
657 54
658 6
659 32
660 15
661 28
662 42
663 56
664 53
665 36
666 11
667 46
668 57
669 18
670 41
671 55
672 11
673 74
674 43
675 11
676 16
677 4
678 81
679 25
680 47
681 4
682 68
683 45
684 45
685 80
686 55
687 16
688 48
689 10
690 22
691 11
692 46
693 62
694 65
695 48
696 64
697 4
698 30
699 26
700 5
701 75
702 79
703 36
704 41
705 31
706 6
707 54
708 69
709 70
710 31
711 22
712 43
713 78
714 68
715 81
716 61
717 54
718 13
719 59
720 4
721 26
722 16
723 20
724 42
725 64
726 42
727 38
728 46
729 57
730 66
731 25
732 31
733 45
734 70
735 63
736 35
737 30
738 50
739 38
740 23
741 32
742 40
743 72
744 28
745 67
746 37
747 69
748 1
749 35
750 68
751 6
752 20
753 77
754 36
755 20
756 77
757 19
758 32
759 41
760 61
761 84
762 28
763 73
764 2
765 39
766 54
767 19
768 60
769 50
770 19
771 36
772 71
773 27
774 27
775 16
776 70
777 53
778 69
779 32
780 15
781 1
782 50
783 56
784 21
785 46
786 53
787 57
788 64
789 35
790 29
791 44
792 21
793 30
794 37
795 14
796 9
797 82
798 42
799 2
800 69
801 22
802 8
803 35
804 63
805 57
806 58
807 23
808 33
809 45
810 60
811 28
812 18
813 28
814 12
815 79
816 8
817 1
818 27
819 64
820 30
821 16
822 35
823 12
824 72
825 28
826 12
827 25
828 31
829 38
830 63
831 6
832 24
833 10
834 16
835 17
836 30
837 66
838 11
839 40
840 57
841 41
842 8
843 54
844 29
845 31
846 34
847 49
848 53
849 67
850 71
851 12
852 63
853 40
854 7
855 4
856 40
857 23
858 36
859 35
860 48
861 4
862 29
863 24
864 65
865 70
866 38
867 11
868 23
869 3
870 32
871 23
872 59
873 75
874 22
875 43
876 12
877 43
878 78
879 29
880 24
881 12
882 27
883 33
884 16
885 34
886 30
887 9
888 18
889 45
890 47
891 11
892 57
893 24
894 52
895 52
896 10
897 40
898 70
899 10
900 11
901 5
902 38
903 58
904 63
905 16
906 12
907 58
908 44
909 37
910 11
911 50
912 64
913 65
914 62
915 49
916 4
917 68
918 12
919 18
920 5
921 37
922 50
923 72
924 75
925 37
926 2
927 74
928 4
929 53
930 22
931 33
932 60
933 32
934 16
935 54
936 73
937 49
938 53
939 61
940 14
941 64
942 27
943 10
944 43
945 46
946 10
947 8
948 25
949 7
950 5
951 75
952 36
953 57
954 7
955 54
956 24
957 61
958 34
959 63
960 25
961 32
962 62
963 58
964 15
965 50
966 21
967 74
968 8
969 17
970 80
971 32
972 43
973 33
974 20
975 15
976 80
977 41
978 41
979 81
980 73
981 64
982 9
983 12
984 9
985 74
986 77
987 82
988 46
989 35
990 49
991 74
992 40
993 31
994 25
995 61
996 1
997 64
998 45
999 60
