100 5 3981 0,8 83 76
0 4
1 5
2 1
3 3
4 2
5 2
6 3
7 4
8 5
9 4
10 3
11 5
12 5
13 2
14 1
15 5
16 5
17 4
18 2
19 3
20 2
21 1
22 5
23 3
24 3
25 2
26 5
27 4
28 4
29 4
30 4
31 2
32 5
33 3
34 4
35 5
36 4
37 1
38 4
39 5
40 5
41 4
42 3
43 4
44 2
45 3
46 1
47 3
48 3
49 1
50 1
51 5
52 4
53 1
54 1
55 1
56 5
57 1
58 3
59 4
60 5
61 5
62 3
63 1
64 2
65 3
66 5
67 4
68 3
69 5
70 5
71 5
72 2
73 1
74 5
75 1
76 2
77 4
78 3
79 1
80 2
81 3
82 4
83 4
84 4
85 3
86 3
87 2
88 5
89 5
90 2
91 4
92 4
93 3
94 2
95 1
96 5
97 2
98 2
99 1
