1000 161 299906 0,6 650 553
0 77
1 89
2 54
3 92
4 45
5 123
6 27
7 8
8 120
9 8
10 119
11 76
12 37
13 3
14 77
15 75
16 7
17 60
18 105
19 58
20 51
21 88
22 99
23 96
24 91
25 5
26 141
27 12
28 42
29 53
30 126
31 28
32 66
33 30
34 63
35 130
36 160
37 100
38 82
39 102
40 41
41 134
42 12
43 5
44 1
45 80
46 64
47 18
48 44
49 34
50 56
51 73
52 74
53 94
54 101
55 142
56 51
57 133
58 33
59 35
60 44
61 122
62 33
63 2
64 115
65 96
66 112
67 109
68 143
69 45
70 29
71 74
72 38
73 49
74 132
75 144
76 49
77 149
78 12
79 147
80 7
81 64
82 130
83 85
84 3
85 62
86 52
87 135
88 40
89 27
90 119
91 106
92 121
93 74
94 38
95 39
96 130
97 27
98 55
99 7
100 24
101 52
102 153
103 150
104 54
105 136
106 116
107 103
108 81
109 98
110 125
111 96
112 16
113 76
114 27
115 156
116 23
117 76
118 67
119 4
120 38
121 143
122 67
123 36
124 117
125 62
126 34
127 146
128 61
129 40
130 32
131 92
132 2
133 138
134 65
135 43
136 65
137 136
138 8
139 25
140 30
141 103
142 34
143 28
144 30
145 9
146 29
147 9
148 102
149 42
150 6
151 39
152 9
153 135
154 41
155 24
156 113
157 116
158 27
159 29
160 14
161 11
162 15
163 4
164 152
165 19
166 13
167 159
168 1
169 84
170 130
171 62
172 117
173 85
174 89
175 114
176 87
177 46
178 138
179 124
180 4
181 59
182 31
183 92
184 106
185 22
186 98
187 31
188 60
189 9
190 79
191 148
192 131
193 7
194 16
195 109
196 31
197 88
198 43
199 115
200 47
201 23
202 154
203 101
204 127
205 131
206 73
207 15
208 20
209 12
210 72
211 116
212 145
213 116
214 100
215 68
216 44
217 36
218 37
219 95
220 123
221 9
222 105
223 40
224 48
225 34
226 142
227 64
228 114
229 15
230 22
231 33
232 4
233 135
234 71
235 40
236 42
237 77
238 105
239 22
240 49
241 72
242 29
243 33
244 23
245 96
246 63
247 98
248 17
249 90
250 127
251 110
252 139
253 19
254 60
255 64
256 128
257 43
258 118
259 19
260 120
261 58
262 72
263 83
264 85
265 30
266 4
267 99
268 153
269 51
270 84
271 93
272 97
273 40
274 35
275 10
276 21
277 109
278 156
279 73
280 67
281 68
282 102
283 141
284 81
285 86
286 14
287 70
288 69
289 13
290 18
291 67
292 46
293 110
294 111
295 72
296 38
297 157
298 92
299 81
300 6
301 3
302 152
303 42
304 2
305 47
306 50
307 118
308 155
309 21
310 57
311 36
312 149
313 46
314 14
315 150
316 133
317 113
318 32
319 119
320 6
321 17
322 31
323 69
324 79
325 127
326 104
327 139
328 69
329 66
330 37
331 122
332 72
333 39
334 126
335 109
336 16
337 157
338 28
339 119
340 46
341 54
342 89
343 51
344 45
345 32
346 37
347 42
348 86
349 146
350 157
351 81
352 10
353 58
354 81
355 94
356 81
357 8
358 39
359 80
360 113
361 84
362 140
363 127
364 77
365 15
366 60
367 43
368 103
369 67
370 70
371 50
372 63
373 14
374 138
375 99
376 104
377 37
378 17
379 28
380 68
381 97
382 90
383 47
384 26
385 123
386 55
387 53
388 1
389 73
390 140
391 11
392 10
393 115
394 59
395 65
396 77
397 75
398 158
399 24
400 50
401 6
402 10
403 14
404 122
405 86
406 83
407 158
408 128
409 144
410 131
411 30
412 31
413 9
414 124
415 82
416 43
417 37
418 133
419 61
420 142
421 32
422 24
423 28
424 19
425 56
426 108
427 78
428 24
429 137
430 117
431 111
432 82
433 64
434 11
435 15
436 5
437 89
438 22
439 131
440 5
441 20
442 82
443 57
444 22
445 82
446 54
447 38
448 66
449 9
450 1
451 82
452 126
453 45
454 108
455 50
456 94
457 140
458 99
459 36
460 80
461 19
462 126
463 34
464 52
465 10
466 85
467 86
468 81
469 69
470 22
471 76
472 62
473 75
474 107
475 53
476 35
477 87
478 55
479 102
480 125
481 49
482 21
483 104
484 27
485 16
486 33
487 75
488 66
489 15
490 63
491 58
492 12
493 148
494 70
495 112
496 57
497 51
498 111
499 63
500 143
501 76
502 141
503 50
504 20
505 43
506 132
507 41
508 101
509 140
510 42
511 10
512 79
513 91
514 61
515 48
516 43
517 90
518 145
519 100
520 1
521 13
522 45
523 34
524 21
525 36
526 29
527 124
528 154
529 69
530 29
531 51
532 114
533 152
534 115
535 93
536 11
537 144
538 33
539 94
540 46
541 4
542 66
543 37
544 141
545 97
546 122
547 32
548 44
549 21
550 143
551 17
552 84
553 102
554 71
555 35
556 121
557 137
558 85
559 153
560 7
561 107
562 57
563 145
564 63
565 38
566 8
567 28
568 111
569 59
570 54
571 13
572 18
573 103
574 47
575 148
576 111
577 29
578 13
579 56
580 128
581 151
582 47
583 78
584 59
585 106
586 2
587 31
588 56
589 112
590 155
591 106
592 71
593 25
594 92
595 42
596 97
597 93
598 72
599 101
600 17
601 114
602 11
603 79
604 78
605 39
606 48
607 148
608 14
609 26
610 142
611 30
612 2
613 134
614 91
615 8
616 158
617 32
618 65
619 109
620 122
621 129
622 107
623 80
624 129
625 71
626 111
627 47
628 106
629 35
630 92
631 100
632 24
633 23
634 40
635 78
636 152
637 80
638 77
639 76
640 87
641 46
642 44
643 79
644 70
645 34
646 109
647 78
648 20
649 6
650 91
651 25
652 120
653 42
654 137
655 59
656 105
657 114
658 44
659 11
660 65
661 53
662 151
663 29
664 116
665 90
666 51
667 45
668 31
669 61
670 49
671 86
672 20
673 48
674 89
675 105
676 10
677 133
678 27
679 121
680 80
681 118
682 60
683 14
684 23
685 59
686 13
687 62
688 70
689 78
690 16
691 71
692 83
693 132
694 86
695 91
696 52
697 73
698 21
699 102
700 20
701 132
702 63
703 60
704 113
705 85
706 56
707 20
708 139
709 25
710 118
711 146
712 130
713 21
714 114
715 2
716 25
717 139
718 113
719 8
720 29
721 78
722 151
723 25
724 83
725 67
726 75
727 117
728 73
729 57
730 55
731 46
732 68
733 60
734 59
735 25
736 3
737 36
738 22
739 39
740 45
741 64
742 1
743 143
744 26
745 61
746 2
747 19
748 62
749 107
750 6
751 125
752 44
753 41
754 101
755 58
756 47
757 87
758 98
759 26
760 57
761 113
762 61
763 88
764 110
765 12
766 70
767 126
768 108
769 75
770 16
771 63
772 125
773 69
774 9
775 5
776 129
777 65
778 66
779 127
780 115
781 137
782 119
783 135
784 62
785 54
786 98
787 100
788 150
789 125
790 11
791 90
792 22
793 55
794 161
795 18
796 103
797 121
798 48
799 36
800 24
801 61
802 78
803 56
804 77
805 122
806 104
807 95
808 18
809 5
810 131
811 87
812 114
813 79
814 41
815 48
816 147
817 19
818 53
819 58
820 26
821 42
822 108
823 129
824 39
825 39
826 7
827 43
828 66
829 126
830 115
831 95
832 70
833 18
834 76
835 160
836 18
837 55
838 146
839 93
840 154
841 28
842 149
843 38
844 49
845 36
846 5
847 128
848 99
849 23
850 64
851 72
852 18
853 14
854 22
855 93
856 92
857 52
858 104
859 96
860 52
861 41
862 129
863 120
864 135
865 120
866 84
867 112
868 16
869 123
870 30
871 21
872 4
873 40
874 84
875 159
876 136
877 70
878 88
879 55
880 159
881 71
882 2
883 65
884 133
885 12
886 81
887 108
888 17
889 4
890 24
891 32
892 97
893 68
894 142
895 95
896 74
897 98
898 103
899 35
900 35
901 134
902 107
903 2
904 49
905 26
906 74
907 94
908 86
909 90
910 11
911 98
912 147
913 118
914 108
915 74
916 31
917 134
918 26
919 44
920 132
921 3
922 112
923 50
924 60
925 6
926 77
927 134
928 88
929 17
930 147
931 68
932 16
933 3
934 112
935 105
936 15
937 124
938 87
939 75
940 33
941 1
942 145
943 55
944 25
945 47
946 91
947 34
948 7
949 57
950 53
951 17
952 56
953 121
954 104
955 61
956 16
957 110
958 93
959 136
960 48
961 79
962 15
963 41
964 50
965 110
966 10
967 91
968 140
969 68
970 85
971 54
972 3
973 150
974 8
975 121
976 48
977 101
978 30
979 40
980 13
981 47
982 83
983 95
984 106
985 27
986 100
987 7
988 88
989 152
990 33
991 138
992 23
993 23
994 117
995 6
996 131
997 83
998 83
999 21
