300 5 35794 0.8 257 232
0 3
1 5
2 2
3 4
4 1
5 1
6 3
7 5
8 5
9 4
10 1
11 5
12 2
13 3
14 3
15 2
16 4
17 2
18 2
19 2
20 3
21 2
22 1
23 4
24 3
25 5
26 1
27 4
28 2
29 2
30 1
31 2
32 5
33 3
34 5
35 2
36 2
37 3
38 4
39 1
40 2
41 2
42 3
43 3
44 3
45 3
46 5
47 5
48 1
49 3
50 4
51 3
52 1
53 3
54 5
55 5
56 4
57 5
58 3
59 1
60 1
61 4
62 5
63 2
64 4
65 3
66 5
67 2
68 4
69 5
70 1
71 4
72 5
73 1
74 5
75 2
76 5
77 5
78 1
79 2
80 5
81 5
82 3
83 2
84 5
85 4
86 1
87 2
88 4
89 1
90 2
91 3
92 5
93 5
94 4
95 5
96 2
97 2
98 3
99 3
100 5
101 5
102 4
103 3
104 5
105 2
106 3
107 2
108 3
109 3
110 1
111 1
112 5
113 5
114 5
115 5
116 5
117 5
118 4
119 3
120 3
121 2
122 4
123 4
124 3
125 3
126 4
127 3
128 4
129 4
130 3
131 5
132 4
133 4
134 5
135 3
136 2
137 1
138 3
139 2
140 5
141 5
142 1
143 2
144 3
145 3
146 2
147 5
148 2
149 2
150 4
151 3
152 4
153 1
154 3
155 3
156 1
157 3
158 5
159 1
160 4
161 2
162 5
163 4
164 1
165 1
166 1
167 1
168 4
169 1
170 3
171 1
172 2
173 2
174 2
175 2
176 1
177 2
178 1
179 2
180 1
181 5
182 2
183 4
184 3
185 5
186 2
187 2
188 2
189 2
190 3
191 3
192 4
193 1
194 3
195 5
196 1
197 1
198 3
199 3
200 1
201 3
202 5
203 2
204 2
205 4
206 1
207 3
208 1
209 1
210 5
211 3
212 5
213 4
214 5
215 4
216 4
217 1
218 5
219 5
220 2
221 3
222 5
223 1
224 3
225 2
226 5
227 3
228 5
229 1
230 1
231 3
232 4
233 1
234 4
235 1
236 2
237 5
238 3
239 4
240 4
241 2
242 5
243 1
244 1
245 1
246 5
247 3
248 5
249 1
250 1
251 3
252 4
253 5
254 2
255 2
256 5
257 2
258 1
259 3
260 2
261 2
262 2
263 2
264 3
265 5
266 5
267 3
268 2
269 4
270 3
271 2
272 5
273 1
274 1
275 5
276 1
277 3
278 3
279 3
280 1
281 4
282 1
283 3
284 5
285 2
286 3
287 3
288 2
289 5
290 2
291 5
292 1
293 2
294 1
295 3
296 1
297 5
298 4
299 5
