100 5 3981 0,8 83 76
0 4
1 3
2 5
3 1
4 2
5 2
6 1
7 4
8 3
9 4
10 1
11 3
12 3
13 2
14 5
15 3
16 3
17 4
18 2
19 1
20 2
21 5
22 3
23 1
24 1
25 2
26 3
27 4
28 4
29 4
30 4
31 2
32 3
33 1
34 4
35 3
36 4
37 5
38 4
39 3
40 3
41 4
42 1
43 4
44 2
45 1
46 5
47 1
48 1
49 5
50 5
51 3
52 4
53 5
54 5
55 5
56 3
57 5
58 1
59 4
60 3
61 3
62 1
63 5
64 2
65 1
66 3
67 4
68 1
69 3
70 3
71 3
72 2
73 5
74 3
75 5
76 2
77 4
78 1
79 5
80 2
81 1
82 4
83 4
84 4
85 1
86 1
87 2
88 3
89 3
90 2
91 4
92 4
93 1
94 2
95 5
96 3
97 2
98 2
99 5
