300 54 26777 0,6 204 152
0 32
1 12
2 29
3 14
4 34
5 35
6 36
7 22
8 33
9 15
10 6
11 39
12 45
13 34
14 29
15 21
16 45
17 12
18 36
19 5
20 8
21 53
22 1
23 19
24 8
25 27
26 45
27 31
28 28
29 42
30 9
31 11
32 14
33 41
34 13
35 5
36 43
37 30
38 1
39 40
40 54
41 11
42 33
43 17
44 5
45 49
46 50
47 46
48 3
49 15
50 9
51 27
52 37
53 41
54 40
55 19
56 30
57 39
58 34
59 20
60 26
61 21
62 22
63 2
64 33
65 41
66 15
67 10
68 10
69 17
70 16
71 1
72 24
73 34
74 18
75 17
76 30
77 42
78 37
79 9
80 20
81 20
82 40
83 41
84 14
85 49
86 29
87 27
88 47
89 48
90 30
91 7
92 3
93 23
94 23
95 21
96 4
97 6
98 20
99 10
100 54
101 43
102 15
103 9
104 4
105 3
106 48
107 42
108 7
109 19
110 32
111 26
112 8
113 36
114 54
115 5
116 40
117 23
118 6
119 32
120 22
121 29
122 24
123 35
124 36
125 25
126 46
127 38
128 50
129 37
130 23
131 37
132 37
133 31
134 1
135 20
136 36
137 38
138 28
139 25
140 45
141 33
142 35
143 17
144 45
145 37
146 33
147 13
148 46
149 5
150 2
151 26
152 24
153 45
154 15
155 19
156 4
157 24
158 51
159 11
160 39
161 4
162 25
163 43
164 25
165 3
166 23
167 16
168 1
169 47
170 25
171 29
172 32
173 47
174 2
175 22
176 44
177 44
178 25
179 44
180 27
181 48
182 4
183 28
184 52
185 11
186 27
187 31
188 12
189 8
190 25
191 11
192 16
193 34
194 1
195 13
196 16
197 8
198 49
199 9
200 53
201 6
202 39
203 2
204 5
205 32
206 31
207 43
208 22
209 13
210 18
211 18
212 6
213 53
214 28
215 12
216 40
217 17
218 16
219 21
220 34
221 50
222 47
223 7
224 49
225 24
226 6
227 13
228 19
229 2
230 7
231 14
232 34
233 12
234 1
235 20
236 12
237 35
238 51
239 29
240 1
241 7
242 10
243 9
244 10
245 33
246 52
247 17
248 15
249 26
250 36
251 21
252 50
253 21
254 52
255 38
256 2
257 38
258 35
259 11
260 18
261 31
262 22
263 28
264 7
265 26
266 51
267 21
268 30
269 23
270 38
271 50
272 39
273 12
274 15
275 14
276 26
277 13
278 12
279 31
280 14
281 8
282 18
283 49
284 43
285 46
286 30
287 42
288 46
289 10
290 3
291 32
292 2
293 13
294 40
295 42
296 15
297 4
298 16
299 3
