300 31 15698 0,35 129 80
0 23
1 17
2 26
3 15
4 4
5 25
6 14
7 3
8 3
9 28
10 14
11 14
12 12
13 14
14 21
15 7
16 15
17 27
18 18
19 12
20 27
21 1
22 21
23 28
24 16
25 2
26 27
27 8
28 10
29 24
30 18
31 6
32 11
33 11
34 2
35 27
36 15
37 15
38 21
39 29
40 27
41 5
42 9
43 23
44 26
45 3
46 6
47 16
48 13
49 24
50 11
51 21
52 17
53 23
54 26
55 12
56 15
57 23
58 25
59 14
60 12
61 6
62 9
63 13
64 17
65 13
66 7
67 2
68 20
69 29
70 15
71 25
72 25
73 18
74 10
75 4
76 6
77 7
78 10
79 24
80 5
81 24
82 3
83 12
84 17
85 10
86 29
87 21
88 1
89 26
90 11
91 17
92 21
93 2
94 11
95 3
96 8
97 23
98 9
99 15
100 19
101 23
102 17
103 9
104 19
105 12
106 28
107 5
108 30
109 24
110 5
111 20
112 4
113 19
114 28
115 13
116 10
117 9
118 12
119 25
120 19
121 15
122 24
123 22
124 13
125 15
126 4
127 19
128 11
129 31
130 2
131 3
132 30
133 25
134 10
135 16
136 14
137 4
138 28
139 3
140 30
141 1
142 18
143 11
144 5
145 26
146 16
147 30
148 1
149 5
150 2
151 27
152 10
153 18
154 22
155 20
156 26
157 15
158 11
159 18
160 9
161 3
162 2
163 17
164 6
165 31
166 6
167 8
168 24
169 5
170 1
171 25
172 22
173 4
174 8
175 27
176 26
177 11
178 18
179 19
180 20
181 12
182 10
183 31
184 23
185 10
186 13
187 22
188 1
189 4
190 5
191 4
192 29
193 7
194 18
195 21
196 7
197 23
198 15
199 13
200 16
201 29
202 9
203 30
204 3
205 2
206 1
207 7
208 25
209 1
210 6
211 26
212 25
213 13
214 27
215 5
216 12
217 3
218 27
219 5
220 20
221 8
222 10
223 7
224 13
225 21
226 3
227 22
228 4
229 17
230 26
231 20
232 23
233 16
234 22
235 14
236 26
237 10
238 7
239 19
240 27
241 18
242 8
243 11
244 28
245 4
246 3
247 24
248 12
249 7
250 1
251 28
252 26
253 22
254 6
255 14
256 16
257 7
258 22
259 19
260 7
261 20
262 9
263 14
264 11
265 4
266 5
267 19
268 4
269 8
270 12
271 14
272 17
273 3
274 8
275 21
276 16
277 4
278 31
279 16
280 24
281 6
282 5
283 1
284 13
285 12
286 30
287 1
288 10
289 18
290 16
291 20
292 7
293 2
294 20
295 27
296 6
297 2
298 1
299 8
