600 98 107820 0.6 391 324
0 24
1 41
2 76
3 76
4 5
5 96
6 36
7 14
8 1
9 55
10 5
11 25
12 46
13 35
14 66
15 35
16 59
17 69
18 69
19 53
20 40
21 85
22 58
23 81
24 28
25 54
26 63
27 11
28 15
29 52
30 88
31 7
32 18
33 20
34 29
35 42
36 94
37 45
38 80
39 84
40 56
41 4
42 37
43 61
44 86
45 64
46 32
47 22
48 65
49 3
50 27
51 13
52 48
53 25
54 38
55 23
56 44
57 13
58 72
59 62
60 91
61 48
62 34
63 87
64 47
65 69
66 39
67 43
68 61
69 49
70 57
71 50
72 59
73 84
74 2
75 78
76 35
77 74
78 41
79 85
80 56
81 11
82 35
83 52
84 55
85 48
86 9
87 21
88 16
89 66
90 19
91 10
92 63
93 89
94 17
95 6
96 67
97 24
98 71
99 12
100 75
101 89
102 72
103 69
104 6
105 13
106 22
107 58
108 38
109 44
110 51
111 38
112 33
113 59
114 33
115 41
116 27
117 79
118 55
119 54
120 9
121 31
122 53
123 95
124 31
125 30
126 95
127 67
128 16
129 66
130 83
131 58
132 34
133 15
134 29
135 20
136 62
137 89
138 29
139 14
140 21
141 61
142 35
143 65
144 28
145 26
146 1
147 32
148 10
149 43
150 56
151 32
152 3
153 7
154 34
155 25
156 22
157 6
158 15
159 38
160 2
161 9
162 17
163 18
164 13
165 6
166 21
167 90
168 7
169 64
170 26
171 67
172 32
173 93
174 46
175 91
176 37
177 39
178 93
179 71
180 17
181 4
182 54
183 60
184 6
185 48
186 27
187 64
188 59
189 51
190 3
191 10
192 78
193 70
194 68
195 85
196 38
197 72
198 38
199 92
200 17
201 73
202 5
203 52
204 70
205 24
206 1
207 81
208 59
209 45
210 23
211 47
212 64
213 81
214 59
215 76
216 17
217 19
218 30
219 40
220 64
221 7
222 43
223 7
224 30
225 30
226 68
227 85
228 16
229 55
230 10
231 36
232 35
233 38
234 6
235 45
236 52
237 45
238 40
239 90
240 49
241 16
242 16
243 14
244 78
245 12
246 25
247 56
248 97
249 91
250 45
251 47
252 30
253 42
254 13
255 18
256 49
257 92
258 69
259 86
260 98
261 62
262 21
263 74
264 24
265 90
266 87
267 96
268 55
269 53
270 50
271 9
272 88
273 19
274 26
275 77
276 46
277 83
278 45
279 79
280 18
281 42
282 26
283 9
284 37
285 46
286 74
287 34
288 62
289 53
290 74
291 12
292 82
293 33
294 5
295 50
296 13
297 97
298 77
299 77
300 62
301 18
302 17
303 11
304 42
305 67
306 3
307 20
308 29
309 27
310 49
311 23
312 18
313 27
314 12
315 73
316 1
317 40
318 13
319 38
320 14
321 62
322 78
323 37
324 16
325 49
326 60
327 58
328 3
329 14
330 72
331 76
332 64
333 8
334 44
335 28
336 27
337 75
338 33
339 42
340 54
341 47
342 26
343 50
344 21
345 28
346 39
347 20
348 42
349 41
350 52
351 30
352 40
353 72
354 1
355 59
356 79
357 36
358 36
359 57
360 9
361 67
362 23
363 25
364 27
365 94
366 65
367 22
368 70
369 20
370 31
371 10
372 50
373 12
374 25
375 23
376 43
377 87
378 44
379 51
380 49
381 54
382 23
383 21
384 22
385 19
386 63
387 1
388 34
389 10
390 78
391 22
392 1
393 26
394 24
395 32
396 77
397 65
398 10
399 15
400 56
401 43
402 24
403 31
404 51
405 35
406 52
407 66
408 91
409 3
410 56
411 36
412 81
413 81
414 14
415 37
416 76
417 15
418 11
419 39
420 39
421 8
422 33
423 6
424 55
425 83
426 19
427 11
428 79
429 1
430 46
431 84
432 12
433 89
434 49
435 68
436 85
437 70
438 68
439 90
440 22
441 29
442 54
443 26
444 75
445 43
446 84
447 8
448 13
449 87
450 31
451 4
452 18
453 4
454 93
455 21
456 57
457 75
458 23
459 91
460 28
461 39
462 47
463 96
464 4
465 41
466 32
467 34
468 3
469 65
470 80
471 8
472 5
473 51
474 23
475 95
476 82
477 20
478 57
479 84
480 60
481 80
482 21
483 80
484 82
485 71
486 36
487 58
488 18
489 76
490 61
491 66
492 6
493 31
494 73
495 8
496 68
497 53
498 68
499 78
500 16
501 15
502 69
503 53
504 75
505 41
506 62
507 12
508 47
509 5
510 77
511 14
512 58
513 57
514 96
515 48
516 5
517 63
518 79
519 42
520 95
521 73
522 32
523 77
524 48
525 53
526 86
527 40
528 57
529 19
530 92
531 65
532 33
533 48
534 15
535 8
536 7
537 81
538 69
539 86
540 56
541 60
542 34
543 73
544 2
545 50
546 83
547 98
548 33
549 52
550 36
551 71
552 46
553 86
554 11
555 70
556 60
557 66
558 19
559 39
560 2
561 44
562 94
563 71
564 24
565 11
566 2
567 37
568 30
569 61
570 60
571 97
572 51
573 63
574 24
575 53
576 82
577 42
578 28
579 4
580 2
581 82
582 88
583 44
584 70
585 41
586 28
587 89
588 9
589 31
590 4
591 82
592 29
593 74
594 88
595 7
596 80
597 40
598 14
599 60
