600 55 62895 0,35 254 182
0 27
1 28
2 30
3 43
4 25
5 15
6 23
7 35
8 26
9 19
10 36
11 16
12 27
13 28
14 43
15 14
16 51
17 21
18 18
19 50
20 2
21 41
22 43
23 27
24 10
25 12
26 49
27 52
28 9
29 33
30 42
31 43
32 28
33 24
34 20
35 24
36 52
37 22
38 18
39 32
40 18
41 30
42 31
43 44
44 44
45 11
46 18
47 1
48 51
49 34
50 8
51 9
52 41
53 38
54 2
55 31
56 15
57 44
58 11
59 6
60 50
61 35
62 15
63 26
64 24
65 52
66 40
67 41
68 26
69 8
70 31
71 19
72 19
73 19
74 10
75 6
76 48
77 22
78 10
79 29
80 47
81 1
82 49
83 44
84 34
85 34
86 15
87 26
88 6
89 32
90 1
91 33
92 25
93 15
94 15
95 12
96 54
97 30
98 44
99 44
100 15
101 6
102 35
103 34
104 13
105 50
106 23
107 46
108 30
109 5
110 35
111 36
112 27
113 17
114 28
115 10
116 30
117 5
118 28
119 42
120 13
121 45
122 6
123 39
124 8
125 47
126 6
127 7
128 3
129 11
130 35
131 45
132 18
133 25
134 17
135 30
136 55
137 29
138 5
139 23
140 13
141 38
142 21
143 8
144 15
145 33
146 8
147 15
148 29
149 14
150 19
151 37
152 28
153 21
154 6
155 11
156 1
157 11
158 9
159 4
160 9
161 54
162 36
163 3
164 21
165 9
166 46
167 2
168 19
169 31
170 32
171 24
172 42
173 35
174 6
175 40
176 18
177 25
178 7
179 51
180 28
181 23
182 10
183 27
184 17
185 24
186 22
187 34
188 5
189 23
190 53
191 43
192 24
193 34
194 29
195 47
196 27
197 26
198 41
199 50
200 44
201 14
202 53
203 26
204 35
205 22
206 51
207 30
208 13
209 33
210 12
211 42
212 2
213 51
214 4
215 51
216 39
217 15
218 12
219 52
220 3
221 19
222 3
223 25
224 7
225 14
226 41
227 20
228 39
229 3
230 30
231 31
232 22
233 33
234 21
235 52
236 31
237 14
238 24
239 3
240 47
241 29
242 26
243 29
244 24
245 48
246 39
247 35
248 14
249 7
250 27
251 49
252 27
253 22
254 45
255 33
256 32
257 51
258 48
259 32
260 6
261 33
262 23
263 19
264 9
265 52
266 17
267 42
268 46
269 12
270 37
271 26
272 38
273 46
274 25
275 17
276 14
277 36
278 33
279 8
280 41
281 9
282 9
283 21
284 34
285 44
286 10
287 26
288 21
289 22
290 18
291 10
292 12
293 19
294 29
295 50
296 2
297 39
298 13
299 48
300 12
301 17
302 28
303 27
304 38
305 2
306 1
307 45
308 4
309 47
310 20
311 36
312 21
313 35
314 28
315 23
316 47
317 9
318 46
319 45
320 50
321 21
322 39
323 18
324 38
325 9
326 49
327 45
328 5
329 3
330 42
331 32
332 40
333 33
334 16
335 3
336 38
337 48
338 22
339 40
340 32
341 16
342 17
343 13
344 5
345 24
346 34
347 25
348 11
349 4
350 8
351 38
352 36
353 12
354 1
355 8
356 31
357 5
358 24
359 14
360 8
361 14
362 11
363 5
364 19
365 20
366 7
367 37
368 44
369 23
370 34
371 22
372 5
373 7
374 38
375 3
376 10
377 36
378 16
379 31
380 37
381 1
382 50
383 29
384 48
385 21
386 53
387 16
388 32
389 23
390 7
391 5
392 14
393 45
394 1
395 13
396 1
397 53
398 31
399 20
400 27
401 39
402 36
403 11
404 36
405 6
406 28
407 7
408 20
409 10
410 32
411 13
412 16
413 23
414 39
415 11
416 20
417 22
418 19
419 21
420 43
421 40
422 40
423 35
424 4
425 6
426 35
427 3
428 4
429 14
430 52
431 24
432 32
433 35
434 15
435 13
436 17
437 25
438 2
439 43
440 9
441 1
442 38
443 32
444 46
445 9
446 22
447 37
448 33
449 38
450 12
451 16
452 43
453 40
454 24
455 40
456 13
457 41
458 3
459 18
460 31
461 28
462 35
463 17
464 10
465 33
466 9
467 30
468 37
469 7
470 46
471 46
472 17
473 55
474 10
475 37
476 22
477 52
478 40
479 45
480 39
481 21
482 40
483 47
484 42
485 7
486 28
487 3
488 10
489 11
490 20
491 11
492 12
493 40
494 1
495 10
496 13
497 48
498 2
499 3
500 29
501 30
502 26
503 22
504 41
505 54
506 4
507 27
508 37
509 34
510 36
511 38
512 38
513 42
514 43
515 39
516 18
517 19
518 42
519 30
520 27
521 4
522 15
523 27
524 29
525 12
526 25
527 45
528 2
529 7
530 42
531 16
532 12
533 25
534 26
535 45
536 21
537 49
538 47
539 17
540 35
541 42
542 23
543 46
544 8
545 5
546 31
547 4
548 44
549 8
550 31
551 29
552 16
553 25
554 51
555 7
556 8
557 53
558 29
559 25
560 9
561 20
562 33
563 40
564 43
565 13
566 45
567 20
568 36
569 46
570 14
571 13
572 27
573 42
574 16
575 36
576 28
577 43
578 5
579 6
580 2
581 6
582 34
583 41
584 33
585 24
586 28
587 30
588 2
589 4
590 16
591 53
592 8
593 11
594 20
595 49
596 27
597 20
598 43
599 19
