300 5 35794 0.8 257 232
0 2
1 1
2 3
3 5
4 4
5 4
6 2
7 1
8 1
9 5
10 4
11 1
12 3
13 2
14 2
15 3
16 5
17 3
18 3
19 3
20 2
21 3
22 4
23 5
24 2
25 1
26 4
27 5
28 3
29 3
30 4
31 3
32 1
33 2
34 1
35 3
36 3
37 2
38 5
39 4
40 3
41 3
42 2
43 2
44 2
45 2
46 1
47 1
48 4
49 2
50 5
51 2
52 4
53 2
54 1
55 1
56 5
57 1
58 2
59 4
60 4
61 5
62 1
63 3
64 5
65 2
66 1
67 3
68 5
69 1
70 4
71 5
72 1
73 4
74 1
75 3
76 1
77 1
78 4
79 3
80 1
81 1
82 2
83 3
84 1
85 5
86 4
87 3
88 5
89 4
90 3
91 2
92 1
93 1
94 5
95 1
96 3
97 3
98 2
99 2
100 1
101 1
102 5
103 2
104 1
105 3
106 2
107 3
108 2
109 2
110 4
111 4
112 1
113 1
114 1
115 1
116 1
117 1
118 5
119 2
120 2
121 3
122 5
123 5
124 2
125 2
126 5
127 2
128 5
129 5
130 2
131 1
132 5
133 5
134 1
135 2
136 3
137 4
138 2
139 3
140 1
141 1
142 4
143 3
144 2
145 2
146 3
147 1
148 3
149 3
150 5
151 2
152 5
153 4
154 2
155 2
156 4
157 2
158 1
159 4
160 5
161 3
162 1
163 5
164 4
165 4
166 4
167 4
168 5
169 4
170 2
171 4
172 3
173 3
174 3
175 3
176 4
177 3
178 4
179 3
180 4
181 1
182 3
183 5
184 2
185 1
186 3
187 3
188 3
189 3
190 2
191 2
192 5
193 4
194 2
195 1
196 4
197 4
198 2
199 2
200 4
201 2
202 1
203 3
204 3
205 5
206 4
207 2
208 4
209 4
210 1
211 2
212 1
213 5
214 1
215 5
216 5
217 4
218 1
219 1
220 3
221 2
222 1
223 4
224 2
225 3
226 1
227 2
228 1
229 4
230 4
231 2
232 5
233 4
234 5
235 4
236 3
237 1
238 2
239 5
240 5
241 3
242 1
243 4
244 4
245 4
246 1
247 2
248 1
249 4
250 4
251 2
252 5
253 1
254 3
255 3
256 1
257 3
258 4
259 2
260 3
261 3
262 3
263 3
264 2
265 1
266 1
267 2
268 3
269 5
270 2
271 3
272 1
273 4
274 4
275 1
276 4
277 2
278 2
279 2
280 4
281 5
282 4
283 2
284 1
285 3
286 2
287 2
288 3
289 1
290 3
291 1
292 4
293 3
294 4
295 2
296 4
297 1
298 5
299 1
