100 5 3981 0.8 83 76
0 5
1 1
2 2
3 3
4 4
5 4
6 3
7 5
8 1
9 5
10 3
11 1
12 1
13 4
14 2
15 1
16 1
17 5
18 4
19 3
20 4
21 2
22 1
23 3
24 3
25 4
26 1
27 5
28 5
29 5
30 5
31 4
32 1
33 3
34 5
35 1
36 5
37 2
38 5
39 1
40 1
41 5
42 3
43 5
44 4
45 3
46 2
47 3
48 3
49 2
50 2
51 1
52 5
53 2
54 2
55 2
56 1
57 2
58 3
59 5
60 1
61 1
62 3
63 2
64 4
65 3
66 1
67 5
68 3
69 1
70 1
71 1
72 4
73 2
74 1
75 2
76 4
77 5
78 3
79 2
80 4
81 3
82 5
83 5
84 5
85 3
86 3
87 4
88 1
89 1
90 4
91 5
92 5
93 3
94 4
95 2
96 1
97 4
98 4
99 2
