1000 84 174825 0,35 402 308
0 21
1 39
2 77
3 67
4 41
5 64
6 39
7 39
8 33
9 56
10 49
11 23
12 68
13 59
14 78
15 62
16 80
17 25
18 37
19 26
20 63
21 47
22 80
23 26
24 20
25 17
26 34
27 44
28 49
29 71
30 29
31 75
32 81
33 3
34 22
35 30
36 4
37 13
38 17
39 34
40 61
41 23
42 1
43 75
44 64
45 52
46 16
47 23
48 31
49 28
50 28
51 29
52 73
53 31
54 15
55 69
56 44
57 72
58 28
59 30
60 67
61 28
62 63
63 4
64 20
65 59
66 47
67 75
68 51
69 47
70 57
71 45
72 6
73 77
74 5
75 69
76 53
77 70
78 12
79 27
80 40
81 11
82 13
83 63
84 65
85 74
86 44
87 26
88 67
89 20
90 67
91 70
92 16
93 8
94 33
95 51
96 5
97 37
98 41
99 45
100 39
101 48
102 22
103 36
104 41
105 13
106 67
107 21
108 3
109 58
110 28
111 48
112 61
113 30
114 27
115 68
116 7
117 26
118 53
119 21
120 8
121 50
122 28
123 9
124 42
125 10
126 60
127 75
128 8
129 6
130 5
131 38
132 12
133 69
134 70
135 80
136 25
137 10
138 10
139 28
140 47
141 54
142 21
143 21
144 19
145 30
146 33
147 49
148 65
149 81
150 62
151 65
152 52
153 21
154 10
155 31
156 55
157 43
158 36
159 54
160 4
161 37
162 39
163 34
164 66
165 49
166 17
167 41
168 47
169 52
170 81
171 44
172 25
173 41
174 1
175 3
176 38
177 9
178 25
179 46
180 50
181 6
182 17
183 57
184 45
185 18
186 66
187 27
188 31
189 81
190 43
191 73
192 63
193 15
194 53
195 53
196 79
197 39
198 32
199 49
200 76
201 12
202 22
203 52
204 68
205 48
206 46
207 69
208 14
209 41
210 34
211 22
212 67
213 60
214 14
215 16
216 8
217 73
218 63
219 6
220 50
221 8
222 63
223 10
224 83
225 15
226 35
227 20
228 16
229 55
230 43
231 44
232 71
233 14
234 40
235 42
236 78
237 39
238 30
239 70
240 37
241 37
242 32
243 15
244 43
245 50
246 39
247 60
248 5
249 65
250 2
251 8
252 82
253 44
254 16
255 38
256 6
257 11
258 14
259 25
260 57
261 31
262 24
263 66
264 72
265 19
266 47
267 65
268 16
269 27
270 65
271 20
272 14
273 38
274 3
275 13
276 66
277 42
278 13
279 42
280 36
281 18
282 33
283 26
284 14
285 38
286 75
287 59
288 42
289 73
290 11
291 51
292 74
293 4
294 44
295 55
296 9
297 25
298 11
299 7
300 50
301 58
302 55
303 24
304 43
305 70
306 61
307 13
308 69
309 42
310 45
311 6
312 34
313 18
314 14
315 74
316 36
317 54
318 10
319 65
320 29
321 52
322 39
323 77
324 72
325 38
326 29
327 53
328 65
329 55
330 18
331 7
332 45
333 40
334 53
335 82
336 27
337 29
338 36
339 70
340 57
341 26
342 6
343 56
344 46
345 64
346 9
347 13
348 63
349 1
350 36
351 26
352 28
353 54
354 51
355 27
356 24
357 74
358 33
359 7
360 73
361 19
362 6
363 35
364 48
365 20
366 50
367 2
368 55
369 27
370 29
371 80
372 58
373 2
374 5
375 37
376 40
377 18
378 46
379 3
380 55
381 50
382 59
383 40
384 49
385 6
386 70
387 54
388 9
389 53
390 31
391 51
392 80
393 67
394 9
395 52
396 27
397 34
398 78
399 50
400 4
401 25
402 34
403 41
404 14
405 18
406 79
407 46
408 10
409 29
410 13
411 77
412 19
413 24
414 71
415 20
416 10
417 5
418 50
419 78
420 16
421 17
422 71
423 52
424 63
425 40
426 23
427 33
428 2
429 8
430 20
431 43
432 76
433 49
434 35
435 72
436 46
437 58
438 40
439 58
440 24
441 37
442 61
443 28
444 12
445 56
446 49
447 15
448 15
449 27
450 30
451 54
452 15
453 33
454 41
455 50
456 43
457 37
458 58
459 67
460 22
461 35
462 15
463 22
464 51
465 28
466 74
467 1
468 58
469 35
470 52
471 26
472 36
473 59
474 14
475 59
476 35
477 4
478 77
479 46
480 16
481 26
482 69
483 27
484 23
485 19
486 70
487 2
488 18
489 76
490 84
491 6
492 15
493 25
494 7
495 30
496 13
497 26
498 74
499 29
500 35
501 18
502 57
503 22
504 12
505 27
506 7
507 21
508 13
509 4
510 4
511 78
512 44
513 54
514 8
515 49
516 62
517 38
518 3
519 49
520 42
521 22
522 11
523 17
524 63
525 52
526 12
527 18
528 64
529 18
530 60
531 48
532 58
533 30
534 47
535 32
536 72
537 5
538 79
539 79
540 17
541 23
542 21
543 48
544 46
545 57
546 4
547 6
548 71
549 39
550 13
551 2
552 16
553 68
554 48
555 4
556 58
557 6
558 34
559 17
560 66
561 16
562 77
563 72
564 82
565 14
566 31
567 43
568 10
569 46
570 54
571 64
572 28
573 26
574 40
575 44
576 25
577 47
578 65
579 52
580 64
581 23
582 2
583 47
584 1
585 68
586 41
587 28
588 64
589 22
590 1
591 30
592 45
593 82
594 4
595 36
596 16
597 55
598 38
599 23
600 26
601 5
602 20
603 30
604 80
605 56
606 2
607 62
608 62
609 63
610 13
611 60
612 32
613 44
614 49
615 45
616 3
617 36
618 4
619 35
620 71
621 43
622 17
623 43
624 22
625 20
626 42
627 33
628 65
629 7
630 8
631 17
632 30
633 65
634 17
635 15
636 32
637 37
638 38
639 24
640 3
641 11
642 9
643 80
644 63
645 12
646 57
647 43
648 57
649 7
650 38
651 74
652 57
653 76
654 10
655 27
656 77
657 73
658 18
659 1
660 25
661 30
662 10
663 7
664 53
665 68
666 58
667 35
668 45
669 28
670 41
671 2
672 46
673 73
674 47
675 64
676 79
677 31
678 1
679 79
680 33
681 54
682 48
683 61
684 37
685 3
686 8
687 39
688 34
689 23
690 40
691 24
692 21
693 12
694 41
695 32
696 54
697 19
698 9
699 28
700 81
701 17
702 53
703 38
704 9
705 50
706 31
707 12
708 38
709 59
710 51
711 58
712 14
713 46
714 37
715 11
716 4
717 80
718 17
719 34
720 47
721 74
722 42
723 75
724 68
725 8
726 9
727 24
728 49
729 20
730 12
731 12
732 11
733 19
734 38
735 72
736 34
737 67
738 45
739 40
740 55
741 33
742 68
743 14
744 47
745 11
746 30
747 2
748 66
749 62
750 19
751 61
752 5
753 71
754 62
755 2
756 56
757 22
758 70
759 72
760 50
761 50
762 36
763 78
764 64
765 56
766 82
767 25
768 18
769 29
770 74
771 10
772 34
773 37
774 10
775 25
776 2
777 32
778 81
779 24
780 45
781 7
782 62
783 19
784 43
785 32
786 15
787 77
788 63
789 5
790 55
791 33
792 18
793 78
794 11
795 43
796 83
797 66
798 13
799 58
800 15
801 12
802 29
803 28
804 69
805 21
806 72
807 59
808 69
809 56
810 47
811 68
812 5
813 48
814 59
815 78
816 35
817 66
818 62
819 11
820 72
821 42
822 73
823 16
824 69
825 64
826 21
827 3
828 62
829 69
830 52
831 7
832 56
833 76
834 71
835 8
836 38
837 66
838 19
839 52
840 31
841 34
842 32
843 57
844 56
845 31
846 3
847 48
848 3
849 48
850 46
851 21
852 52
853 61
854 9
855 60
856 35
857 14
858 71
859 33
860 29
861 76
862 32
863 60
864 21
865 10
866 39
867 1
868 39
869 8
870 44
871 59
872 53
873 62
874 19
875 49
876 51
877 65
878 46
879 69
880 27
881 39
882 60
883 19
884 33
885 56
886 31
887 77
888 61
889 69
890 1
891 32
892 24
893 33
894 48
895 31
896 76
897 29
898 32
899 79
900 51
901 58
902 55
903 13
904 44
905 57
906 32
907 50
908 47
909 55
910 62
911 11
912 20
913 57
914 23
915 29
916 66
917 61
918 1
919 35
920 26
921 75
922 24
923 2
924 17
925 5
926 7
927 9
928 45
929 60
930 19
931 41
932 9
933 25
934 68
935 24
936 1
937 32
938 60
939 42
940 16
941 61
942 45
943 76
944 49
945 64
946 73
947 66
948 51
949 18
950 45
951 36
952 51
953 35
954 52
955 24
956 12
957 40
958 23
959 22
960 44
961 64
962 53
963 5
964 82
965 40
966 21
967 23
968 36
969 6
970 54
971 77
972 76
973 26
974 70
975 57
976 24
977 15
978 14
979 1
980 75
981 60
982 68
983 56
984 37
985 22
986 12
987 36
988 49
989 53
990 37
991 65
992 76
993 51
994 20
995 60
996 26
997 14
998 3
999 71
