300 33 15698 0,35 129 80
0 5
1 31
2 8
3 11
4 25
5 23
6 14
7 9
8 24
9 25
10 3
11 16
12 20
13 3
14 29
15 15
16 12
17 1
18 2
19 9
20 16
21 9
22 2
23 10
24 2
25 18
26 26
27 23
28 5
29 25
30 22
31 1
32 7
33 9
34 27
35 6
36 11
37 1
38 13
39 23
40 1
41 21
42 7
43 13
44 15
45 28
46 10
47 19
48 4
49 20
50 4
51 6
52 7
53 17
54 26
55 31
56 28
57 21
58 5
59 7
60 6
61 14
62 2
63 10
64 6
65 5
66 14
67 5
68 17
69 5
70 12
71 23
72 15
73 22
74 19
75 17
76 14
77 5
78 10
79 28
80 33
81 13
82 21
83 16
84 18
85 6
86 4
87 9
88 17
89 8
90 24
91 27
92 19
93 6
94 15
95 13
96 22
97 22
98 8
99 3
100 15
101 1
102 11
103 23
104 12
105 9
106 18
107 20
108 12
109 26
110 27
111 27
112 24
113 13
114 24
115 4
116 10
117 7
118 16
119 17
120 18
121 5
122 2
123 11
124 20
125 25
126 7
127 29
128 9
129 6
130 19
131 7
132 21
133 26
134 26
135 6
136 21
137 21
138 16
139 28
140 11
141 33
142 17
143 17
144 22
145 12
146 12
147 19
148 28
149 11
150 9
151 8
152 6
153 3
154 9
155 4
156 25
157 14
158 29
159 22
160 19
161 24
162 22
163 14
164 14
165 14
166 13
167 30
168 4
169 15
170 27
171 1
172 20
173 21
174 1
175 11
176 21
177 13
178 17
179 10
180 30
181 3
182 23
183 13
184 12
185 30
186 25
187 26
188 20
189 19
190 11
191 23
192 7
193 18
194 2
195 22
196 20
197 17
198 10
199 4
200 22
201 24
202 16
203 3
204 10
205 27
206 10
207 28
208 30
209 27
210 14
211 15
212 9
213 13
214 8
215 7
216 3
217 11
218 26
219 15
220 18
221 5
222 5
223 15
224 6
225 24
226 3
227 2
228 14
229 19
230 28
231 8
232 17
233 27
234 32
235 23
236 22
237 19
238 20
239 29
240 6
241 2
242 5
243 9
244 29
245 13
246 26
247 25
248 4
249 26
250 18
251 7
252 18
253 2
254 1
255 12
256 25
257 15
258 16
259 18
260 25
261 8
262 16
263 5
264 18
265 3
266 12
267 3
268 20
269 13
270 4
271 3
272 8
273 24
274 1
275 20
276 12
277 16
278 1
279 21
280 4
281 11
282 15
283 16
284 19
285 20
286 12
287 21
288 10
289 3
290 3
291 28
292 15
293 26
294 27
295 21
296 31
297 9
298 23
299 29
