100 27 3007 0,61 71 47
0 20
1 7
2 23
3 15
4 14
5 5
6 16
7 1
8 20
9 4
10 4
11 14
12 20
13 1
14 14
15 17
16 26
17 11
18 3
19 5
20 7
21 6
22 3
23 8
24 2
25 18
26 8
27 17
28 10
29 27
30 21
31 16
32 24
33 4
34 3
35 2
36 27
37 12
38 19
39 11
40 7
41 17
42 5
43 9
44 13
45 14
46 9
47 22
48 4
49 8
50 10
51 11
52 1
53 6
54 3
55 20
56 13
57 9
58 2
59 12
60 15
61 1
62 6
63 1
64 5
65 25
66 13
67 19
68 2
69 17
70 22
71 19
72 10
73 2
74 1
75 24
76 7
77 15
78 3
79 2
80 4
81 21
82 12
83 10
84 9
85 8
86 12
87 18
88 13
89 10
90 7
91 6
92 7
93 6
94 11
95 16
96 3
97 18
98 15
99 8
