100 24 3007 0.61 71 47
0 11
1 4
2 6
3 1
4 16
5 8
6 6
7 19
8 2
9 15
10 23
11 16
12 10
13 22
14 17
15 12
16 2
17 2
18 21
19 14
20 16
21 21
22 22
23 3
24 9
25 6
26 11
27 13
28 7
29 1
30 2
31 15
32 8
33 23
34 17
35 19
36 1
37 13
38 8
39 10
40 19
41 5
42 10
43 5
44 11
45 5
46 20
47 9
48 1
49 3
50 4
51 10
52 9
53 24
54 17
55 14
56 18
57 18
58 14
59 8
60 11
61 17
62 18
63 22
64 1
65 3
66 9
67 7
68 14
69 13
70 3
71 8
72 3
73 23
74 22
75 4
76 20
77 9
78 12
79 19
80 20
81 10
82 13
83 7
84 18
85 21
86 15
87 7
88 4
89 12
90 5
91 17
92 16
93 6
94 17
95 15
96 21
97 12
98 14
99 11
