1000 5 399908 0,8 809 790
0 2
1 1
2 4
3 5
4 3
5 2
6 2
7 3
8 5
9 5
10 3
11 2
12 3
13 5
14 4
15 5
16 3
17 4
18 5
19 1
20 3
21 3
22 1
23 5
24 3
25 2
26 4
27 3
28 3
29 1
30 1
31 4
32 2
33 4
34 4
35 1
36 3
37 3
38 3
39 4
40 2
41 1
42 5
43 5
44 5
45 5
46 5
47 1
48 4
49 1
50 1
51 2
52 4
53 2
54 5
55 1
56 5
57 1
58 2
59 2
60 2
61 2
62 3
63 3
64 4
65 1
66 2
67 4
68 1
69 2
70 2
71 3
72 1
73 1
74 5
75 4
76 4
77 1
78 4
79 3
80 2
81 2
82 3
83 4
84 1
85 1
86 4
87 4
88 3
89 4
90 5
91 1
92 1
93 2
94 1
95 2
96 1
97 1
98 1
99 2
100 4
101 2
102 2
103 5
104 5
105 5
106 2
107 5
108 4
109 1
110 1
111 3
112 4
113 4
114 5
115 4
116 3
117 5
118 2
119 2
120 1
121 4
122 5
123 3
124 4
125 1
126 2
127 2
128 3
129 2
130 4
131 1
132 2
133 1
134 1
135 5
136 1
137 5
138 2
139 2
140 4
141 4
142 4
143 3
144 5
145 2
146 2
147 4
148 5
149 3
150 3
151 1
152 3
153 1
154 3
155 5
156 4
157 5
158 3
159 3
160 3
161 4
162 4
163 4
164 1
165 3
166 5
167 1
168 3
169 5
170 2
171 3
172 2
173 5
174 4
175 2
176 4
177 4
178 1
179 4
180 3
181 2
182 4
183 1
184 2
185 5
186 5
187 2
188 3
189 1
190 2
191 3
192 1
193 1
194 5
195 2
196 2
197 1
198 3
199 2
200 5
201 3
202 5
203 3
204 2
205 5
206 1
207 4
208 4
209 1
210 5
211 2
212 1
213 3
214 4
215 5
216 5
217 3
218 5
219 5
220 2
221 3
222 2
223 2
224 4
225 5
226 4
227 5
228 2
229 5
230 5
231 1
232 1
233 5
234 5
235 2
236 5
237 3
238 4
239 3
240 4
241 2
242 1
243 2
244 5
245 2
246 2
247 4
248 4
249 4
250 2
251 1
252 4
253 1
254 3
255 1
256 5
257 5
258 5
259 2
260 2
261 2
262 1
263 5
264 2
265 2
266 5
267 4
268 3
269 3
270 2
271 4
272 4
273 3
274 3
275 4
276 4
277 4
278 5
279 3
280 4
281 4
282 2
283 5
284 4
285 3
286 4
287 4
288 3
289 5
290 5
291 5
292 4
293 4
294 5
295 3
296 2
297 5
298 2
299 3
300 5
301 1
302 5
303 3
304 1
305 4
306 5
307 5
308 2
309 5
310 2
311 3
312 3
313 2
314 4
315 1
316 3
317 5
318 5
319 3
320 3
321 5
322 3
323 3
324 5
325 2
326 2
327 5
328 2
329 2
330 3
331 2
332 1
333 5
334 3
335 3
336 1
337 5
338 5
339 4
340 5
341 1
342 1
343 4
344 3
345 3
346 1
347 1
348 2
349 2
350 5
351 2
352 1
353 1
354 3
355 2
356 4
357 2
358 4
359 2
360 4
361 4
362 3
363 2
364 2
365 2
366 2
367 5
368 2
369 2
370 5
371 1
372 5
373 1
374 4
375 3
376 1
377 2
378 5
379 3
380 1
381 2
382 5
383 5
384 4
385 2
386 5
387 5
388 3
389 1
390 5
391 3
392 1
393 5
394 5
395 2
396 4
397 3
398 3
399 4
400 1
401 4
402 3
403 4
404 5
405 5
406 2
407 1
408 1
409 4
410 5
411 5
412 5
413 4
414 4
415 3
416 4
417 5
418 3
419 5
420 4
421 5
422 1
423 1
424 5
425 3
426 5
427 4
428 1
429 2
430 3
431 2
432 3
433 5
434 5
435 4
436 3
437 5
438 5
439 2
440 5
441 1
442 1
443 3
444 1
445 1
446 4
447 1
448 3
449 2
450 1
451 4
452 1
453 4
454 2
455 5
456 1
457 2
458 5
459 2
460 3
461 5
462 5
463 4
464 2
465 4
466 4
467 3
468 1
469 4
470 4
471 2
472 4
473 1
474 3
475 5
476 1
477 4
478 2
479 4
480 1
481 4
482 3
483 2
484 4
485 3
486 2
487 2
488 4
489 3
490 1
491 1
492 1
493 5
494 4
495 2
496 5
497 2
498 5
499 2
500 1
501 5
502 1
503 4
504 2
505 3
506 4
507 2
508 5
509 4
510 1
511 3
512 1
513 2
514 5
515 5
516 1
517 3
518 4
519 3
520 5
521 2
522 1
523 1
524 5
525 3
526 2
527 5
528 3
529 3
530 1
531 1
532 1
533 2
534 3
535 5
536 2
537 5
538 2
539 4
540 5
541 5
542 2
543 3
544 3
545 3
546 1
547 4
548 1
549 2
550 4
551 1
552 3
553 1
554 3
555 4
556 4
557 3
558 3
559 4
560 4
561 1
562 1
563 3
564 4
565 5
566 2
567 4
568 3
569 4
570 2
571 3
572 4
573 5
574 5
575 1
576 1
577 4
578 4
579 1
580 4
581 5
582 5
583 2
584 1
585 3
586 3
587 5
588 1
589 5
590 2
591 5
592 3
593 4
594 4
595 5
596 1
597 2
598 3
599 4
600 2
601 3
602 3
603 1
604 4
605 4
606 2
607 4
608 5
609 3
610 4
611 2
612 2
613 3
614 3
615 2
616 3
617 4
618 1
619 1
620 3
621 1
622 2
623 4
624 5
625 4
626 5
627 3
628 1
629 1
630 1
631 1
632 5
633 5
634 2
635 1
636 4
637 3
638 4
639 2
640 4
641 3
642 5
643 2
644 5
645 1
646 3
647 4
648 3
649 5
650 3
651 4
652 5
653 4
654 2
655 4
656 2
657 1
658 1
659 2
660 4
661 3
662 3
663 4
664 5
665 2
666 3
667 5
668 1
669 1
670 4
671 4
672 1
673 2
674 5
675 4
676 3
677 2
678 3
679 4
680 2
681 1
682 2
683 4
684 4
685 2
686 1
687 4
688 4
689 1
690 1
691 2
692 2
693 1
694 3
695 5
696 3
697 3
698 2
699 1
700 2
701 4
702 4
703 2
704 2
705 5
706 5
707 5
708 4
709 1
710 1
711 3
712 5
713 2
714 5
715 1
716 2
717 1
718 1
719 3
720 1
721 2
722 4
723 5
724 4
725 2
726 4
727 2
728 5
729 5
730 3
731 3
732 1
733 5
734 3
735 2
736 4
737 1
738 3
739 3
740 5
741 4
742 5
743 3
744 4
745 5
746 1
747 2
748 2
749 4
750 4
751 1
752 3
753 1
754 5
755 5
756 3
757 2
758 2
759 5
760 3
761 1
762 4
763 1
764 1
765 2
766 2
767 1
768 4
769 4
770 3
771 1
772 2
773 4
774 2
775 1
776 4
777 4
778 2
779 1
780 4
781 3
782 1
783 1
784 2
785 3
786 2
787 5
788 3
789 1
790 2
791 1
792 4
793 3
794 2
795 2
796 4
797 4
798 3
799 5
800 1
801 4
802 2
803 3
804 4
805 4
806 3
807 3
808 1
809 1
810 4
811 5
812 5
813 5
814 3
815 4
816 2
817 1
818 4
819 4
820 1
821 2
822 3
823 3
824 2
825 3
826 4
827 1
828 4
829 4
830 2
831 3
832 4
833 1
834 5
835 1
836 3
837 1
838 3
839 2
840 2
841 2
842 3
843 2
844 3
845 2
846 1
847 5
848 4
849 3
850 3
851 2
852 3
853 1
854 5
855 1
856 1
857 5
858 1
859 1
860 5
861 4
862 3
863 5
864 2
865 4
866 1
867 2
868 5
869 3
870 3
871 3
872 3
873 3
874 5
875 2
876 5
877 1
878 5
879 2
880 2
881 5
882 4
883 3
884 4
885 1
886 3
887 3
888 1
889 4
890 2
891 4
892 4
893 1
894 2
895 4
896 2
897 2
898 1
899 1
900 4
901 4
902 2
903 1
904 2
905 3
906 1
907 3
908 2
909 4
910 5
911 3
912 5
913 1
914 3
915 3
916 4
917 4
918 2
919 5
920 3
921 1
922 5
923 1
924 5
925 1
926 2
927 2
928 5
929 2
930 5
931 2
932 4
933 5
934 5
935 1
936 5
937 2
938 2
939 4
940 3
941 1
942 5
943 3
944 3
945 3
946 2
947 4
948 4
949 2
950 4
951 1
952 1
953 1
954 2
955 4
956 2
957 5
958 4
959 5
960 3
961 1
962 1
963 5
964 1
965 2
966 2
967 1
968 5
969 5
970 4
971 5
972 1
973 5
974 5
975 1
976 1
977 1
978 2
979 2
980 2
981 3
982 1
983 2
984 5
985 3
986 2
987 5
988 3
989 5
990 4
991 2
992 3
993 2
994 2
995 2
996 5
997 3
998 4
999 1
