300 32 15698 0.35 129 80
0 11
1 9
2 26
3 18
4 5
5 14
6 26
7 24
8 18
9 19
10 7
11 5
12 9
13 1
14 13
15 2
16 19
17 2
18 20
19 13
20 21
21 13
22 7
23 8
24 2
25 31
26 15
27 9
28 27
29 19
30 19
31 15
32 12
33 28
34 24
35 21
36 18
37 15
38 7
39 7
40 1
41 17
42 23
43 2
44 26
45 24
46 23
47 28
48 22
49 21
50 29
51 8
52 17
53 4
54 24
55 24
56 18
57 28
58 7
59 8
60 32
61 12
62 14
63 25
64 32
65 4
66 18
67 19
68 5
69 2
70 30
71 5
72 28
73 15
74 12
75 7
76 27
77 12
78 10
79 25
80 5
81 27
82 24
83 2
84 2
85 4
86 7
87 14
88 16
89 26
90 28
91 23
92 18
93 31
94 18
95 14
96 11
97 3
98 14
99 15
100 1
101 9
102 27
103 19
104 32
105 3
106 13
107 5
108 26
109 14
110 10
111 16
112 19
113 20
114 17
115 13
116 13
117 3
118 6
119 20
120 19
121 11
122 5
123 26
124 11
125 19
126 12
127 11
128 16
129 16
130 22
131 3
132 28
133 17
134 10
135 2
136 17
137 29
138 6
139 3
140 6
141 2
142 21
143 28
144 26
145 23
146 26
147 15
148 16
149 18
150 21
151 3
152 21
153 12
154 28
155 17
156 20
157 17
158 9
159 22
160 12
161 8
162 23
163 23
164 7
165 8
166 11
167 18
168 31
169 30
170 1
171 20
172 16
173 17
174 25
175 6
176 10
177 16
178 29
179 24
180 15
181 1
182 25
183 3
184 2
185 1
186 4
187 12
188 29
189 9
190 18
191 27
192 24
193 1
194 24
195 22
196 9
197 21
198 12
199 29
200 22
201 1
202 29
203 10
204 24
205 1
206 3
207 15
208 25
209 16
210 22
211 8
212 5
213 4
214 27
215 11
216 9
217 31
218 6
219 21
220 11
221 7
222 9
223 10
224 4
225 22
226 14
227 7
228 11
229 10
230 6
231 30
232 11
233 8
234 19
235 8
236 5
237 4
238 5
239 4
240 4
241 14
242 9
243 9
244 6
245 27
246 18
247 3
248 6
249 1
250 1
251 17
252 24
253 2
254 13
255 28
256 20
257 32
258 17
259 4
260 10
261 22
262 1
263 8
264 15
265 29
266 22
267 30
268 5
269 16
270 8
271 30
272 23
273 20
274 15
275 9
276 30
277 16
278 23
279 23
280 5
281 6
282 5
283 6
284 20
285 25
286 3
287 13
288 19
289 4
290 20
291 12
292 6
293 29
294 7
295 21
296 26
297 13
298 14
299 10
