100 13 1733 0,35 47 25
0 12
1 11
2 6
3 9
4 3
5 7
6 7
7 1
8 5
9 8
10 7
11 5
12 7
13 5
14 5
15 3
16 8
17 4
18 6
19 2
20 10
21 9
22 7
23 3
24 1
25 3
26 2
27 3
28 7
29 4
30 6
31 4
32 10
33 10
34 5
35 13
36 10
37 6
38 1
39 10
40 3
41 11
42 1
43 9
44 12
45 11
46 8
47 5
48 1
49 3
50 6
51 11
52 4
53 2
54 9
55 12
56 1
57 4
58 6
59 1
60 9
61 11
62 2
63 2
64 5
65 5
66 9
67 9
68 8
69 2
70 9
71 3
72 12
73 3
74 10
75 4
76 4
77 9
78 8
79 4
80 6
81 3
82 4
83 5
84 3
85 7
86 1
87 7
88 8
89 5
90 2
91 4
92 12
93 1
94 8
95 9
96 6
97 6
98 1
99 3
