100 14 1733 0,35 47 25
0 1
1 7
2 14
3 8
4 7
5 7
6 4
7 5
8 5
9 2
10 11
11 11
12 1
13 6
14 8
15 13
16 2
17 4
18 7
19 4
20 9
21 12
22 5
23 5
24 9
25 12
26 4
27 5
28 12
29 10
30 11
31 4
32 12
33 3
34 8
35 3
36 1
37 3
38 12
39 6
40 1
41 3
42 10
43 11
44 1
45 10
46 2
47 8
48 13
49 1
50 7
51 12
52 10
53 2
54 11
55 1
56 12
57 11
58 7
59 9
60 14
61 9
62 4
63 5
64 6
65 8
66 10
67 10
68 8
69 8
70 3
71 2
72 7
73 13
74 2
75 11
76 10
77 3
78 2
79 6
80 5
81 9
82 7
83 6
84 9
85 9
86 3
87 2
88 2
89 8
90 4
91 4
92 5
93 4
94 1
95 10
96 3
97 6
98 13
99 10
