100 27 3007 0.61 71 47
0 21
1 23
2 18
3 19
4 13
5 5
6 25
7 1
8 15
9 4
10 4
11 13
12 21
13 1
14 18
15 17
16 17
17 15
18 3
19 11
20 5
21 6
22 3
23 7
24 14
25 18
26 8
27 16
28 8
29 26
30 27
31 17
32 24
33 4
34 3
35 2
36 26
37 7
38 16
39 15
40 5
41 2
42 7
43 9
44 12
45 23
46 9
47 22
48 4
49 7
50 13
51 15
52 1
53 6
54 3
55 21
56 12
57 9
58 2
59 13
60 19
61 1
62 6
63 1
64 10
65 24
66 12
67 19
68 2
69 16
70 19
71 17
72 7
73 2
74 1
75 20
76 5
77 14
78 3
79 2
80 4
81 15
82 16
83 22
84 8
85 11
86 14
87 18
88 12
89 11
90 5
91 6
92 5
93 6
94 10
95 10
96 3
97 20
98 9
99 8
