300 36 15698 0.35 129 80
0 25
1 8
2 27
3 28
4 12
5 4
6 12
7 15
8 1
9 8
10 34
11 13
12 17
13 24
14 10
15 13
16 25
17 21
18 2
19 26
20 19
21 14
22 25
23 32
24 35
25 4
26 2
27 10
28 14
29 3
30 15
31 22
32 12
33 30
34 4
35 32
36 30
37 31
38 25
39 7
40 13
41 17
42 12
43 25
44 13
45 7
46 23
47 6
48 28
49 8
50 26
51 11
52 15
53 24
54 7
55 4
56 9
57 2
58 4
59 1
60 1
61 22
62 20
63 21
64 33
65 11
66 11
67 29
68 24
69 31
70 25
71 9
72 6
73 8
74 6
75 15
76 16
77 29
78 28
79 11
80 2
81 14
82 17
83 15
84 7
85 22
86 31
87 20
88 6
89 30
90 17
91 9
92 6
93 31
94 19
95 14
96 16
97 16
98 27
99 3
100 13
101 33
102 14
103 15
104 18
105 23
106 14
107 4
108 18
109 7
110 9
111 5
112 9
113 1
114 8
115 21
116 14
117 19
118 23
119 2
120 1
121 30
122 28
123 22
124 5
125 7
126 29
127 1
128 26
129 21
130 20
131 1
132 3
133 3
134 10
135 33
136 18
137 19
138 15
139 5
140 12
141 2
142 5
143 12
144 14
145 8
146 26
147 20
148 9
149 6
150 31
151 20
152 32
153 3
154 26
155 27
156 11
157 10
158 10
159 8
160 16
161 13
162 15
163 16
164 1
165 21
166 17
167 4
168 24
169 14
170 10
171 36
172 5
173 1
174 21
175 27
176 12
177 17
178 7
179 18
180 2
181 3
182 10
183 23
184 18
185 8
186 9
187 3
188 18
189 2
190 4
191 9
192 28
193 21
194 35
195 16
196 12
197 13
198 27
199 34
200 20
201 5
202 19
203 10
204 2
205 8
206 16
207 4
208 4
209 4
210 11
211 7
212 21
213 6
214 27
215 6
216 2
217 24
218 2
219 3
220 17
221 20
222 3
223 2
224 11
225 5
226 34
227 25
228 19
229 16
230 9
231 23
232 25
233 7
234 5
235 18
236 19
237 6
238 13
239 6
240 13
241 15
242 2
243 20
244 3
245 11
246 3
247 7
248 6
249 11
250 22
251 32
252 23
253 22
254 26
255 17
256 6
257 13
258 22
259 23
260 9
261 23
262 22
263 29
264 24
265 3
266 6
267 26
268 1
269 10
270 1
271 5
272 27
273 18
274 27
275 8
276 24
277 26
278 21
279 19
280 17
281 31
282 7
283 1
284 14
285 1
286 8
287 18
288 9
289 27
290 19
291 1
292 16
293 10
294 11
295 5
296 3
297 4
298 15
299 5
