600 63 71880 0.4 277 205
0 18
1 42
2 21
3 49
4 10
5 51
6 14
7 33
8 13
9 13
10 23
11 43
12 20
13 12
14 51
15 25
16 34
17 44
18 4
19 28
20 48
21 17
22 13
23 41
24 59
25 35
26 15
27 31
28 22
29 21
30 28
31 63
32 9
33 44
34 18
35 40
36 20
37 42
38 13
39 43
40 23
41 49
42 40
43 55
44 15
45 34
46 17
47 16
48 20
49 23
50 30
51 9
52 54
53 37
54 39
55 31
56 33
57 26
58 53
59 19
60 29
61 8
62 12
63 25
64 12
65 3
66 48
67 6
68 47
69 27
70 17
71 16
72 44
73 57
74 38
75 55
76 15
77 24
78 17
79 47
80 30
81 45
82 16
83 22
84 4
85 32
86 3
87 11
88 47
89 49
90 1
91 33
92 55
93 50
94 17
95 44
96 5
97 18
98 54
99 5
100 40
101 21
102 63
103 26
104 26
105 38
106 49
107 32
108 31
109 22
110 35
111 6
112 15
113 44
114 32
115 20
116 23
117 37
118 26
119 57
120 16
121 22
122 49
123 7
124 63
125 15
126 15
127 6
128 25
129 30
130 51
131 53
132 4
133 51
134 36
135 37
136 32
137 9
138 20
139 61
140 19
141 38
142 47
143 11
144 37
145 4
146 21
147 41
148 13
149 36
150 13
151 45
152 62
153 21
154 27
155 20
156 57
157 18
158 16
159 28
160 1
161 1
162 43
163 5
164 24
165 50
166 34
167 42
168 37
169 27
170 28
171 32
172 19
173 36
174 57
175 30
176 17
177 9
178 14
179 19
180 12
181 43
182 36
183 56
184 8
185 38
186 29
187 54
188 26
189 41
190 20
191 18
192 61
193 32
194 50
195 62
196 32
197 50
198 39
199 3
200 26
201 20
202 55
203 13
204 39
205 1
206 7
207 39
208 17
209 27
210 7
211 35
212 33
213 26
214 18
215 16
216 59
217 52
218 14
219 1
220 60
221 53
222 22
223 6
224 31
225 1
226 36
227 38
228 38
229 16
230 49
231 46
232 48
233 21
234 45
235 33
236 46
237 12
238 2
239 28
240 34
241 44
242 38
243 34
244 14
245 4
246 3
247 3
248 11
249 1
250 25
251 24
252 9
253 36
254 20
255 14
256 5
257 10
258 31
259 25
260 19
261 4
262 34
263 19
264 24
265 21
266 5
267 52
268 12
269 28
270 26
271 55
272 43
273 41
274 45
275 22
276 1
277 4
278 6
279 16
280 17
281 46
282 18
283 7
284 23
285 49
286 6
287 49
288 50
289 10
290 6
291 10
292 35
293 56
294 13
295 32
296 31
297 43
298 52
299 4
300 53
301 19
302 17
303 37
304 29
305 36
306 41
307 41
308 9
309 63
310 12
311 9
312 60
313 33
314 22
315 58
316 42
317 12
318 25
319 14
320 3
321 6
322 60
323 35
324 27
325 60
326 6
327 43
328 1
329 37
330 2
331 18
332 8
333 20
334 13
335 16
336 19
337 41
338 26
339 8
340 56
341 44
342 10
343 14
344 42
345 36
346 12
347 29
348 8
349 3
350 4
351 23
352 62
353 34
354 58
355 27
356 49
357 55
358 55
359 1
360 29
361 6
362 34
363 10
364 9
365 14
366 55
367 31
368 45
369 52
370 44
371 58
372 17
373 35
374 39
375 48
376 58
377 14
378 18
379 29
380 22
381 7
382 52
383 7
384 11
385 1
386 47
387 42
388 11
389 24
390 45
391 15
392 7
393 12
394 53
395 42
396 9
397 24
398 1
399 5
400 5
401 10
402 42
403 13
404 43
405 32
406 20
407 58
408 10
409 29
410 23
411 19
412 7
413 2
414 57
415 30
416 10
417 3
418 61
419 10
420 11
421 14
422 13
423 40
424 14
425 30
426 57
427 45
428 25
429 8
430 18
431 40
432 40
433 33
434 4
435 52
436 47
437 27
438 31
439 48
440 46
441 39
442 56
443 22
444 12
445 15
446 51
447 41
448 46
449 51
450 50
451 25
452 4
453 22
454 55
455 7
456 45
457 2
458 33
459 53
460 2
461 56
462 11
463 63
464 26
465 42
466 47
467 22
468 24
469 21
470 36
471 15
472 34
473 11
474 35
475 53
476 2
477 27
478 8
479 2
480 16
481 26
482 27
483 40
484 8
485 38
486 2
487 42
488 48
489 3
490 15
491 60
492 4
493 39
494 24
495 54
496 22
497 44
498 38
499 7
500 3
501 13
502 24
503 7
504 53
505 4
506 61
507 23
508 7
509 24
510 39
511 61
512 36
513 33
514 2
515 58
516 3
517 52
518 30
519 11
520 38
521 37
522 30
523 57
524 48
525 27
526 15
527 6
528 56
529 10
530 46
531 23
532 33
533 16
534 47
535 13
536 50
537 45
538 24
539 39
540 3
541 23
542 28
543 5
544 29
545 48
546 8
547 21
548 51
549 14
550 2
551 30
552 4
553 4
554 59
555 25
556 11
557 17
558 40
559 53
560 29
561 2
562 35
563 62
564 40
565 28
566 47
567 15
568 8
569 26
570 60
571 6
572 30
573 19
574 23
575 30
576 8
577 46
578 2
579 59
580 5
581 54
582 5
583 53
584 37
585 50
586 28
587 14
588 17
589 9
590 6
591 40
592 35
593 16
594 21
595 34
596 37
597 4
598 48
599 5
