1000 500 375000 0.75 750 750
0 19
1 194
2 171
3 494
4 367
5 372
6 341
7 79
8 359
9 82
10 327
11 231
12 104
13 20
14 384
15 70
16 185
17 63
18 81
19 298
20 447
21 118
22 260
23 370
24 295
25 248
26 277
27 145
28 67
29 354
30 351
31 177
32 217
33 222
34 87
35 106
36 239
37 236
38 489
39 462
40 246
41 306
42 16
43 160
44 307
45 389
46 210
47 164
48 133
49 120
50 439
51 342
52 347
53 47
54 100
55 206
56 10
57 497
58 311
59 478
60 22
61 355
62 220
63 69
64 26
65 99
66 151
67 235
68 54
69 199
70 55
71 362
72 475
73 56
74 137
75 382
76 457
77 66
78 466
79 233
80 78
81 381
82 219
83 301
84 314
85 132
86 493
87 41
88 376
89 380
90 198
91 73
92 83
93 38
94 179
95 470
96 97
97 330
98 45
99 226
100 386
101 34
102 275
103 308
104 491
105 287
106 477
107 65
108 418
109 33
110 37
111 43
112 103
113 488
114 417
115 445
116 203
117 496
118 284
119 91
120 437
121 85
122 357
123 273
124 500
125 411
126 158
127 302
128 234
129 395
130 258
131 338
132 2
133 303
134 402
135 237
136 241
137 11
138 280
139 75
140 197
141 366
142 265
143 90
144 453
145 12
146 102
147 154
148 138
149 107
150 48
151 152
152 291
153 352
154 428
155 53
156 443
157 271
158 165
159 200
160 116
161 5
162 117
163 451
164 238
165 473
166 321
167 358
168 255
169 162
170 345
171 257
172 325
173 183
174 168
175 218
176 9
177 312
178 406
179 343
180 432
181 297
182 214
183 68
184 460
185 17
186 109
187 191
188 143
189 230
190 421
191 390
192 407
193 192
194 328
195 438
196 131
197 166
198 84
199 290
200 350
201 436
202 458
203 388
204 147
205 484
206 281
207 153
208 404
209 296
210 336
211 134
212 349
213 216
214 424
215 456
216 58
217 74
218 176
219 444
220 323
221 289
222 442
223 385
224 383
225 148
226 479
227 44
228 204
229 375
230 263
231 285
232 201
233 62
234 169
235 332
236 52
237 110
238 170
239 211
240 195
241 262
242 94
243 492
244 128
245 419
246 188
247 202
248 318
249 244
250 441
251 252
252 18
253 365
254 4
255 371
256 86
257 450
258 23
259 319
260 468
261 174
262 278
263 449
264 115
265 465
266 25
267 455
268 322
269 324
270 305
271 27
272 225
273 300
274 24
275 213
276 387
277 64
278 136
279 77
280 310
281 393
282 414
283 304
284 157
285 205
286 339
287 36
288 223
289 427
290 98
291 112
292 189
293 331
294 353
295 461
296 396
297 256
298 8
299 224
300 30
301 101
302 7
303 250
304 267
305 340
306 161
307 413
308 482
309 356
310 268
311 180
312 42
313 276
314 29
315 415
316 391
317 92
318 229
319 346
320 429
321 254
322 207
323 253
324 259
325 344
326 315
327 440
328 243
329 50
330 245
331 472
332 337
333 105
334 190
335 39
336 431
337 369
338 446
339 193
340 3
341 184
342 209
343 111
344 80
345 498
346 251
347 274
348 182
349 320
350 368
351 400
352 72
353 232
354 403
355 186
356 196
357 363
358 249
359 264
360 13
361 293
362 426
363 348
364 361
365 405
366 433
367 495
368 408
369 309
370 181
371 215
372 242
373 247
374 317
375 57
376 401
377 40
378 430
379 21
380 149
381 155
382 261
383 178
384 240
385 335
386 399
387 123
388 88
389 372
390 266
391 272
392 49
393 208
394 185
395 212
396 61
397 341
398 377
399 360
400 486
401 299
402 452
403 334
404 435
405 270
406 397
407 108
408 89
409 422
410 425
411 96
412 416
413 93
414 1
415 288
416 494
417 485
418 410
419 487
420 499
421 194
422 434
423 463
424 146
425 217
426 167
427 490
428 156
429 124
430 16
431 459
432 140
433 483
434 454
435 141
436 76
437 462
438 122
439 471
440 420
441 210
442 159
443 269
444 113
445 130
446 59
447 228
448 351
449 480
450 35
451 283
452 260
453 175
454 476
455 347
456 32
457 236
458 412
459 206
460 221
461 294
462 467
463 160
464 187
465 333
466 326
467 144
468 447
469 342
470 355
471 135
472 457
473 31
474 20
475 378
476 126
477 448
478 392
479 394
480 493
481 151
482 173
483 381
484 172
485 418
486 379
487 464
488 370
489 220
490 222
491 219
492 277
493 386
494 60
495 423
496 139
497 398
498 45
499 359
500 47
501 389
502 374
503 163
504 121
505 67
506 129
507 65
508 475
509 227
510 231
511 445
512 51
513 354
514 46
515 496
516 71
517 357
518 316
519 481
520 292
521 233
522 114
523 474
524 282
525 329
526 373
527 298
528 469
529 226
530 142
531 104
532 286
533 66
534 477
535 367
536 364
537 55
538 313
539 402
540 56
541 265
542 473
543 150
544 19
545 6
546 127
547 321
548 43
549 119
550 15
551 200
552 279
553 439
554 311
555 63
556 489
557 246
558 125
559 453
560 14
561 478
562 197
563 382
564 451
565 183
566 491
567 95
568 103
569 325
570 327
571 248
572 443
573 406
574 362
575 137
576 380
577 307
578 5
579 338
580 409
581 171
582 350
583 458
584 99
585 302
586 390
587 306
588 388
589 179
590 411
591 258
592 70
593 79
594 376
595 164
596 166
597 26
598 330
599 352
600 239
601 28
602 158
603 404
604 120
605 82
606 314
607 328
608 444
609 2
610 424
611 349
612 358
613 466
614 58
615 497
616 133
617 385
618 106
619 428
620 97
621 118
622 177
623 10
624 492
625 436
626 199
627 407
628 375
629 291
630 318
631 432
632 275
633 195
634 384
635 81
636 441
637 460
638 154
639 230
640 33
641 216
642 145
643 192
644 395
645 295
646 153
647 202
648 48
649 284
650 366
651 417
652 297
653 62
654 479
655 38
656 87
657 169
658 69
659 191
660 449
661 41
662 44
663 255
664 442
665 421
666 188
667 414
668 252
669 22
670 257
671 100
672 189
673 203
674 345
675 308
676 54
677 198
678 11
679 83
680 235
681 73
682 37
683 450
684 85
685 75
686 301
687 132
688 256
689 241
690 437
691 365
692 273
693 234
694 303
695 90
696 91
697 211
698 152
699 456
700 488
701 78
702 319
703 250
704 229
705 465
706 109
707 117
708 176
709 371
710 244
711 254
712 336
713 470
714 34
715 116
716 323
717 438
718 413
719 315
720 243
721 204
722 262
723 500
724 138
725 419
726 468
727 115
728 287
729 296
730 393
731 184
732 400
733 253
734 17
735 218
736 111
737 237
738 165
739 363
740 339
741 415
742 405
743 343
744 174
745 18
746 162
747 36
748 383
749 247
750 484
751 13
752 281
753 280
754 94
755 107
756 23
757 214
758 52
759 8
760 427
761 25
762 143
763 482
764 180
765 102
766 285
767 300
768 12
769 426
770 80
771 68
772 3
773 53
774 131
775 498
776 312
777 27
778 9
779 238
780 84
781 271
782 299
783 4
784 232
785 289
786 148
787 310
788 64
789 272
790 495
791 168
792 332
793 57
794 399
795 74
796 170
797 403
798 335
799 348
800 77
801 181
802 486
803 193
804 422
805 490
806 182
807 304
808 377
809 201
810 356
811 276
812 178
813 50
814 353
815 346
816 435
817 290
818 360
819 263
820 278
821 134
822 334
823 251
824 337
825 147
826 387
827 270
828 49
829 128
830 391
831 483
832 24
833 440
834 110
835 159
836 208
837 396
838 96
839 476
840 293
841 224
842 242
843 322
844 105
845 86
846 480
847 324
848 32
849 305
850 175
851 368
852 288
853 397
854 249
855 187
856 401
857 141
858 161
859 155
860 344
861 333
862 31
863 136
864 223
865 378
866 39
867 434
868 59
869 225
870 60
871 212
872 433
873 429
874 392
875 61
876 42
877 269
878 98
879 144
880 93
881 190
882 446
883 455
884 423
885 213
886 331
887 369
888 157
889 163
890 113
891 267
892 88
893 461
894 112
895 416
896 205
897 29
898 431
899 101
900 283
901 394
902 51
903 167
904 72
905 317
906 140
907 294
908 459
909 35
910 379
911 92
912 30
913 129
914 464
915 221
916 21
917 215
918 467
919 471
920 126
921 108
922 245
923 340
924 7
925 172
926 124
927 207
928 481
929 1
930 326
931 268
932 119
933 149
934 196
935 135
936 122
937 320
938 6
939 139
940 412
941 259
942 472
943 146
944 329
945 123
946 209
947 364
948 430
949 487
950 173
951 142
952 264
953 361
954 274
955 186
956 227
957 316
958 125
959 76
960 282
961 228
962 309
963 408
964 156
965 121
966 454
967 409
968 15
969 95
970 286
971 499
972 474
973 14
974 398
975 463
976 452
977 46
978 448
979 89
980 240
981 292
982 130
983 420
984 266
985 71
986 425
987 485
988 374
989 150
990 313
991 114
992 261
993 40
994 127
995 410
996 28
997 373
998 279
999 469
