100 22 3007 0.61 71 47
0 10
1 2
2 13
3 12
4 16
5 18
6 13
7 21
8 14
9 11
10 17
11 9
12 14
13 18
14 11
15 19
16 22
17 17
18 1
19 10
20 7
21 5
22 16
23 12
24 13
25 8
26 18
27 10
28 14
29 4
30 6
31 6
32 10
33 3
34 22
35 7
36 9
37 14
38 14
39 9
40 7
41 19
42 1
43 11
44 2
45 4
46 1
47 15
48 17
49 1
50 7
51 13
52 20
53 5
54 12
55 10
56 2
57 2
58 8
59 8
60 2
61 21
62 5
63 4
64 9
65 18
66 15
67 21
68 19
69 3
70 1
71 11
72 1
73 3
74 4
75 20
76 5
77 2
78 9
79 19
80 20
81 17
82 16
83 7
84 18
85 11
86 16
87 3
88 12
89 20
90 15
91 4
92 3
93 5
94 6
95 6
96 15
97 8
98 3
99 5
