600 64 71880 0,4 275 201
0 53
1 14
2 42
3 27
4 33
5 18
6 15
7 58
8 25
9 46
10 34
11 14
12 39
13 35
14 12
15 48
16 16
17 20
18 23
19 25
20 36
21 15
22 20
23 45
24 35
25 5
26 24
27 45
28 19
29 60
30 27
31 8
32 22
33 52
34 37
35 51
36 55
37 63
38 42
39 12
40 4
41 13
42 9
43 12
44 1
45 56
46 44
47 2
48 61
49 6
50 14
51 27
52 48
53 22
54 34
55 30
56 25
57 29
58 32
59 7
60 28
61 45
62 17
63 32
64 23
65 11
66 46
67 10
68 57
69 13
70 52
71 40
72 8
73 3
74 33
75 15
76 19
77 24
78 36
79 12
80 22
81 16
82 45
83 31
84 52
85 41
86 15
87 6
88 28
89 41
90 54
91 22
92 15
93 12
94 15
95 44
96 27
97 31
98 43
99 47
100 50
101 41
102 9
103 26
104 35
105 57
106 1
107 63
108 13
109 11
110 54
111 50
112 27
113 57
114 15
115 31
116 23
117 19
118 16
119 41
120 46
121 31
122 48
123 21
124 37
125 17
126 29
127 17
128 9
129 27
130 60
131 39
132 53
133 1
134 29
135 58
136 43
137 36
138 30
139 28
140 11
141 33
142 26
143 21
144 12
145 43
146 4
147 38
148 33
149 6
150 36
151 61
152 44
153 12
154 18
155 3
156 34
157 24
158 7
159 49
160 6
161 13
162 42
163 18
164 21
165 48
166 26
167 25
168 4
169 43
170 49
171 47
172 32
173 35
174 19
175 13
176 36
177 33
178 13
179 27
180 4
181 52
182 54
183 17
184 13
185 34
186 19
187 20
188 47
189 39
190 20
191 60
192 54
193 59
194 40
195 64
196 1
197 55
198 5
199 44
200 50
201 8
202 22
203 31
204 33
205 19
206 52
207 52
208 46
209 60
210 56
211 18
212 25
213 30
214 46
215 57
216 49
217 22
218 2
219 9
220 52
221 53
222 33
223 24
224 58
225 4
226 7
227 17
228 10
229 61
230 10
231 18
232 15
233 6
234 8
235 37
236 7
237 35
238 18
239 27
240 3
241 2
242 39
243 7
244 31
245 62
246 10
247 62
248 54
249 7
250 1
251 16
252 21
253 8
254 50
255 10
256 62
257 3
258 46
259 2
260 43
261 33
262 47
263 13
264 26
265 60
266 51
267 35
268 8
269 28
270 32
271 43
272 6
273 16
274 21
275 39
276 21
277 25
278 1
279 14
280 20
281 53
282 29
283 14
284 37
285 27
286 18
287 61
288 56
289 34
290 33
291 44
292 39
293 23
294 56
295 21
296 44
297 28
298 55
299 27
300 48
301 41
302 38
303 12
304 12
305 43
306 7
307 49
308 8
309 17
310 54
311 51
312 18
313 1
314 59
315 30
316 36
317 48
318 2
319 43
320 31
321 31
322 2
323 40
324 13
325 38
326 24
327 20
328 26
329 50
330 9
331 28
332 21
333 30
334 30
335 25
336 48
337 7
338 29
339 64
340 5
341 29
342 6
343 22
344 55
345 10
346 23
347 22
348 37
349 17
350 21
351 27
352 42
353 19
354 5
355 11
356 59
357 30
358 18
359 34
360 49
361 23
362 41
363 40
364 4
365 3
366 16
367 25
368 25
369 26
370 7
371 24
372 50
373 44
374 5
375 32
376 11
377 41
378 42
379 31
380 62
381 2
382 44
383 6
384 3
385 38
386 8
387 40
388 10
389 30
390 5
391 7
392 45
393 34
394 40
395 14
396 7
397 36
398 23
399 51
400 15
401 35
402 40
403 35
404 8
405 40
406 47
407 46
408 9
409 46
410 9
411 9
412 38
413 26
414 20
415 57
416 13
417 48
418 8
419 32
420 35
421 25
422 3
423 12
424 57
425 43
426 60
427 25
428 2
429 20
430 39
431 37
432 42
433 35
434 3
435 21
436 31
437 9
438 24
439 28
440 11
441 55
442 4
443 19
444 15
445 44
446 16
447 51
448 39
449 7
450 32
451 1
452 3
453 53
454 36
455 14
456 26
457 19
458 5
459 37
460 40
461 60
462 62
463 24
464 29
465 28
466 58
467 26
468 41
469 59
470 16
471 48
472 50
473 29
474 38
475 34
476 24
477 34
478 49
479 26
480 31
481 10
482 17
483 14
484 9
485 40
486 14
487 17
488 8
489 22
490 61
491 54
492 39
493 19
494 27
495 30
496 43
497 58
498 20
499 42
500 56
501 33
502 54
503 38
504 11
505 36
506 38
507 49
508 46
509 53
510 23
511 6
512 3
513 1
514 45
515 1
516 32
517 2
518 11
519 2
520 23
521 13
522 11
523 51
524 56
525 40
526 45
527 23
528 52
529 37
530 56
531 58
532 55
533 49
534 10
535 24
536 45
537 41
538 13
539 6
540 5
541 33
542 11
543 47
544 16
545 47
546 56
547 55
548 29
549 42
550 25
551 15
552 14
553 20
554 45
555 23
556 2
557 38
558 41
559 34
560 22
561 2
562 37
563 30
564 21
565 31
566 29
567 19
568 54
569 51
570 59
571 3
572 24
573 28
574 10
575 53
576 4
577 14
578 16
579 28
580 5
581 52
582 29
583 50
584 5
585 4
586 35
587 50
588 17
589 18
590 9
591 61
592 53
593 40
594 20
595 57
596 7
597 22
598 42
599 5
