600 5 143440 0,8 493 451
0 2
1 5
2 1
3 3
4 4
5 5
6 4
7 4
8 4
9 4
10 5
11 4
12 5
13 2
14 4
15 1
16 1
17 5
18 1
19 1
20 3
21 3
22 2
23 2
24 1
25 3
26 1
27 2
28 4
29 4
30 2
31 2
32 4
33 1
34 2
35 1
36 5
37 3
38 2
39 2
40 2
41 5
42 2
43 3
44 4
45 1
46 5
47 1
48 1
49 1
50 5
51 2
52 1
53 3
54 5
55 1
56 2
57 4
58 2
59 5
60 3
61 2
62 1
63 4
64 5
65 4
66 2
67 5
68 2
69 4
70 3
71 3
72 5
73 4
74 1
75 2
76 4
77 1
78 5
79 4
80 5
81 2
82 1
83 5
84 4
85 1
86 3
87 2
88 4
89 2
90 5
91 5
92 1
93 1
94 2
95 3
96 2
97 3
98 1
99 5
100 1
101 3
102 2
103 4
104 5
105 4
106 3
107 5
108 1
109 4
110 1
111 5
112 5
113 2
114 3
115 5
116 1
117 5
118 3
119 4
120 2
121 5
122 3
123 2
124 3
125 2
126 4
127 2
128 3
129 1
130 1
131 5
132 1
133 2
134 2
135 2
136 1
137 1
138 1
139 5
140 5
141 3
142 5
143 3
144 4
145 3
146 4
147 1
148 1
149 4
150 4
151 4
152 5
153 4
154 2
155 2
156 4
157 2
158 4
159 3
160 3
161 3
162 3
163 4
164 1
165 1
166 4
167 1
168 5
169 1
170 5
171 1
172 1
173 2
174 1
175 4
176 5
177 5
178 2
179 4
180 3
181 4
182 3
183 4
184 3
185 1
186 3
187 5
188 2
189 3
190 3
191 1
192 3
193 2
194 1
195 5
196 1
197 2
198 3
199 4
200 5
201 3
202 1
203 3
204 1
205 4
206 5
207 4
208 1
209 3
210 2
211 3
212 4
213 4
214 1
215 5
216 3
217 1
218 4
219 1
220 1
221 2
222 4
223 2
224 2
225 2
226 2
227 1
228 5
229 5
230 4
231 2
232 1
233 5
234 1
235 2
236 3
237 5
238 2
239 3
240 1
241 1
242 3
243 2
244 5
245 2
246 4
247 2
248 4
249 4
250 3
251 4
252 3
253 4
254 5
255 1
256 5
257 1
258 3
259 5
260 4
261 1
262 4
263 3
264 5
265 2
266 1
267 4
268 5
269 1
270 5
271 5
272 5
273 5
274 1
275 5
276 5
277 1
278 2
279 2
280 1
281 3
282 1
283 1
284 5
285 2
286 5
287 3
288 3
289 5
290 1
291 1
292 2
293 1
294 3
295 3
296 1
297 4
298 5
299 4
300 2
301 4
302 4
303 4
304 1
305 3
306 4
307 3
308 2
309 1
310 1
311 1
312 2
313 1
314 3
315 3
316 3
317 1
318 2
319 1
320 5
321 3
322 5
323 2
324 1
325 5
326 3
327 4
328 2
329 4
330 2
331 3
332 4
333 3
334 2
335 3
336 3
337 4
338 3
339 3
340 2
341 3
342 4
343 5
344 3
345 5
346 1
347 1
348 5
349 2
350 5
351 4
352 3
353 5
354 5
355 2
356 3
357 3
358 3
359 3
360 1
361 3
362 3
363 5
364 2
365 4
366 1
367 3
368 1
369 4
370 4
371 5
372 2
373 4
374 3
375 5
376 4
377 1
378 2
379 4
380 2
381 5
382 4
383 1
384 3
385 5
386 1
387 2
388 1
389 3
390 4
391 2
392 1
393 5
394 2
395 5
396 3
397 4
398 2
399 3
400 1
401 4
402 4
403 4
404 3
405 3
406 5
407 5
408 1
409 4
410 1
411 1
412 1
413 1
414 4
415 1
416 3
417 3
418 3
419 2
420 1
421 4
422 2
423 2
424 2
425 2
426 1
427 2
428 2
429 1
430 4
431 4
432 1
433 3
434 1
435 1
436 1
437 5
438 3
439 1
440 2
441 5
442 4
443 5
444 2
445 2
446 3
447 2
448 5
449 1
450 3
451 2
452 4
453 3
454 5
455 4
456 1
457 1
458 4
459 4
460 2
461 3
462 1
463 1
464 1
465 2
466 2
467 1
468 2
469 1
470 2
471 2
472 3
473 2
474 1
475 2
476 2
477 5
478 4
479 5
480 4
481 2
482 1
483 3
484 1
485 2
486 3
487 2
488 5
489 1
490 4
491 2
492 2
493 4
494 5
495 3
496 3
497 1
498 2
499 1
500 1
501 5
502 2
503 1
504 2
505 1
506 2
507 3
508 4
509 1
510 1
511 2
512 3
513 3
514 4
515 5
516 1
517 1
518 3
519 1
520 3
521 5
522 4
523 4
524 2
525 1
526 4
527 5
528 5
529 3
530 4
531 3
532 4
533 1
534 3
535 1
536 4
537 4
538 1
539 1
540 5
541 1
542 3
543 1
544 1
545 5
546 3
547 1
548 3
549 1
550 5
551 5
552 2
553 4
554 2
555 5
556 4
557 2
558 1
559 2
560 2
561 4
562 1
563 4
564 5
565 1
566 4
567 5
568 1
569 2
570 3
571 3
572 4
573 5
574 5
575 1
576 4
577 4
578 1
579 3
580 1
581 1
582 2
583 5
584 5
585 1
586 5
587 5
588 1
589 2
590 5
591 4
592 1
593 3
594 3
595 2
596 1
597 3
598 3
599 3
