1000 91 174825 0,35 402 308
0 58
1 13
2 5
3 24
4 53
5 25
6 1
7 16
8 69
9 23
10 52
11 21
12 9
13 45
14 7
15 19
16 2
17 34
18 14
19 56
20 12
21 55
22 13
23 69
24 71
25 69
26 65
27 55
28 4
29 13
30 46
31 3
32 12
33 19
34 68
35 56
36 45
37 20
38 79
39 66
40 11
41 42
42 56
43 15
44 10
45 33
46 2
47 54
48 68
49 13
50 69
51 29
52 17
53 67
54 32
55 22
56 19
57 14
58 34
59 67
60 33
61 50
62 22
63 73
64 51
65 43
66 8
67 19
68 50
69 56
70 30
71 56
72 40
73 16
74 86
75 19
76 17
77 11
78 14
79 22
80 54
81 65
82 55
83 8
84 27
85 10
86 47
87 11
88 31
89 12
90 5
91 11
92 49
93 81
94 29
95 21
96 86
97 45
98 1
99 3
100 59
101 44
102 72
103 6
104 38
105 9
106 14
107 57
108 75
109 40
110 49
111 33
112 2
113 67
114 47
115 24
116 34
117 9
118 15
119 65
120 85
121 3
122 68
123 50
124 37
125 43
126 30
127 16
128 84
129 76
130 71
131 62
132 77
133 8
134 9
135 2
136 18
137 83
138 39
139 24
140 34
141 8
142 39
143 15
144 69
145 33
146 61
147 14
148 35
149 7
150 42
151 6
152 12
153 80
154 18
155 64
156 44
157 12
158 58
159 34
160 81
161 59
162 64
163 57
164 23
165 36
166 83
167 59
168 7
169 45
170 1
171 21
172 48
173 61
174 57
175 60
176 41
177 71
178 13
179 53
180 42
181 77
182 73
183 13
184 33
185 70
186 36
187 46
188 56
189 4
190 21
191 20
192 19
193 68
194 5
195 6
196 3
197 61
198 70
199 28
200 15
201 38
202 76
203 52
204 27
205 30
206 50
207 29
208 62
209 42
210 55
211 55
212 22
213 25
214 63
215 84
216 79
217 4
218 33
219 32
220 31
221 10
222 31
223 77
224 1
225 56
226 64
227 55
228 13
229 33
230 24
231 47
232 21
233 60
234 58
235 45
236 7
237 30
238 54
239 26
240 1
241 36
242 68
243 34
244 49
245 24
246 60
247 28
248 84
249 12
250 48
251 67
252 6
253 44
254 63
255 21
256 83
257 84
258 29
259 1
260 32
261 7
262 8
263 30
264 12
265 57
266 21
267 21
268 80
269 59
270 5
271 72
272 1
273 42
274 60
275 12
276 2
277 12
278 80
279 50
280 53
281 9
282 53
283 55
284 74
285 16
286 22
287 34
288 44
289 3
290 72
291 9
292 5
293 69
294 40
295 17
296 74
297 74
298 44
299 46
300 36
301 4
302 33
303 53
304 30
305 6
306 34
307 42
308 17
309 45
310 47
311 86
312 31
313 31
314 77
315 14
316 65
317 33
318 8
319 2
320 66
321 22
322 58
323 12
324 14
325 43
326 53
327 32
328 28
329 1
330 32
331 89
332 28
333 62
334 19
335 5
336 18
337 29
338 35
339 20
340 25
341 20
342 83
343 36
344 9
345 37
346 69
347 80
348 29
349 62
350 49
351 73
352 39
353 39
354 48
355 65
356 63
357 21
358 65
359 62
360 19
361 70
362 77
363 31
364 56
365 27
366 15
367 84
368 46
369 59
370 74
371 9
372 38
373 37
374 71
375 63
376 7
377 73
378 21
379 87
380 39
381 43
382 4
383 11
384 28
385 71
386 3
387 2
388 87
389 35
390 39
391 34
392 5
393 18
394 78
395 43
396 45
397 47
398 5
399 30
400 78
401 75
402 58
403 49
404 57
405 70
406 17
407 23
408 84
409 71
410 78
411 17
412 3
413 57
414 7
415 26
416 76
417 35
418 49
419 9
420 72
421 45
422 27
423 28
424 12
425 1
426 30
427 65
428 55
429 59
430 54
431 51
432 16
433 14
434 15
435 18
436 48
437 42
438 46
439 40
440 72
441 5
442 38
443 66
444 59
445 35
446 46
447 66
448 21
449 25
450 68
451 40
452 67
453 7
454 40
455 31
456 20
457 22
458 29
459 16
460 51
461 58
462 77
463 77
464 49
465 49
466 7
467 86
468 1
469 64
470 8
471 30
472 34
473 42
474 73
475 18
476 62
477 47
478 11
479 50
480 48
481 29
482 16
483 26
484 32
485 30
486 25
487 23
488 43
489 16
490 1
491 85
492 76
493 28
494 26
495 40
496 79
497 30
498 20
499 40
500 38
501 64
502 38
503 75
504 72
505 47
506 78
507 58
508 69
509 36
510 78
511 8
512 45
513 32
514 88
515 40
516 37
517 59
518 20
519 35
520 63
521 71
522 23
523 46
524 33
525 3
526 86
527 48
528 20
529 53
530 41
531 32
532 4
533 35
534 43
535 18
536 24
537 87
538 6
539 11
540 1
541 79
542 73
543 24
544 58
545 5
546 5
547 85
548 18
549 1
550 80
551 48
552 76
553 19
554 44
555 60
556 13
557 83
558 62
559 23
560 3
561 61
562 13
563 22
564 6
565 5
566 58
567 11
568 86
569 9
570 19
571 3
572 15
573 67
574 29
575 18
576 27
577 38
578 10
579 44
580 25
581 26
582 89
583 11
584 77
585 6
586 26
587 73
588 19
589 76
590 14
591 72
592 37
593 4
594 55
595 2
596 36
597 21
598 61
599 74
600 71
601 5
602 6
603 72
604 2
605 28
606 63
607 4
608 7
609 26
610 47
611 4
612 52
613 54
614 36
615 38
616 59
617 34
618 90
619 34
620 5
621 51
622 48
623 33
624 5
625 70
626 60
627 58
628 27
629 55
630 86
631 18
632 54
633 10
634 42
635 64
636 68
637 32
638 53
639 75
640 72
641 82
642 41
643 8
644 15
645 23
646 16
647 50
648 39
649 29
650 43
651 7
652 38
653 11
654 72
655 66
656 4
657 14
658 30
659 48
660 51
661 57
662 11
663 40
664 18
665 30
666 40
667 52
668 52
669 61
670 37
671 22
672 45
673 24
674 47
675 21
676 8
677 19
678 8
679 7
680 65
681 46
682 6
683 13
684 63
685 82
686 61
687 7
688 1
689 70
690 51
691 75
692 27
693 75
694 25
695 63
696 31
697 41
698 70
699 57
700 3
701 75
702 49
703 41
704 87
705 31
706 54
707 60
708 16
709 39
710 48
711 29
712 48
713 26
714 39
715 61
716 85
717 2
718 78
719 70
720 41
721 20
722 32
723 2
724 26
725 51
726 58
727 26
728 17
729 77
730 24
731 22
732 62
733 78
734 60
735 18
736 20
737 12
738 56
739 54
740 14
741 49
742 6
743 27
744 13
745 72
746 17
747 85
748 32
749 23
750 81
751 15
752 82
753 8
754 23
755 76
756 35
757 64
758 25
759 2
760 37
761 20
762 53
763 3
764 20
765 41
766 1
767 70
768 67
769 36
770 7
771 60
772 50
773 62
774 12
775 59
776 89
777 35
778 5
779 63
780 16
781 76
782 23
783 47
784 44
785 52
786 53
787 13
788 10
789 91
790 23
791 18
792 42
793 10
794 61
795 52
796 3
797 8
798 70
799 29
800 78
801 81
802 9
803 66
804 15
805 75
806 14
807 19
808 2
809 18
810 19
811 22
812 79
813 35
814 39
815 15
816 24
817 31
818 17
819 82
820 10
821 46
822 17
823 68
824 1
825 10
826 47
827 66
828 35
829 33
830 47
831 50
832 31
833 15
834 13
835 6
836 45
837 28
838 40
839 45
840 27
841 32
842 36
843 25
844 34
845 6
846 76
847 48
848 51
849 50
850 43
851 39
852 26
853 36
854 74
855 28
856 65
857 34
858 21
859 65
860 3
861 12
862 60
863 27
864 26
865 88
866 20
867 9
868 58
869 63
870 44
871 40
872 25
873 24
874 65
875 46
876 36
877 12
878 6
879 15
880 31
881 36
882 21
883 81
884 32
885 22
886 57
887 17
888 9
889 29
890 27
891 43
892 74
893 18
894 43
895 16
896 4
897 67
898 63
899 11
900 39
901 3
902 37
903 79
904 56
905 16
906 60
907 41
908 54
909 37
910 23
911 81
912 69
913 27
914 39
915 51
916 10
917 37
918 82
919 64
920 52
921 9
922 37
923 84
924 54
925 14
926 72
927 55
928 49
929 31
930 67
931 4
932 45
933 35
934 18
935 10
936 57
937 3
938 17
939 52
940 71
941 41
942 38
943 16
944 4
945 10
946 11
947 24
948 28
949 59
950 37
951 57
952 14
953 47
954 19
955 51
956 82
957 52
958 79
959 13
960 42
961 26
962 44
963 62
964 4
965 42
966 35
967 79
968 51
969 64
970 41
971 2
972 9
973 29
974 15
975 32
976 57
977 80
978 83
979 90
980 8
981 38
982 6
983 25
984 53
985 23
986 15
987 49
988 16
989 41
990 53
991 7
992 13
993 42
994 73
995 27
996 64
997 73
998 83
999 6
