300 55 26777 0.6 204 152
0 42
1 21
2 2
3 43
4 47
5 17
6 20
7 47
8 5
9 4
10 17
11 17
12 45
13 4
14 23
15 6
16 28
17 34
18 43
19 29
20 43
21 29
22 5
23 31
24 50
25 44
26 13
27 11
28 39
29 6
30 22
31 35
32 23
33 17
34 34
35 29
36 15
37 40
38 5
39 36
40 15
41 3
42 5
43 49
44 41
45 25
46 26
47 50
48 26
49 9
50 9
51 44
52 36
53 14
54 47
55 35
56 21
57 31
58 33
59 36
60 34
61 4
62 14
63 11
64 1
65 33
66 4
67 27
68 12
69 26
70 38
71 12
72 9
73 16
74 30
75 4
76 19
77 41
78 26
79 38
80 39
81 27
82 14
83 51
84 37
85 28
86 27
87 3
88 7
89 51
90 27
91 16
92 35
93 10
94 10
95 36
96 31
97 36
98 32
99 44
100 54
101 2
102 44
103 43
104 31
105 8
106 4
107 24
108 19
109 23
110 12
111 24
112 45
113 40
114 13
115 21
116 10
117 26
118 32
119 14
120 42
121 16
122 42
123 17
124 33
125 10
126 40
127 47
128 25
129 25
130 13
131 15
132 42
133 8
134 40
135 21
136 7
137 49
138 13
139 45
140 2
141 5
142 17
143 10
144 6
145 1
146 35
147 24
148 48
149 39
150 6
151 41
152 22
153 28
154 31
155 54
156 46
157 2
158 20
159 22
160 7
161 50
162 19
163 29
164 44
165 46
166 26
167 48
168 34
169 29
170 3
171 8
172 23
173 20
174 50
175 42
176 53
177 10
178 45
179 35
180 3
181 12
182 20
183 24
184 12
185 50
186 8
187 6
188 52
189 32
190 2
191 16
192 48
193 16
194 15
195 40
196 9
197 41
198 29
199 33
200 18
201 21
202 44
203 22
204 30
205 24
206 54
207 47
208 8
209 46
210 20
211 14
212 48
213 15
214 3
215 28
216 5
217 15
218 45
219 30
220 46
221 25
222 1
223 37
224 49
225 4
226 19
227 4
228 23
229 2
230 7
231 37
232 16
233 44
234 22
235 38
236 53
237 17
238 7
239 1
240 19
241 38
242 38
243 11
244 1
245 5
246 33
247 9
248 39
249 18
250 27
251 15
252 47
253 28
254 48
255 18
256 6
257 8
258 42
259 32
260 22
261 46
262 14
263 30
264 38
265 55
266 1
267 34
268 26
269 41
270 12
271 3
272 19
273 13
274 11
275 18
276 52
277 24
278 16
279 9
280 30
281 30
282 55
283 37
284 11
285 27
286 6
287 3
288 47
289 32
290 37
291 13
292 10
293 39
294 7
295 25
296 12
297 18
298 48
299 18
