100 13 1733 0.35 47 25
0 2
1 5
2 1
3 9
4 12
5 11
6 8
7 7
8 3
9 11
10 5
11 3
12 5
13 6
14 6
15 8
16 1
17 4
18 13
19 4
20 7
21 10
22 3
23 8
24 6
25 8
26 2
27 7
28 10
29 2
30 10
31 4
32 3
33 6
34 6
35 12
36 10
37 4
38 12
39 10
40 6
41 12
42 9
43 2
44 2
45 6
46 9
47 2
48 8
49 8
50 13
51 1
52 13
53 1
54 5
55 5
56 7
57 4
58 10
59 7
60 2
61 2
62 5
63 3
64 3
65 2
66 4
67 1
68 2
69 13
70 11
71 1
72 1
73 8
74 9
75 4
76 4
77 7
78 6
79 5
80 6
81 1
82 9
83 10
84 8
85 5
86 7
87 1
88 7
89 10
90 13
91 2
92 12
93 3
94 3
95 3
96 9
97 13
98 6
99 8
