1000 334 250000 0.5 500 500
0 201
1 213
2 57
3 116
4 176
5 194
6 230
7 22
8 141
9 190
10 296
11 7
12 313
13 1
14 182
15 314
16 237
17 97
18 298
19 191
20 10
21 52
22 310
23 3
24 34
25 56
26 60
27 145
28 216
29 63
30 277
31 107
32 272
33 226
34 262
35 268
36 100
37 50
38 164
39 31
40 134
41 105
42 281
43 166
44 106
45 72
46 330
47 185
48 114
49 154
50 270
51 5
52 99
53 252
54 142
55 229
56 19
57 187
58 173
59 232
60 206
61 150
62 169
63 303
64 35
65 251
66 110
67 54
68 294
69 165
70 189
71 306
72 276
73 329
74 77
75 263
76 83
77 297
78 217
79 36
80 64
81 288
82 207
83 43
84 160
85 309
86 167
87 199
88 47
89 108
90 24
91 239
92 300
93 78
94 127
95 61
96 122
97 181
98 333
99 222
100 225
101 211
102 124
103 212
104 178
105 96
106 32
107 249
108 204
109 81
110 228
111 235
112 308
113 119
114 153
115 109
116 316
117 33
118 26
119 73
120 103
121 38
122 66
123 247
124 76
125 59
126 6
127 179
128 30
129 70
130 175
131 248
132 246
133 148
134 245
135 68
136 250
137 284
138 203
139 87
140 129
141 282
142 125
143 140
144 2
145 271
146 200
147 264
148 82
149 37
150 123
151 41
152 28
153 130
154 304
155 283
156 172
157 118
158 209
159 302
160 79
161 224
162 102
163 234
164 39
165 269
166 158
167 162
168 184
169 334
170 318
171 253
172 48
173 177
174 93
175 218
176 285
177 299
178 161
179 138
180 137
181 324
182 95
183 74
184 327
185 146
186 135
187 91
188 133
189 240
190 196
191 241
192 121
193 331
194 21
195 326
196 8
197 266
198 90
199 301
200 44
201 192
202 188
203 62
204 45
205 223
206 163
207 242
208 29
209 180
210 139
211 279
212 205
213 149
214 170
215 131
216 254
217 289
218 243
219 55
220 311
221 293
222 320
223 89
224 202
225 104
226 287
227 215
228 98
229 71
230 111
231 220
232 322
233 143
234 85
235 193
236 112
237 42
238 291
239 236
240 238
241 257
242 221
243 115
244 128
245 295
246 261
247 332
248 195
249 233
250 113
251 260
252 65
253 198
254 201
255 58
256 231
257 208
258 69
259 325
260 186
261 11
262 256
263 157
264 323
265 144
266 101
267 292
268 315
269 197
270 51
271 94
272 286
273 182
274 280
275 52
276 214
277 75
278 67
279 147
280 84
281 40
282 258
283 219
284 317
285 63
286 274
287 328
288 265
289 27
290 18
291 145
292 80
293 164
294 31
295 190
296 227
297 310
298 20
299 46
300 9
301 4
302 226
303 5
304 136
305 267
306 100
307 60
308 168
309 237
310 23
311 174
312 171
313 296
314 244
315 176
316 35
317 173
318 86
319 298
320 132
321 15
322 117
323 25
324 183
325 88
326 159
327 166
328 57
329 232
330 306
331 116
332 263
333 187
334 330
335 273
336 142
337 185
338 126
339 14
340 72
341 213
342 43
343 167
344 281
345 307
346 303
347 49
348 97
349 259
350 305
351 276
352 165
353 99
354 34
355 169
356 120
357 206
358 107
359 13
360 122
361 321
362 181
363 178
364 278
365 150
366 270
367 134
368 156
369 32
370 160
371 191
372 249
373 96
374 333
375 53
376 106
377 212
378 1
379 255
380 228
381 312
382 109
383 155
384 319
385 239
386 210
387 127
388 222
389 124
390 50
391 119
392 30
393 262
394 225
395 140
396 288
397 17
398 153
399 216
400 37
401 154
402 33
403 151
404 309
405 152
406 207
407 108
408 12
409 141
410 148
411 275
412 316
413 16
414 77
415 314
416 271
417 130
418 272
419 179
420 7
421 125
422 283
423 211
424 302
425 56
426 313
427 218
428 194
429 48
430 83
431 200
432 92
433 129
434 93
435 138
436 184
437 251
438 250
439 327
440 297
441 81
442 95
443 3
444 252
445 247
446 277
447 253
448 118
449 54
450 158
451 268
452 246
453 162
454 123
455 331
456 44
457 318
458 290
459 121
460 133
461 90
462 38
463 285
464 22
465 29
466 61
467 196
468 170
469 163
470 24
471 299
472 293
473 326
474 105
475 68
476 254
477 114
478 137
479 217
480 324
481 230
482 289
483 6
484 19
485 204
486 104
487 193
488 131
489 229
490 192
491 175
492 223
493 209
494 177
495 235
496 188
497 322
498 264
499 294
500 279
501 257
502 73
503 146
504 10
505 87
506 242
507 231
508 291
509 282
510 78
511 224
512 42
513 110
514 308
515 8
516 71
517 76
518 69
519 11
520 221
521 149
522 284
523 102
524 320
525 65
526 182
527 82
528 269
529 329
530 266
531 58
532 292
533 248
534 189
535 261
536 115
537 28
538 236
539 202
540 172
541 180
542 215
543 186
544 205
545 274
546 39
547 203
548 41
549 36
550 64
551 208
552 161
553 18
554 260
555 52
556 304
557 26
558 62
559 143
560 139
561 55
562 174
563 59
564 94
565 157
566 334
567 199
568 128
569 100
570 135
571 328
572 197
573 117
574 51
575 265
576 47
577 243
578 145
579 132
580 2
581 332
582 168
583 103
584 296
585 256
586 136
587 66
588 31
589 237
590 35
591 46
592 9
593 74
594 300
595 238
596 113
597 20
598 40
599 245
600 70
601 21
602 27
603 166
604 15
605 159
606 14
607 258
608 287
609 325
610 89
611 183
612 311
613 267
614 122
615 91
616 198
617 233
618 307
619 4
620 244
621 49
622 144
623 126
624 120
625 25
626 32
627 240
628 53
629 241
630 315
631 255
632 270
633 45
634 88
635 195
636 34
637 210
638 23
639 97
640 263
641 85
642 98
643 278
644 111
645 13
646 150
647 63
648 234
649 317
650 280
651 79
652 17
653 249
654 219
655 227
656 1
657 67
658 301
659 262
660 151
661 155
662 148
663 316
664 214
665 16
666 171
667 216
668 273
669 259
670 176
671 112
672 333
673 77
674 86
675 124
676 319
677 302
678 101
679 134
680 283
681 220
682 185
683 179
684 321
685 152
686 272
687 138
688 286
689 275
690 288
691 7
692 281
693 323
694 154
695 92
696 80
697 127
698 313
699 312
700 75
701 247
702 277
703 271
704 327
705 156
706 303
707 253
708 107
709 226
710 12
711 305
712 194
713 306
714 187
715 310
716 290
717 206
718 297
719 116
720 191
721 81
722 314
723 318
724 201
725 57
726 295
727 61
728 326
729 232
730 147
731 293
732 251
733 298
734 178
735 84
736 230
737 268
738 228
739 190
740 331
741 324
742 213
743 105
744 285
745 106
746 181
747 43
748 72
749 60
750 322
751 114
752 204
753 22
754 54
755 246
756 141
757 125
758 212
759 10
760 200
761 44
762 56
763 38
764 140
765 3
766 222
767 211
768 229
769 137
770 108
771 264
772 50
773 19
774 235
775 76
776 102
777 252
778 239
779 165
780 83
781 164
782 221
783 308
784 292
785 330
786 207
787 289
788 169
789 261
790 99
791 248
792 276
793 78
794 167
795 160
796 189
797 5
798 173
799 217
800 299
801 87
802 142
803 309
804 129
805 48
806 64
807 30
808 329
809 250
810 231
811 282
812 242
813 284
814 110
815 294
816 266
817 115
818 6
819 225
820 24
821 174
822 94
823 158
824 236
825 36
826 196
827 184
828 117
829 257
830 254
831 47
832 172
833 334
834 149
835 199
836 119
837 104
838 109
839 28
840 260
841 59
842 96
843 133
844 153
845 279
846 218
847 209
848 192
849 180
850 135
851 73
852 136
853 113
854 103
855 157
856 332
857 33
858 90
859 2
860 245
861 26
862 224
863 82
864 183
865 325
866 91
867 175
868 68
869 146
870 66
871 267
872 177
873 320
874 291
875 70
876 203
877 89
878 274
879 20
880 41
881 29
882 315
883 15
884 118
885 304
886 223
887 287
888 161
889 188
890 4
891 162
892 238
893 328
894 130
895 123
896 121
897 37
898 143
899 139
900 234
901 74
902 215
903 269
904 39
905 71
906 9
907 79
908 227
909 197
910 85
911 151
912 120
913 168
914 13
915 155
916 93
917 95
918 67
919 186
920 240
921 111
922 42
923 98
924 126
925 62
926 258
927 25
928 205
929 131
930 280
931 273
932 278
933 241
934 244
935 8
936 163
937 51
938 112
939 21
940 170
941 243
942 301
943 45
944 49
945 132
946 159
947 128
948 193
949 233
950 18
951 208
952 101
953 311
954 214
955 17
956 202
957 55
958 171
959 255
960 198
961 312
962 210
963 319
964 321
965 156
966 80
967 317
968 195
969 27
970 290
971 275
972 220
973 305
974 88
975 92
976 12
977 152
978 307
979 286
980 295
981 86
982 40
983 256
984 265
985 65
986 46
987 75
988 84
989 14
990 23
991 259
992 58
993 147
994 144
995 53
996 69
997 16
998 11
999 219
