100 17 1733 0,35 47 25
0 2
1 9
2 4
3 13
4 10
5 12
6 15
7 15
8 12
9 12
10 4
11 3
12 10
13 11
14 3
15 2
16 1
17 2
18 10
19 14
20 10
21 5
22 4
23 2
24 6
25 7
26 3
27 8
28 2
29 1
30 2
31 1
32 1
33 11
34 3
35 16
36 15
37 10
38 3
39 8
40 2
41 13
42 9
43 4
44 9
45 5
46 12
47 1
48 7
49 7
50 7
51 3
52 6
53 16
54 6
55 17
56 3
57 1
58 5
59 5
60 2
61 1
62 3
63 8
64 11
65 9
66 5
67 6
68 10
69 9
70 13
71 7
72 4
73 4
74 1
75 6
76 4
77 2
78 11
79 16
80 10
81 8
82 12
83 14
84 7
85 1
86 1
87 4
88 14
89 9
90 6
91 8
92 13
93 6
94 12
95 4
96 16
97 11
98 5
99 5
