300 5 35794 0,8 257 232
0 1
1 4
2 3
3 5
4 2
5 2
6 1
7 4
8 4
9 5
10 2
11 4
12 3
13 1
14 1
15 3
16 5
17 3
18 3
19 3
20 1
21 3
22 2
23 5
24 1
25 4
26 2
27 5
28 3
29 3
30 2
31 3
32 4
33 1
34 4
35 3
36 3
37 1
38 5
39 2
40 3
41 3
42 1
43 1
44 1
45 1
46 4
47 4
48 2
49 1
50 5
51 1
52 2
53 1
54 4
55 4
56 5
57 4
58 1
59 2
60 2
61 5
62 4
63 3
64 5
65 1
66 4
67 3
68 5
69 4
70 2
71 5
72 4
73 2
74 4
75 3
76 4
77 4
78 2
79 3
80 4
81 4
82 1
83 3
84 4
85 5
86 2
87 3
88 5
89 2
90 3
91 1
92 4
93 4
94 5
95 4
96 3
97 3
98 1
99 1
100 4
101 4
102 5
103 1
104 4
105 3
106 1
107 3
108 1
109 1
110 2
111 2
112 4
113 4
114 4
115 4
116 4
117 4
118 5
119 1
120 1
121 3
122 5
123 5
124 1
125 1
126 5
127 1
128 5
129 5
130 1
131 4
132 5
133 5
134 4
135 1
136 3
137 2
138 1
139 3
140 4
141 4
142 2
143 3
144 1
145 1
146 3
147 4
148 3
149 3
150 5
151 1
152 5
153 2
154 1
155 1
156 2
157 1
158 4
159 2
160 5
161 3
162 4
163 5
164 2
165 2
166 2
167 2
168 5
169 2
170 1
171 2
172 3
173 3
174 3
175 3
176 2
177 3
178 2
179 3
180 2
181 4
182 3
183 5
184 1
185 4
186 3
187 3
188 3
189 3
190 1
191 1
192 5
193 2
194 1
195 4
196 2
197 2
198 1
199 1
200 2
201 1
202 4
203 3
204 3
205 5
206 2
207 1
208 2
209 2
210 4
211 1
212 4
213 5
214 4
215 5
216 5
217 2
218 4
219 4
220 3
221 1
222 4
223 2
224 1
225 3
226 4
227 1
228 4
229 2
230 2
231 1
232 5
233 2
234 5
235 2
236 3
237 4
238 1
239 5
240 5
241 3
242 4
243 2
244 2
245 2
246 4
247 1
248 4
249 2
250 2
251 1
252 5
253 4
254 3
255 3
256 4
257 3
258 2
259 1
260 3
261 3
262 3
263 3
264 1
265 4
266 4
267 1
268 3
269 5
270 1
271 3
272 4
273 2
274 2
275 4
276 2
277 1
278 1
279 1
280 2
281 5
282 2
283 1
284 4
285 3
286 1
287 1
288 3
289 4
290 3
291 4
292 2
293 3
294 2
295 1
296 2
297 4
298 5
299 4
