600 98 108114 0.6 396 324
0 10
1 85
2 67
3 17
4 46
5 68
6 61
7 43
8 53
9 48
10 68
11 68
12 83
13 36
14 51
15 40
16 5
17 71
18 73
19 98
20 67
21 14
22 43
23 47
24 6
25 45
26 45
27 9
28 8
29 15
30 42
31 43
32 92
33 70
34 39
35 63
36 24
37 56
38 59
39 44
40 21
41 33
42 73
43 81
44 79
45 71
46 34
47 24
48 19
49 90
50 87
51 74
52 11
53 26
54 5
55 1
56 48
57 28
58 64
59 32
60 7
61 6
62 30
63 7
64 17
65 2
66 62
67 3
68 36
69 65
70 10
71 15
72 70
73 18
74 14
75 2
76 89
77 54
78 24
79 51
80 18
81 5
82 76
83 34
84 31
85 84
86 9
87 63
88 10
89 42
90 3
91 91
92 97
93 80
94 91
95 96
96 65
97 30
98 12
99 13
100 61
101 10
102 57
103 51
104 69
105 87
106 37
107 75
108 65
109 80
110 69
111 35
112 64
113 41
114 96
115 4
116 5
117 51
118 52
119 11
120 73
121 56
122 10
123 22
124 23
125 15
126 25
127 53
128 92
129 80
130 29
131 51
132 20
133 31
134 55
135 82
136 24
137 77
138 3
139 67
140 34
141 34
142 22
143 52
144 57
145 21
146 19
147 19
148 45
149 6
150 57
151 58
152 60
153 58
154 51
155 41
156 23
157 62
158 87
159 40
160 37
161 10
162 58
163 38
164 5
165 57
166 2
167 81
168 54
169 6
170 18
171 60
172 30
173 51
174 43
175 60
176 1
177 76
178 58
179 34
180 1
181 96
182 11
183 81
184 56
185 17
186 4
187 14
188 11
189 52
190 37
191 91
192 8
193 32
194 25
195 63
196 15
197 74
198 46
199 84
200 44
201 39
202 2
203 47
204 94
205 31
206 87
207 41
208 17
209 88
210 61
211 25
212 38
213 69
214 62
215 21
216 54
217 17
218 26
219 30
220 78
221 82
222 17
223 73
224 7
225 27
226 77
227 19
228 57
229 21
230 90
231 80
232 58
233 4
234 67
235 11
236 64
237 14
238 63
239 55
240 76
241 7
242 1
243 71
244 77
245 63
246 66
247 75
248 54
249 44
250 27
251 56
252 96
253 20
254 3
255 69
256 35
257 54
258 50
259 38
260 40
261 10
262 61
263 8
264 93
265 39
266 46
267 79
268 72
269 72
270 49
271 24
272 48
273 35
274 49
275 1
276 17
277 33
278 31
279 12
280 15
281 88
282 93
283 3
284 66
285 32
286 44
287 93
288 50
289 23
290 95
291 7
292 19
293 40
294 80
295 48
296 56
297 41
298 66
299 22
300 72
301 49
302 67
303 71
304 16
305 10
306 3
307 86
308 45
309 44
310 68
311 15
312 4
313 7
314 65
315 76
316 66
317 59
318 90
319 24
320 33
321 53
322 33
323 84
324 9
325 38
326 55
327 88
328 82
329 28
330 74
331 60
332 82
333 74
334 83
335 29
336 1
337 31
338 8
339 12
340 2
341 62
342 36
343 60
344 40
345 47
346 16
347 53
348 26
349 74
350 70
351 47
352 20
353 40
354 66
355 46
356 11
357 64
358 50
359 27
360 16
361 13
362 1
363 91
364 43
365 20
366 78
367 56
368 16
369 7
370 60
371 61
372 88
373 67
374 46
375 53
376 69
377 79
378 35
379 26
380 22
381 98
382 3
383 25
384 49
385 93
386 5
387 13
388 59
389 59
390 82
391 28
392 19
393 79
394 20
395 42
396 23
397 89
398 49
399 12
400 23
401 64
402 22
403 29
404 27
405 33
406 20
407 58
408 70
409 14
410 76
411 89
412 63
413 8
414 66
415 5
416 92
417 22
418 18
419 14
420 87
421 25
422 19
423 39
424 18
425 43
426 86
427 53
428 64
429 39
430 83
431 77
432 39
433 44
434 85
435 30
436 16
437 23
438 42
439 76
440 9
441 67
442 55
443 26
444 19
445 13
446 86
447 78
448 33
449 18
450 36
451 72
452 85
453 48
454 70
455 36
456 12
457 8
458 85
459 59
460 90
461 56
462 15
463 27
464 9
465 50
466 68
467 83
468 34
469 14
470 73
471 11
472 83
473 52
474 89
475 16
476 36
477 47
478 95
479 72
480 41
481 95
482 13
483 31
484 1
485 25
486 94
487 71
488 38
489 55
490 82
491 70
492 84
493 92
494 29
495 32
496 17
497 80
498 81
499 20
500 75
501 32
502 12
503 23
504 16
505 59
506 86
507 5
508 78
509 42
510 45
511 9
512 6
513 32
514 54
515 65
516 50
517 83
518 2
519 75
520 52
521 29
522 33
523 30
524 12
525 12
526 30
527 34
528 2
529 28
530 27
531 36
532 78
533 37
534 15
535 41
536 6
537 47
538 65
539 21
540 46
541 63
542 94
543 52
544 75
545 42
546 25
547 37
548 62
549 32
550 68
551 85
552 8
553 97
554 21
555 49
556 35
557 13
558 79
559 61
560 27
561 13
562 89
563 74
564 90
565 3
566 97
567 39
568 4
569 38
570 2
571 4
572 62
573 53
574 37
575 29
576 28
577 27
578 37
579 70
580 18
581 35
582 77
583 41
584 95
585 24
586 8
587 58
588 50
589 42
590 40
591 4
592 35
593 50
594 79
595 81
596 9
597 26
598 16
599 97
