600 63 71880 0,4 275 201
0 19
1 35
2 54
3 50
4 32
5 10
6 59
7 19
8 1
9 14
10 30
11 34
12 36
13 27
14 23
15 10
16 5
17 40
18 32
19 43
20 6
21 35
22 38
23 32
24 26
25 26
26 27
27 44
28 17
29 20
30 58
31 34
32 60
33 50
34 1
35 12
36 15
37 13
38 48
39 35
40 3
41 1
42 47
43 14
44 18
45 3
46 38
47 16
48 12
49 50
50 18
51 52
52 55
53 2
54 21
55 49
56 30
57 57
58 57
59 12
60 5
61 8
62 25
63 45
64 45
65 33
66 7
67 54
68 17
69 1
70 3
71 16
72 34
73 14
74 16
75 31
76 21
77 21
78 26
79 37
80 16
81 10
82 34
83 56
84 2
85 49
86 51
87 50
88 24
89 16
90 3
91 5
92 37
93 41
94 9
95 53
96 54
97 43
98 26
99 23
100 16
101 29
102 25
103 44
104 6
105 3
106 35
107 28
108 48
109 4
110 7
111 20
112 46
113 56
114 43
115 2
116 45
117 45
118 21
119 26
120 12
121 55
122 9
123 35
124 33
125 40
126 39
127 6
128 51
129 25
130 37
131 50
132 18
133 26
134 48
135 6
136 18
137 42
138 25
139 26
140 59
141 41
142 19
143 27
144 35
145 1
146 2
147 15
148 37
149 57
150 1
151 59
152 22
153 31
154 36
155 17
156 27
157 2
158 23
159 19
160 5
161 62
162 8
163 29
164 13
165 29
166 17
167 60
168 9
169 41
170 45
171 22
172 10
173 60
174 6
175 35
176 22
177 22
178 29
179 19
180 19
181 23
182 7
183 22
184 8
185 53
186 39
187 24
188 1
189 20
190 9
191 23
192 7
193 1
194 33
195 29
196 47
197 32
198 35
199 25
200 10
201 8
202 63
203 33
204 36
205 25
206 52
207 10
208 14
209 26
210 10
211 6
212 21
213 28
214 6
215 39
216 52
217 53
218 13
219 14
220 2
221 4
222 30
223 57
224 40
225 44
226 24
227 16
228 31
229 39
230 13
231 3
232 46
233 15
234 51
235 44
236 23
237 34
238 12
239 2
240 7
241 1
242 47
243 8
244 24
245 21
246 20
247 6
248 7
249 38
250 29
251 32
252 13
253 58
254 10
255 21
256 31
257 53
258 28
259 4
260 17
261 23
262 42
263 28
264 1
265 3
266 43
267 42
268 22
269 11
270 22
271 11
272 6
273 47
274 3
275 50
276 4
277 2
278 15
279 27
280 23
281 37
282 18
283 20
284 21
285 3
286 51
287 33
288 47
289 40
290 3
291 13
292 4
293 48
294 38
295 48
296 2
297 40
298 7
299 19
300 28
301 29
302 4
303 44
304 15
305 24
306 48
307 27
308 52
309 16
310 16
311 31
312 44
313 28
314 8
315 56
316 9
317 53
318 46
319 44
320 30
321 20
322 49
323 19
324 13
325 24
326 55
327 12
328 47
329 56
330 56
331 15
332 14
333 28
334 52
335 17
336 51
337 39
338 19
339 42
340 9
341 1
342 44
343 21
344 17
345 10
346 5
347 3
348 9
349 12
350 3
351 61
352 32
353 11
354 61
355 26
356 27
357 15
358 5
359 25
360 37
361 13
362 14
363 52
364 26
365 30
366 59
367 62
368 28
369 29
370 56
371 28
372 41
373 41
374 56
375 13
376 18
377 16
378 1
379 2
380 12
381 54
382 7
383 2
384 45
385 19
386 34
387 12
388 13
389 45
390 53
391 4
392 31
393 42
394 32
395 30
396 49
397 30
398 55
399 58
400 51
401 13
402 35
403 10
404 34
405 37
406 5
407 44
408 56
409 18
410 6
411 33
412 19
413 42
414 49
415 46
416 27
417 23
418 34
419 58
420 17
421 62
422 47
423 8
424 9
425 46
426 28
427 40
428 24
429 5
430 28
431 41
432 43
433 54
434 23
435 15
436 38
437 33
438 42
439 10
440 9
441 34
442 50
443 25
444 55
445 40
446 8
447 26
448 32
449 32
450 30
451 23
452 52
453 16
454 43
455 9
456 11
457 39
458 5
459 31
460 54
461 12
462 54
463 46
464 6
465 11
466 61
467 28
468 12
469 44
470 59
471 11
472 37
473 42
474 15
475 53
476 3
477 14
478 37
479 23
480 47
481 20
482 48
483 48
484 19
485 46
486 11
487 8
488 10
489 8
490 47
491 7
492 16
493 39
494 29
495 55
496 1
497 17
498 9
499 34
500 30
501 9
502 39
503 37
504 4
505 57
506 41
507 24
508 62
509 37
510 51
511 15
512 36
513 41
514 5
515 4
516 55
517 34
518 43
519 24
520 18
521 46
522 40
523 41
524 15
525 6
526 20
527 4
528 11
529 17
530 11
531 50
532 20
533 17
534 22
535 22
536 20
537 38
538 47
539 36
540 29
541 28
542 33
543 36
544 17
545 49
546 40
547 41
548 51
549 60
550 30
551 26
552 52
553 17
554 15
555 36
556 35
557 38
558 14
559 14
560 21
561 21
562 11
563 25
564 18
565 43
566 32
567 14
568 7
569 8
570 24
571 31
572 17
573 7
574 12
575 54
576 38
577 36
578 5
579 11
580 49
581 38
582 42
583 39
584 49
585 31
586 26
587 27
588 22
589 36
590 39
591 8
592 31
593 53
594 33
595 18
596 38
597 45
598 5
599 27
