600 109 108070 0,6 402 314
0 30
1 22
2 71
3 15
4 40
5 72
6 12
7 10
8 44
9 17
10 83
11 24
12 90
13 44
14 14
15 20
16 2
17 8
18 22
19 57
20 56
21 47
22 87
23 32
24 48
25 4
26 69
27 80
28 32
29 77
30 17
31 4
32 104
33 71
34 32
35 94
36 18
37 12
38 73
39 29
40 9
41 10
42 5
43 26
44 5
45 52
46 51
47 37
48 95
49 51
50 61
51 29
52 34
53 101
54 30
55 18
56 70
57 19
58 29
59 9
60 89
61 51
62 47
63 92
64 62
65 93
66 46
67 72
68 84
69 29
70 47
71 75
72 18
73 40
74 67
75 4
76 48
77 14
78 58
79 46
80 16
81 41
82 29
83 44
84 105
85 50
86 50
87 64
88 11
89 6
90 28
91 22
92 71
93 107
94 1
95 44
96 54
97 85
98 31
99 53
100 24
101 28
102 99
103 83
104 75
105 70
106 21
107 9
108 93
109 36
110 83
111 49
112 99
113 36
114 54
115 61
116 87
117 56
118 33
119 60
120 8
121 68
122 58
123 36
124 19
125 1
126 33
127 6
128 88
129 64
130 78
131 7
132 34
133 77
134 107
135 4
136 97
137 19
138 36
139 20
140 92
141 42
142 1
143 87
144 26
145 21
146 63
147 22
148 64
149 54
150 104
151 28
152 76
153 81
154 59
155 43
156 18
157 14
158 15
159 11
160 82
161 12
162 103
163 57
164 38
165 20
166 88
167 31
168 20
169 68
170 25
171 82
172 6
173 92
174 1
175 5
176 59
177 34
178 98
179 10
180 68
181 97
182 7
183 101
184 25
185 20
186 101
187 77
188 73
189 95
190 66
191 55
192 62
193 24
194 14
195 77
196 84
197 25
198 74
199 2
200 2
201 78
202 27
203 92
204 72
205 13
206 42
207 85
208 17
209 38
210 70
211 7
212 6
213 76
214 54
215 18
216 48
217 41
218 8
219 10
220 50
221 27
222 14
223 46
224 65
225 4
226 86
227 5
228 47
229 43
230 13
231 71
232 26
233 90
234 56
235 50
236 23
237 25
238 32
239 5
240 87
241 36
242 67
243 94
244 70
245 50
246 66
247 38
248 73
249 52
250 23
251 42
252 99
253 55
254 24
255 58
256 5
257 105
258 43
259 15
260 10
261 35
262 22
263 53
264 73
265 65
266 35
267 39
268 4
269 79
270 53
271 23
272 7
273 51
274 45
275 74
276 47
277 91
278 54
279 63
280 100
281 32
282 46
283 35
284 21
285 17
286 18
287 63
288 65
289 56
290 74
291 15
292 97
293 51
294 50
295 49
296 37
297 12
298 37
299 28
300 27
301 10
302 13
303 79
304 88
305 10
306 41
307 66
308 36
309 2
310 40
311 108
312 67
313 62
314 81
315 31
316 56
317 26
318 53
319 88
320 99
321 27
322 16
323 17
324 80
325 36
326 89
327 34
328 19
329 64
330 18
331 96
332 44
333 30
334 68
335 102
336 74
337 31
338 86
339 65
340 57
341 32
342 3
343 19
344 85
345 55
346 85
347 5
348 12
349 3
350 37
351 90
352 29
353 48
354 45
355 84
356 30
357 22
358 33
359 95
360 52
361 72
362 47
363 23
364 41
365 70
366 20
367 53
368 89
369 60
370 40
371 87
372 58
373 46
374 7
375 102
376 34
377 75
378 109
379 43
380 71
381 4
382 42
383 100
384 2
385 9
386 55
387 60
388 95
389 26
390 82
391 6
392 76
393 59
394 66
395 103
396 3
397 83
398 23
399 65
400 8
401 16
402 73
403 18
404 39
405 67
406 33
407 28
408 16
409 73
410 13
411 54
412 69
413 75
414 44
415 40
416 92
417 9
418 31
419 86
420 77
421 52
422 28
423 15
424 78
425 39
426 33
427 41
428 104
429 88
430 27
431 39
432 39
433 8
434 51
435 38
436 23
437 33
438 3
439 49
440 13
441 39
442 15
443 61
444 102
445 50
446 57
447 49
448 7
449 101
450 55
451 21
452 39
453 94
454 89
455 16
456 6
457 91
458 72
459 62
460 86
461 74
462 84
463 16
464 53
465 11
466 35
467 91
468 33
469 81
470 1
471 19
472 83
473 25
474 38
475 21
476 93
477 82
478 11
479 11
480 8
481 15
482 35
483 81
484 60
485 35
486 24
487 96
488 6
489 57
490 53
491 45
492 24
493 13
494 78
495 96
496 80
497 45
498 30
499 25
500 42
501 31
502 79
503 75
504 9
505 58
506 40
507 12
508 100
509 64
510 10
511 9
512 11
513 1
514 64
515 98
516 68
517 1
518 76
519 31
520 61
521 43
522 97
523 14
524 98
525 25
526 10
527 20
528 46
529 17
530 58
531 94
532 43
533 14
534 62
535 59
536 41
537 21
538 52
539 2
540 3
541 17
542 80
543 63
544 94
545 7
546 69
547 8
548 56
549 4
550 57
551 76
552 80
553 78
554 69
555 55
556 11
557 66
558 106
559 34
560 16
561 3
562 22
563 23
564 37
565 49
566 56
567 67
568 37
569 45
570 27
571 60
572 105
573 82
574 61
575 41
576 103
577 35
578 63
579 5
580 1
581 3
582 95
583 72
584 48
585 87
586 96
587 26
588 52
589 79
590 91
591 3
592 62
593 61
594 30
595 108
596 49
597 2
598 91
599 16
