300 62 26777 0,6 204 152
0 44
1 38
2 12
3 54
4 1
5 33
6 20
7 49
8 43
9 1
10 4
11 52
12 4
13 1
14 12
15 13
16 15
17 29
18 18
19 34
20 34
21 57
22 12
23 32
24 2
25 45
26 57
27 24
28 58
29 30
30 44
31 16
32 36
33 26
34 22
35 9
36 25
37 16
38 18
39 28
40 43
41 10
42 7
43 17
44 8
45 16
46 41
47 51
48 39
49 3
50 4
51 18
52 6
53 30
54 5
55 48
56 16
57 35
58 4
59 44
60 52
61 25
62 10
63 35
64 24
65 13
66 52
67 15
68 29
69 49
70 33
71 6
72 45
73 22
74 31
75 26
76 38
77 32
78 33
79 27
80 17
81 56
82 19
83 56
84 12
85 1
86 17
87 57
88 18
89 31
90 9
91 37
92 48
93 41
94 59
95 2
96 3
97 7
98 28
99 31
100 53
101 2
102 37
103 42
104 3
105 21
106 24
107 41
108 46
109 32
110 29
111 11
112 21
113 51
114 53
115 52
116 11
117 6
118 41
119 13
120 7
121 9
122 34
123 19
124 28
125 18
126 34
127 25
128 27
129 23
130 43
131 32
132 23
133 51
134 9
135 12
136 8
137 40
138 3
139 46
140 10
141 15
142 42
143 50
144 5
145 37
146 14
147 7
148 47
149 58
150 19
151 5
152 61
153 40
154 36
155 45
156 35
157 7
158 39
159 44
160 15
161 21
162 46
163 3
164 9
165 13
166 31
167 11
168 6
169 2
170 36
171 42
172 8
173 20
174 60
175 20
176 27
177 49
178 55
179 54
180 47
181 28
182 11
183 50
184 4
185 22
186 18
187 21
188 50
189 14
190 18
191 22
192 11
193 17
194 33
195 14
196 29
197 38
198 34
199 44
200 30
201 6
202 14
203 16
204 29
205 53
206 27
207 2
208 23
209 11
210 56
211 30
212 39
213 8
214 23
215 23
216 22
217 5
218 45
219 10
220 11
221 9
222 32
223 55
224 16
225 25
226 46
227 3
228 59
229 13
230 20
231 26
232 37
233 5
234 6
235 7
236 36
237 19
238 48
239 35
240 1
241 58
242 4
243 4
244 7
245 39
246 40
247 8
248 19
249 38
250 8
251 13
252 24
253 23
254 35
255 40
256 28
257 2
258 56
259 34
260 30
261 27
262 24
263 1
264 12
265 53
266 62
267 47
268 21
269 14
270 33
271 36
272 14
273 26
274 12
275 5
276 12
277 20
278 1
279 27
280 25
281 31
282 26
283 42
284 60
285 40
286 21
287 15
288 54
289 15
290 10
291 3
292 11
293 43
294 27
295 42
296 14
297 17
298 55
299 48
