600 5 143440 0,8 493 451
0 4
1 2
2 1
3 5
4 3
5 2
6 3
7 3
8 3
9 3
10 2
11 3
12 2
13 4
14 3
15 1
16 1
17 2
18 1
19 1
20 5
21 5
22 4
23 4
24 1
25 5
26 1
27 4
28 3
29 3
30 4
31 4
32 3
33 1
34 4
35 1
36 2
37 5
38 4
39 4
40 4
41 2
42 4
43 5
44 3
45 1
46 2
47 1
48 1
49 1
50 2
51 4
52 1
53 5
54 2
55 1
56 4
57 3
58 4
59 2
60 5
61 4
62 1
63 3
64 2
65 3
66 4
67 2
68 4
69 3
70 5
71 5
72 2
73 3
74 1
75 4
76 3
77 1
78 2
79 3
80 2
81 4
82 1
83 2
84 3
85 1
86 5
87 4
88 3
89 4
90 2
91 2
92 1
93 1
94 4
95 5
96 4
97 5
98 1
99 2
100 1
101 5
102 4
103 3
104 2
105 3
106 5
107 2
108 1
109 3
110 1
111 2
112 2
113 4
114 5
115 2
116 1
117 2
118 5
119 3
120 4
121 2
122 5
123 4
124 5
125 4
126 3
127 4
128 5
129 1
130 1
131 2
132 1
133 4
134 4
135 4
136 1
137 1
138 1
139 2
140 2
141 5
142 2
143 5
144 3
145 5
146 3
147 1
148 1
149 3
150 3
151 3
152 2
153 3
154 4
155 4
156 3
157 4
158 3
159 5
160 5
161 5
162 5
163 3
164 1
165 1
166 3
167 1
168 2
169 1
170 2
171 1
172 1
173 4
174 1
175 3
176 2
177 2
178 4
179 3
180 5
181 3
182 5
183 3
184 5
185 1
186 5
187 2
188 4
189 5
190 5
191 1
192 5
193 4
194 1
195 2
196 1
197 4
198 5
199 3
200 2
201 5
202 1
203 5
204 1
205 3
206 2
207 3
208 1
209 5
210 4
211 5
212 3
213 3
214 1
215 2
216 5
217 1
218 3
219 1
220 1
221 4
222 3
223 4
224 4
225 4
226 4
227 1
228 2
229 2
230 3
231 4
232 1
233 2
234 1
235 4
236 5
237 2
238 4
239 5
240 1
241 1
242 5
243 4
244 2
245 4
246 3
247 4
248 3
249 3
250 5
251 3
252 5
253 3
254 2
255 1
256 2
257 1
258 5
259 2
260 3
261 1
262 3
263 5
264 2
265 4
266 1
267 3
268 2
269 1
270 2
271 2
272 2
273 2
274 1
275 2
276 2
277 1
278 4
279 4
280 1
281 5
282 1
283 1
284 2
285 4
286 2
287 5
288 5
289 2
290 1
291 1
292 4
293 1
294 5
295 5
296 1
297 3
298 2
299 3
300 4
301 3
302 3
303 3
304 1
305 5
306 3
307 5
308 4
309 1
310 1
311 1
312 4
313 1
314 5
315 5
316 5
317 1
318 4
319 1
320 2
321 5
322 2
323 4
324 1
325 2
326 5
327 3
328 4
329 3
330 4
331 5
332 3
333 5
334 4
335 5
336 5
337 3
338 5
339 5
340 4
341 5
342 3
343 2
344 5
345 2
346 1
347 1
348 2
349 4
350 2
351 3
352 5
353 2
354 2
355 4
356 5
357 5
358 5
359 5
360 1
361 5
362 5
363 2
364 4
365 3
366 1
367 5
368 1
369 3
370 3
371 2
372 4
373 3
374 5
375 2
376 3
377 1
378 4
379 3
380 4
381 2
382 3
383 1
384 5
385 2
386 1
387 4
388 1
389 5
390 3
391 4
392 1
393 2
394 4
395 2
396 5
397 3
398 4
399 5
400 1
401 3
402 3
403 3
404 5
405 5
406 2
407 2
408 1
409 3
410 1
411 1
412 1
413 1
414 3
415 1
416 5
417 5
418 5
419 4
420 1
421 3
422 4
423 4
424 4
425 4
426 1
427 4
428 4
429 1
430 3
431 3
432 1
433 5
434 1
435 1
436 1
437 2
438 5
439 1
440 4
441 2
442 3
443 2
444 4
445 4
446 5
447 4
448 2
449 1
450 5
451 4
452 3
453 5
454 2
455 3
456 1
457 1
458 3
459 3
460 4
461 5
462 1
463 1
464 1
465 4
466 4
467 1
468 4
469 1
470 4
471 4
472 5
473 4
474 1
475 4
476 4
477 2
478 3
479 2
480 3
481 4
482 1
483 5
484 1
485 4
486 5
487 4
488 2
489 1
490 3
491 4
492 4
493 3
494 2
495 5
496 5
497 1
498 4
499 1
500 1
501 2
502 4
503 1
504 4
505 1
506 4
507 5
508 3
509 1
510 1
511 4
512 5
513 5
514 3
515 2
516 1
517 1
518 5
519 1
520 5
521 2
522 3
523 3
524 4
525 1
526 3
527 2
528 2
529 5
530 3
531 5
532 3
533 1
534 5
535 1
536 3
537 3
538 1
539 1
540 2
541 1
542 5
543 1
544 1
545 2
546 5
547 1
548 5
549 1
550 2
551 2
552 4
553 3
554 4
555 2
556 3
557 4
558 1
559 4
560 4
561 3
562 1
563 3
564 2
565 1
566 3
567 2
568 1
569 4
570 5
571 5
572 3
573 2
574 2
575 1
576 3
577 3
578 1
579 5
580 1
581 1
582 4
583 2
584 2
585 1
586 2
587 2
588 1
589 4
590 2
591 3
592 1
593 5
594 5
595 4
596 1
597 5
598 5
599 5
