1000 154 299906 0,6 650 553
0 62
1 45
2 46
3 22
4 122
5 40
6 107
7 153
8 49
9 142
10 24
11 51
12 41
13 150
14 97
15 70
16 123
17 24
18 66
19 82
20 94
21 78
22 45
23 81
24 83
25 110
26 24
27 19
28 106
29 99
30 20
31 115
32 30
33 130
34 25
35 4
36 5
37 63
38 92
39 65
40 88
41 7
42 66
43 151
44 106
45 84
46 103
47 105
48 126
49 26
50 111
51 96
52 84
53 18
54 19
55 29
56 6
57 43
58 124
59 118
60 112
61 20
62 131
63 120
64 38
65 72
66 3
67 65
68 10
69 100
70 134
71 100
72 129
73 36
74 13
75 25
76 116
77 18
78 115
79 13
80 149
81 103
82 6
83 88
84 136
85 102
86 102
87 23
88 119
89 74
90 60
91 54
92 51
93 83
94 120
95 124
96 5
97 127
98 100
99 138
100 140
101 116
102 2
103 6
104 75
105 38
106 34
107 40
108 86
109 42
110 35
111 71
112 116
113 93
114 126
115 10
116 116
117 5
118 87
119 45
120 129
121 6
122 103
123 114
124 53
125 95
126 52
127 28
128 110
129 122
130 76
131 69
132 141
133 30
134 12
135 101
136 58
137 36
138 148
139 138
140 10
141 57
142 109
143 137
144 97
145 73
146 92
147 125
148 40
149 25
150 147
151 121
152 74
153 35
154 97
155 96
156 38
157 32
158 43
159 129
160 49
161 61
162 130
163 153
164 11
165 123
166 131
167 1
168 142
169 57
170 4
171 105
172 53
173 10
174 75
175 60
176 86
177 119
178 25
179 41
180 137
181 81
182 123
183 76
184 17
185 133
186 62
187 134
188 94
189 118
190 82
191 12
192 17
193 143
194 94
195 58
196 47
197 35
198 94
199 21
200 56
201 20
202 17
203 21
204 33
205 35
206 92
207 140
208 124
209 140
210 57
211 36
212 21
213 58
214 35
215 51
216 21
217 94
218 122
219 19
220 45
221 141
222 52
223 54
224 22
225 116
226 29
227 103
228 47
229 28
230 96
231 129
232 67
233 31
234 78
235 92
236 31
237 44
238 67
239 134
240 88
241 23
242 72
243 104
244 17
245 4
246 71
247 62
248 63
249 4
250 37
251 41
252 31
253 139
254 73
255 99
256 28
257 113
258 59
259 110
260 19
261 117
262 105
263 91
264 85
265 100
266 134
267 14
268 19
269 110
270 5
271 24
272 66
273 121
274 127
275 147
276 135
277 9
278 8
279 57
280 101
281 56
282 39
283 12
284 54
285 81
286 45
287 36
288 55
289 55
290 136
291 80
292 119
293 59
294 44
295 98
296 30
297 5
298 27
299 91
300 145
301 150
302 14
303 89
304 130
305 106
306 66
307 48
308 15
309 125
310 70
311 31
312 14
313 119
314 122
315 18
316 32
317 8
318 120
319 43
320 38
321 141
322 40
323 97
324 70
325 36
326 24
327 15
328 101
329 108
330 50
331 44
332 94
333 85
334 37
335 66
336 127
337 11
338 133
339 26
340 119
341 115
342 26
343 124
344 13
345 134
346 104
347 122
348 76
349 11
350 5
351 82
352 125
353 109
354 39
355 25
356 78
357 150
358 130
359 27
360 11
361 65
362 16
363 21
364 95
365 92
366 87
367 113
368 60
369 48
370 91
371 86
372 102
373 95
374 28
375 13
376 50
377 115
378 68
379 18
380 100
381 48
382 22
383 60
384 99
385 43
386 93
387 122
388 22
389 89
390 8
391 146
392 133
393 55
394 107
395 54
396 79
397 80
398 4
399 140
400 109
401 132
402 8
403 128
404 40
405 77
406 75
407 10
408 23
409 16
410 17
411 96
412 128
413 76
414 33
415 64
416 113
417 103
418 27
419 60
420 9
421 133
422 111
423 135
424 139
425 114
426 1
427 53
428 86
429 36
430 35
431 35
432 96
433 112
434 139
435 5
436 139
437 56
438 78
439 41
440 143
441 142
442 73
443 117
444 102
445 22
446 37
447 42
448 63
449 148
450 152
451 46
452 4
453 117
454 50
455 109
456 70
457 24
458 41
459 124
460 45
461 104
462 39
463 23
464 118
465 38
466 31
467 76
468 8
469 98
470 139
471 91
472 78
473 87
474 64
475 91
476 84
477 46
478 101
479 71
480 48
481 68
482 120
483 61
484 11
485 121
486 15
487 13
488 15
489 43
490 69
491 58
492 142
493 7
494 104
495 50
496 108
497 107
498 50
499 102
500 6
501 71
502 9
503 111
504 143
505 113
506 31
507 118
508 69
509 26
510 9
511 145
512 64
513 73
514 110
515 117
516 113
517 80
518 26
519 56
520 142
521 144
522 34
523 105
524 120
525 114
526 46
527 30
528 3
529 90
530 101
531 110
532 43
533 3
534 49
535 84
536 143
537 18
538 75
539 67
540 31
541 101
542 69
543 107
544 20
545 75
546 44
547 83
548 126
549 83
550 22
551 124
552 87
553 56
554 106
555 93
556 43
557 26
558 88
559 9
560 77
561 70
562 108
563 8
564 112
565 95
566 21
567 135
568 50
569 85
570 76
571 147
572 136
573 58
574 74
575 12
576 7
577 92
578 110
579 77
580 40
581 17
582 121
583 36
584 49
585 39
586 135
587 129
588 111
589 63
590 15
591 64
592 53
593 135
594 79
595 125
596 68
597 53
598 94
599 54
600 20
601 55
602 72
603 96
604 7
605 100
606 106
607 15
608 63
609 141
610 29
611 137
612 138
613 28
614 37
615 117
616 2
617 116
618 80
619 38
620 30
621 10
622 19
623 88
624 21
625 99
626 50
627 95
628 68
629 90
630 69
631 74
632 119
633 137
634 131
635 61
636 3
637 90
638 51
639 12
640 63
641 79
642 99
643 82
644 82
645 127
646 57
647 75
648 27
649 76
650 7
651 78
652 33
653 120
654 8
655 97
656 47
657 15
658 39
659 108
660 69
661 65
662 20
663 138
664 52
665 62
666 115
667 111
668 77
669 60
670 85
671 9
672 97
673 112
674 77
675 13
676 64
677 2
678 66
679 4
680 79
681 54
682 79
683 106
684 98
685 81
686 113
687 27
688 67
689 81
690 143
691 53
692 91
693 42
694 66
695 2
696 34
697 75
698 128
699 29
700 136
701 16
702 102
703 65
704 17
705 49
706 93
707 72
708 12
709 85
710 57
711 1
712 9
713 97
714 56
715 92
716 64
717 33
718 52
719 114
720 93
721 67
722 12
723 7
724 90
725 57
726 51
727 53
728 73
729 95
730 114
731 119
732 74
733 89
734 84
735 131
736 150
737 102
738 10
739 32
740 123
741 44
742 89
743 28
744 132
745 24
746 146
747 141
748 87
749 63
750 88
751 32
752 43
753 127
754 41
755 25
756 101
757 80
758 18
759 132
760 88
761 47
762 84
763 7
764 67
765 145
766 55
767 39
768 23
769 97
770 125
771 98
772 48
773 82
774 137
775 128
776 18
777 16
778 99
779 22
780 27
781 37
782 51
783 2
784 72
785 112
786 52
787 59
788 6
789 47
790 146
791 89
792 73
793 55
794 2
795 67
796 58
797 51
798 48
799 108
800 71
801 30
802 59
803 98
804 27
805 44
806 71
807 72
808 136
809 113
810 14
811 90
812 18
813 59
814 132
815 105
816 22
817 118
818 73
819 87
820 29
821 77
822 35
823 34
824 106
825 109
826 148
827 48
828 61
829 39
830 64
831 72
832 104
833 129
834 103
835 1
836 144
837 100
838 13
839 69
840 11
841 46
842 21
843 41
844 4
845 98
846 86
847 11
848 79
849 98
850 89
851 61
852 93
853 147
854 117
855 61
856 79
857 107
858 61
859 32
860 112
861 121
862 37
863 49
864 23
865 33
866 70
867 19
868 144
869 40
870 101
871 125
872 149
873 113
874 84
875 3
876 31
877 42
878 61
879 93
880 5
881 85
882 135
883 99
884 38
885 145
886 59
887 38
888 123
889 68
890 79
891 126
892 46
893 59
894 29
895 60
896 64
897 14
898 34
899 133
900 90
901 33
902 68
903 92
904 77
905 128
906 83
907 16
908 65
909 44
910 146
911 77
912 19
913 34
914 55
915 47
916 32
917 32
918 82
919 68
920 42
921 138
922 63
923 60
924 85
925 149
926 95
927 14
928 1
929 54
930 10
931 74
932 71
933 89
934 52
935 74
936 138
937 41
938 65
939 91
940 81
941 140
942 16
943 114
944 132
945 118
946 7
947 104
948 86
949 108
950 81
951 138
952 96
953 37
954 61
955 73
956 104
957 49
958 80
959 25
960 33
961 83
962 140
963 126
964 123
965 67
966 20
967 78
968 34
969 26
970 3
971 17
972 154
973 14
974 134
975 45
976 62
977 47
978 56
979 45
980 2
981 124
982 23
983 80
984 62
985 131
986 58
987 143
988 86
989 16
990 131
991 30
992 42
993 65
994 46
995 121
996 1
997 59
998 83
999 11
