300 37 15698 0,35 129 80
0 32
1 8
2 24
3 23
4 15
5 4
6 24
7 12
8 12
9 7
10 34
11 11
12 20
13 3
14 11
15 27
16 30
17 29
18 37
19 25
20 20
21 15
22 24
23 32
24 29
25 10
26 2
27 11
28 21
29 2
30 14
31 31
32 12
33 6
34 6
35 29
36 33
37 30
38 25
39 3
40 14
41 18
42 12
43 18
44 16
45 6
46 22
47 5
48 20
49 7
50 21
51 23
52 14
53 18
54 6
55 5
56 8
57 3
58 33
59 1
60 1
61 18
62 26
63 18
64 35
65 12
66 17
67 7
68 26
69 27
70 24
71 9
72 7
73 8
74 7
75 24
76 2
77 28
78 24
79 9
80 3
81 21
82 18
83 16
84 7
85 22
86 32
87 23
88 4
89 25
90 11
91 14
92 8
93 30
94 16
95 12
96 11
97 14
98 28
99 3
100 14
101 35
102 17
103 13
104 23
105 20
106 11
107 10
108 29
109 7
110 7
111 4
112 9
113 2
114 8
115 15
116 14
117 9
118 8
119 13
120 1
121 33
122 26
123 19
124 4
125 7
126 31
127 1
128 25
129 21
130 20
131 21
132 3
133 13
134 5
135 29
136 18
137 12
138 13
139 4
140 13
141 2
142 6
143 13
144 14
145 5
146 29
147 17
148 6
149 5
150 32
151 18
152 32
153 19
154 3
155 30
156 3
157 15
158 10
159 11
160 19
161 10
162 16
163 24
164 1
165 23
166 12
167 6
168 26
169 10
170 10
171 15
172 4
173 1
174 28
175 28
176 6
177 20
178 17
179 31
180 1
181 5
182 9
183 12
184 20
185 9
186 9
187 12
188 17
189 9
190 17
191 4
192 29
193 6
194 34
195 14
196 9
197 13
198 19
199 36
200 2
201 3
202 16
203 5
204 6
205 9
206 19
207 6
208 1
209 2
210 1
211 10
212 22
213 5
214 17
215 5
216 4
217 26
218 2
219 27
220 13
221 19
222 2
223 24
224 17
225 2
226 26
227 25
228 16
229 15
230 8
231 19
232 13
233 6
234 4
235 17
236 21
237 3
238 4
239 5
240 2
241 12
242 10
243 22
244 2
245 21
246 6
247 10
248 25
249 7
250 22
251 31
252 23
253 31
254 27
255 7
256 13
257 10
258 24
259 23
260 9
261 33
262 20
263 23
264 22
265 3
266 4
267 37
268 1
269 22
270 1
271 34
272 26
273 18
274 28
275 8
276 29
277 15
278 14
279 16
280 27
281 30
282 27
283 1
284 3
285 1
286 8
287 14
288 7
289 3
290 21
291 1
292 19
293 15
294 11
295 4
296 3
297 5
298 16
299 4
