1000 503 375000 0.75 750 750
0 26
1 55
2 406
3 57
4 335
5 78
6 438
7 155
8 334
9 111
10 250
11 7
12 466
13 319
14 300
15 125
16 108
17 181
18 273
19 446
20 353
21 157
22 496
23 307
24 20
25 395
26 206
27 449
28 94
29 168
30 399
31 310
32 209
33 121
34 477
35 182
36 363
37 215
38 450
39 207
40 101
41 231
42 151
43 259
44 408
45 286
46 31
47 11
48 192
49 460
50 102
51 495
52 203
53 349
54 444
55 16
56 357
57 198
58 332
59 418
60 129
61 359
62 501
63 448
64 431
65 364
66 480
67 165
68 247
69 394
70 221
71 312
72 244
73 433
74 205
75 266
76 176
77 292
78 59
79 413
80 91
81 297
82 188
83 60
84 485
85 159
86 134
87 370
88 269
89 293
90 434
91 265
92 42
93 472
94 141
95 382
96 255
97 318
98 467
99 491
100 196
101 154
102 73
103 475
104 304
105 493
106 301
107 54
108 277
109 489
110 237
111 261
112 193
113 379
114 415
115 502
116 51
117 432
118 213
119 131
120 234
121 328
122 49
123 220
124 10
125 497
126 287
127 66
128 39
129 461
130 369
131 19
132 302
133 98
134 69
135 18
136 420
137 355
138 358
139 64
140 439
141 27
142 172
143 333
144 173
145 148
146 238
147 62
148 140
149 245
150 166
151 412
152 214
153 285
154 162
155 476
156 298
157 422
158 402
159 421
160 97
161 4
162 75
163 373
164 169
165 41
166 1
167 429
168 242
169 240
170 87
171 478
172 183
173 74
174 362
175 89
176 180
177 443
178 138
179 356
180 308
181 341
182 452
183 36
184 453
185 68
186 345
187 337
188 48
189 313
190 409
191 132
192 316
193 17
194 267
195 403
196 186
197 270
198 374
199 5
200 488
201 46
202 76
203 212
204 503
205 407
206 410
207 184
208 144
209 149
210 228
211 256
212 447
213 456
214 217
215 246
216 65
217 322
218 223
219 271
220 311
221 279
222 233
223 465
224 15
225 386
226 201
227 67
228 494
229 263
230 276
231 284
232 239
233 252
234 390
235 99
236 187
237 281
238 112
239 389
240 147
241 339
242 257
243 77
244 109
245 340
246 88
247 348
248 392
249 435
250 208
251 454
252 122
253 175
254 82
255 338
256 404
257 194
258 372
259 260
260 463
261 52
262 230
263 218
264 56
265 440
266 309
267 58
268 136
269 441
270 343
271 336
272 249
273 482
274 53
275 388
276 289
277 156
278 296
279 414
280 12
281 360
282 437
283 462
284 457
285 163
286 411
287 24
288 473
289 470
290 323
291 113
292 430
293 120
294 23
295 499
296 347
297 419
298 3
299 378
300 106
301 451
302 190
303 329
304 96
305 177
306 469
307 202
308 367
309 303
310 425
311 222
312 43
313 401
314 210
315 416
316 464
317 34
318 327
319 28
320 417
321 458
322 83
323 391
324 38
325 280
326 365
327 130
328 80
329 9
330 317
331 95
332 124
333 128
334 376
335 321
336 325
337 158
338 442
339 436
340 315
341 375
342 305
343 366
344 105
345 225
346 459
347 272
348 306
349 346
350 380
351 133
352 275
353 351
354 481
355 199
356 35
357 423
358 290
359 47
360 164
361 498
362 197
363 291
364 160
365 235
366 81
367 32
368 445
369 258
370 110
371 352
372 350
373 490
374 204
375 143
376 139
377 251
378 253
379 33
380 486
381 377
382 428
383 90
384 153
385 344
386 361
387 86
388 224
389 455
390 40
391 104
392 72
393 299
394 268
395 178
396 295
397 14
398 483
399 127
400 307
401 126
402 229
403 424
404 100
405 398
406 152
407 400
408 354
409 487
410 283
411 161
412 262
413 264
414 241
415 426
416 145
417 282
418 353
419 479
420 61
421 405
422 438
423 137
424 30
425 21
426 44
427 492
428 363
429 288
430 383
431 70
432 211
433 219
434 71
435 310
436 320
437 232
438 142
439 171
440 216
441 427
442 274
443 8
444 118
445 371
446 393
447 22
448 408
449 368
450 314
451 84
452 384
453 278
454 266
455 484
456 2
457 331
458 13
459 385
460 236
461 231
462 117
463 477
464 474
465 312
466 103
467 370
468 485
469 300
470 195
471 480
472 85
473 292
474 468
475 198
476 359
477 418
478 227
479 294
480 334
481 107
482 250
483 159
484 304
485 189
486 357
487 37
488 170
489 335
490 247
491 460
492 431
493 135
494 185
495 324
496 326
497 446
498 59
499 57
500 92
501 318
502 330
503 444
504 261
505 45
506 301
507 119
508 16
509 226
510 73
511 179
512 193
513 273
514 342
515 495
516 297
517 471
518 332
519 364
520 6
521 55
522 125
523 439
524 243
525 155
526 269
527 146
528 176
529 191
530 244
531 248
532 25
533 397
534 387
535 286
536 29
537 192
538 245
539 287
540 358
541 293
542 157
543 174
544 63
545 432
546 93
547 150
548 413
549 415
550 66
551 11
552 10
553 298
554 254
555 369
556 167
557 402
558 333
559 7
560 341
561 115
562 319
563 205
564 114
565 328
566 181
567 448
568 381
569 396
570 308
571 111
572 443
573 356
574 123
575 422
576 207
577 285
578 108
579 116
580 313
581 349
582 395
583 206
584 277
585 466
586 183
587 79
588 74
589 64
590 168
591 26
592 362
593 62
594 461
595 255
596 17
597 489
598 78
599 406
600 246
601 75
602 60
603 302
604 50
605 374
606 472
607 5
608 410
609 433
610 217
611 215
612 399
613 221
614 270
615 173
616 271
617 316
618 434
619 98
620 200
621 339
622 421
623 209
624 311
625 4
626 180
627 240
628 259
629 201
630 101
631 151
632 165
633 449
634 475
635 19
636 276
637 488
638 162
639 77
640 20
641 121
642 182
643 69
644 31
645 348
646 94
647 51
648 82
649 144
650 203
651 309
652 450
653 41
654 89
655 249
656 279
657 131
658 476
659 345
660 172
661 129
662 394
663 12
664 322
665 265
666 54
667 389
668 256
669 242
670 360
671 102
672 403
673 154
674 67
675 1
676 323
677 188
678 338
679 134
680 27
681 214
682 493
683 42
684 87
685 355
686 109
687 451
688 281
689 141
690 91
691 372
692 132
693 39
694 367
695 435
696 327
697 237
698 469
699 238
700 467
701 465
702 447
703 166
704 441
705 38
706 184
707 65
708 329
709 234
710 382
711 220
712 80
713 106
714 491
715 373
716 177
717 113
718 379
719 138
720 18
721 392
722 325
723 196
724 15
725 454
726 120
727 263
728 9
729 267
730 404
731 24
732 213
733 140
734 99
735 43
736 49
737 97
738 412
739 494
740 223
741 36
742 390
743 149
744 420
745 376
746 380
747 175
748 452
749 388
750 208
751 351
752 136
753 365
754 378
755 260
756 95
757 409
758 169
759 194
760 124
761 473
762 88
763 377
764 258
765 76
766 417
767 148
768 112
769 336
770 386
771 199
772 303
773 228
774 187
775 23
776 251
777 419
778 391
779 375
780 52
781 478
782 48
783 186
784 34
785 317
786 252
787 58
788 321
789 407
790 152
791 429
792 40
793 470
794 400
795 212
796 430
797 337
798 482
799 28
800 218
801 68
802 456
803 257
804 458
805 156
806 483
807 86
808 453
809 46
810 145
811 425
812 440
813 53
814 35
815 56
816 340
817 347
818 224
819 139
820 239
821 202
822 486
823 343
824 163
825 122
826 30
827 315
828 233
829 44
830 142
831 398
832 462
833 147
834 484
835 81
836 190
837 371
838 33
839 384
840 164
841 178
842 230
843 105
844 284
845 427
846 296
847 137
848 490
849 331
850 463
851 253
852 143
853 225
854 424
855 153
856 160
857 126
858 84
859 232
860 71
861 262
862 414
863 411
864 222
865 455
866 103
867 290
868 21
869 383
870 474
871 22
872 299
873 107
874 197
875 219
876 401
877 72
878 70
879 289
880 393
881 2
882 437
883 499
884 3
885 274
886 241
887 288
888 158
889 235
890 385
891 487
892 128
893 210
894 278
895 330
896 268
897 32
898 457
899 324
900 354
901 189
902 342
903 83
904 314
905 320
906 211
907 306
908 481
909 442
910 119
911 118
912 96
913 45
914 47
915 479
916 216
917 170
918 133
919 464
920 366
921 110
922 236
923 161
924 130
925 29
926 275
927 280
928 37
929 248
930 416
931 426
932 227
933 195
934 272
935 254
936 291
937 85
938 167
939 61
940 445
941 346
942 117
943 436
944 6
945 405
946 350
947 171
948 305
949 115
950 326
951 191
952 264
953 146
954 492
955 498
956 185
957 387
958 135
959 282
960 116
961 397
962 295
963 459
964 396
965 150
966 229
967 13
968 90
969 93
970 179
971 174
972 104
973 79
974 114
975 428
976 468
977 243
978 283
979 100
980 25
981 423
982 127
983 123
984 381
985 368
986 344
987 471
988 500
989 204
990 14
991 361
992 92
993 352
994 8
995 226
996 294
997 63
998 200
999 50
