600 197 161730 0.9 563 518
0 41
1 99
2 76
3 94
4 3
5 128
6 165
7 175
8 90
9 168
10 87
11 167
12 56
13 127
14 42
15 63
16 124
17 76
18 181
19 133
20 90
21 61
22 126
23 10
24 164
25 7
26 158
27 123
28 168
29 30
30 54
31 52
32 129
33 70
34 189
35 38
36 167
37 12
38 28
39 76
40 5
41 64
42 63
43 80
44 145
45 32
46 16
47 95
48 19
49 1
50 32
51 113
52 152
53 79
54 163
55 190
56 55
57 148
58 85
59 154
60 40
61 171
62 4
63 144
64 53
65 16
66 135
67 71
68 160
69 68
70 162
71 13
72 130
73 127
74 29
75 97
76 104
77 137
78 183
79 120
80 94
81 192
82 59
83 24
84 113
85 105
86 92
87 93
88 164
89 68
90 180
91 7
92 192
93 67
94 114
95 149
96 152
97 8
98 171
99 104
100 34
101 73
102 143
103 30
104 78
105 169
106 170
107 2
108 47
109 34
110 37
111 118
112 64
113 150
114 165
115 125
116 162
117 91
118 75
119 12
120 9
121 41
122 111
123 35
124 183
125 73
126 56
127 136
128 63
129 20
130 91
131 73
132 65
133 188
134 146
135 57
136 134
137 21
138 57
139 118
140 35
141 132
142 159
143 68
144 141
145 54
146 24
147 114
148 62
149 120
150 64
151 104
152 89
153 91
154 61
155 147
156 141
157 151
158 193
159 94
160 187
161 161
162 21
163 147
164 102
165 11
166 48
167 173
168 153
169 5
170 48
171 149
172 129
173 39
174 140
175 72
176 135
177 67
178 137
179 84
180 155
181 45
182 136
183 5
184 178
185 117
186 62
187 25
188 61
189 86
190 69
191 172
192 81
193 77
194 100
195 60
196 90
197 197
198 174
199 94
200 174
201 58
202 92
203 39
204 77
205 172
206 140
207 160
208 140
209 83
210 69
211 101
212 54
213 142
214 108
215 158
216 195
217 81
218 181
219 110
220 87
221 88
222 151
223 106
224 74
225 108
226 53
227 30
228 172
229 65
230 40
231 98
232 51
233 157
234 132
235 134
236 176
237 116
238 43
239 155
240 170
241 92
242 147
243 21
244 15
245 92
246 9
247 44
248 116
249 130
250 23
251 13
252 107
253 25
254 150
255 163
256 2
257 188
258 5
259 93
260 167
261 22
262 47
263 6
264 54
265 112
266 116
267 28
268 144
269 11
270 41
271 110
272 31
273 72
274 128
275 30
276 19
277 49
278 75
279 34
280 108
281 176
282 99
283 182
284 12
285 146
286 4
287 37
288 122
289 51
290 131
291 102
292 24
293 8
294 89
295 154
296 186
297 103
298 15
299 111
300 64
301 164
302 72
303 44
304 86
305 125
306 32
307 113
308 33
309 130
310 117
311 56
312 37
313 141
314 65
315 190
316 68
317 84
318 14
319 149
320 38
321 67
322 95
323 106
324 180
325 37
326 176
327 12
328 31
329 150
330 115
331 13
332 50
333 137
334 11
335 43
336 98
337 107
338 36
339 81
340 17
341 77
342 148
343 155
344 124
345 22
346 157
347 142
348 7
349 169
350 66
351 34
352 107
353 98
354 85
355 60
356 79
357 15
358 123
359 97
360 37
361 1
362 131
363 42
364 97
365 111
366 105
367 185
368 25
369 125
370 145
371 18
372 35
373 93
374 33
375 119
376 52
377 80
378 119
379 154
380 144
381 10
382 58
383 96
384 83
385 166
386 36
387 194
388 132
389 96
390 6
391 106
392 55
393 159
394 9
395 82
396 122
397 89
398 98
399 59
400 46
401 126
402 137
403 45
404 146
405 180
406 105
407 39
408 138
409 119
410 171
411 185
412 53
413 38
414 136
415 75
416 163
417 113
418 10
419 123
420 179
421 18
422 47
423 114
424 18
425 38
426 49
427 99
428 74
429 8
430 4
431 82
432 60
433 23
434 195
435 69
436 86
437 112
438 88
439 127
440 43
441 118
442 153
443 138
444 46
445 115
446 101
447 26
448 16
449 3
450 42
451 6
452 96
453 84
454 28
455 142
456 66
457 142
458 10
459 117
460 151
461 177
462 26
463 184
464 109
465 95
466 18
467 121
468 44
469 159
470 36
471 139
472 50
473 17
474 44
475 161
476 101
477 57
478 16
479 26
480 103
481 29
482 177
483 55
484 71
485 174
486 112
487 14
488 143
489 87
490 156
491 62
492 189
493 6
494 157
495 133
496 162
497 184
498 131
499 121
500 27
501 45
502 27
503 40
504 78
505 49
506 51
507 188
508 7
509 165
510 145
511 33
512 139
513 122
514 78
515 103
516 173
517 3
518 29
519 115
520 193
521 13
522 22
523 139
524 160
525 113
526 196
527 102
528 22
529 80
530 121
531 88
532 126
533 186
534 26
535 146
536 36
537 53
538 178
539 74
540 152
541 70
542 71
543 46
544 117
545 21
546 31
547 28
548 109
549 191
550 87
551 124
552 20
553 27
554 52
555 66
556 48
557 42
558 56
559 82
560 24
561 139
562 50
563 31
564 120
565 23
566 100
567 108
568 40
569 96
570 109
571 41
572 32
573 111
574 20
575 156
576 135
577 133
578 19
579 45
580 175
581 17
582 100
583 21
584 166
585 179
586 104
587 83
588 161
589 158
590 128
591 143
592 1
593 58
594 33
595 20
596 2
597 79
598 14
599 82
