NUMERO DE EJECUCION SECUENCIAL WP MATULA 
1 204 201 217 
2 209 201 217 
3 212 201 217 
4 205 201 217 
5 206 201 217 
6 208 201 217 
7 204 201 217 
8 216 201 217 
9 206 201 217 
10 202 201 217 
11 207 201 217 
12 209 201 217 
13 212 201 217 
14 210 201 217 
15 205 201 217 
16 209 201 217 
17 206 201 217 
18 208 201 217 
19 210 201 217 
20 206 201 217 
21 208 201 217 
22 212 201 217 
23 209 201 217 
24 204 201 217 
25 207 201 217 
26 210 201 217 
27 204 201 217 
28 212 201 217 
29 205 201 217 
30 211 201 217 
31 202 201 217 
32 204 201 217 
33 207 201 217 
34 210 201 217 
35 203 201 217 
36 205 201 217 
37 207 201 217 
38 205 201 217 
39 208 201 217 
40 203 201 217 
41 205 201 217 
42 208 201 217 
43 204 201 217 
44 206 201 217 
45 205 201 217 
46 204 201 217 
47 207 201 217 
48 202 201 217 
49 207 201 217 
50 207 201 217 
51 209 201 217 
52 210 201 217 
53 203 201 217 
54 210 201 217 
55 202 201 217 
56 210 201 217 
57 213 201 217 
58 206 201 217 
59 207 201 217 
60 211 201 217 
61 212 201 217 
62 204 201 217 
63 205 201 217 
64 206 201 217 
65 203 201 217 
66 213 201 217 
67 205 201 217 
68 210 201 217 
69 206 201 217 
70 204 201 217 
71 204 201 217 
72 206 201 217 
73 206 201 217 
74 204 201 217 
75 204 201 217 
76 207 201 217 
77 204 201 217 
78 201 201 217 
79 205 201 217 
80 205 201 217 
81 205 201 217 
82 204 201 217 
83 206 201 217 
84 209 201 217 
85 207 201 217 
86 203 201 217 
87 209 201 217 
88 207 201 217 
89 208 201 217 
90 205 201 217 
91 207 201 217 
92 206 201 217 
93 209 201 217 
94 202 201 217 
95 210 201 217 
96 208 201 217 
97 207 201 217 
98 205 201 217 
99 208 201 217 
100 208 201 217 
