NUMERO DE EJECUCION SECUENCIAL WP MATULA 
1 339 339 339 
2 336 339 339 
3 336 339 339 
4 339 339 339 
5 334 339 339 
6 336 339 339 
7 339 339 339 
8 340 339 339 
9 336 339 339 
10 337 339 339 
11 336 339 339 
12 337 339 339 
13 337 339 339 
14 336 339 339 
15 339 339 339 
16 338 339 339 
17 338 339 339 
18 338 339 339 
19 339 339 339 
20 335 339 339 
21 339 339 339 
22 336 339 339 
23 335 339 339 
24 339 339 339 
25 337 339 339 
26 339 339 339 
27 336 339 339 
28 336 339 339 
29 339 339 339 
30 336 339 339 
31 337 339 339 
32 338 339 339 
33 339 339 339 
34 340 339 339 
35 339 339 339 
36 337 339 339 
37 339 339 339 
38 338 339 339 
39 335 339 339 
40 335 339 339 
41 335 339 339 
42 339 339 339 
43 337 339 339 
44 337 339 339 
45 340 339 339 
46 338 339 339 
47 338 339 339 
48 334 339 339 
49 335 339 339 
50 337 339 339 
51 338 339 339 
52 336 339 339 
53 334 339 339 
54 339 339 339 
55 340 339 339 
56 340 339 339 
57 338 339 339 
58 338 339 339 
59 336 339 339 
60 336 339 339 
61 337 339 339 
62 337 339 339 
63 340 339 339 
64 338 339 339 
65 341 339 339 
66 339 339 339 
67 340 339 339 
68 337 339 339 
69 338 339 339 
70 341 339 339 
71 336 339 339 
72 341 339 339 
73 337 339 339 
74 335 339 339 
75 341 339 339 
76 337 339 339 
77 338 339 339 
78 336 339 339 
79 337 339 339 
80 339 339 339 
81 334 339 339 
82 337 339 339 
83 338 339 339 
84 335 339 339 
85 336 339 339 
86 337 339 339 
87 341 339 339 
88 338 339 339 
89 336 339 339 
90 338 339 339 
91 342 339 339 
92 336 339 339 
93 338 339 339 
94 338 339 339 
95 337 339 339 
96 337 339 339 
97 337 339 339 
98 334 339 339 
99 338 339 339 
100 339 339 339 
