NUMERO DE EJECUCION SECUENCIAL WP MATULA 
1 503 502 502 
2 501 502 502 
3 500 502 502 
4 502 502 502 
5 505 502 502 
6 502 502 502 
7 501 502 502 
8 500 502 502 
9 504 502 502 
10 501 502 502 
11 500 502 502 
12 501 502 502 
13 503 502 502 
14 502 502 502 
15 506 502 502 
16 506 502 502 
17 501 502 502 
18 500 502 502 
19 502 502 502 
20 501 502 502 
21 503 502 502 
22 501 502 502 
23 502 502 502 
24 503 502 502 
25 501 502 502 
26 501 502 502 
27 501 502 502 
28 501 502 502 
29 502 502 502 
30 502 502 502 
31 504 502 502 
32 500 502 502 
33 502 502 502 
34 501 502 502 
35 500 502 502 
36 502 502 502 
37 502 502 502 
38 502 502 502 
39 500 502 502 
40 504 502 502 
41 500 502 502 
42 500 502 502 
43 501 502 502 
44 502 502 502 
45 502 502 502 
46 501 502 502 
47 501 502 502 
48 500 502 502 
49 501 502 502 
50 502 502 502 
51 501 502 502 
52 505 502 502 
53 499 502 502 
54 501 502 502 
55 502 502 502 
56 501 502 502 
57 502 502 502 
58 500 502 502 
59 502 502 502 
60 502 502 502 
61 501 502 502 
62 502 502 502 
63 501 502 502 
64 501 502 502 
65 501 502 502 
66 501 502 502 
67 502 502 502 
68 500 502 502 
69 501 502 502 
70 501 502 502 
71 499 502 502 
72 501 502 502 
73 504 502 502 
74 501 502 502 
75 500 502 502 
76 502 502 502 
77 502 502 502 
78 505 502 502 
79 500 502 502 
80 501 502 502 
81 502 502 502 
82 504 502 502 
83 500 502 502 
84 500 502 502 
85 501 502 502 
86 503 502 502 
87 500 502 502 
88 500 502 502 
89 501 502 502 
90 501 502 502 
91 502 502 502 
92 501 502 502 
93 501 502 502 
94 500 502 502 
95 503 502 502 
96 501 502 502 
97 502 502 502 
98 502 502 502 
99 501 502 502 
100 502 502 502 
