NUMERO DE EJECUCION SECUENCIAL WP MATULA 
1 103 98 107 
2 103 98 107 
3 104 98 107 
4 99 98 107 
5 101 98 107 
6 103 98 107 
7 104 98 107 
8 98 98 107 
9 103 98 107 
10 105 98 107 
11 102 98 107 
12 104 98 107 
13 103 98 107 
14 103 98 107 
15 102 98 107 
16 102 98 107 
17 105 98 107 
18 101 98 107 
19 103 98 107 
20 101 98 107 
21 100 98 107 
22 106 98 107 
23 105 98 107 
24 102 98 107 
25 104 98 107 
26 102 98 107 
27 103 98 107 
28 103 98 107 
29 101 98 107 
30 104 98 107 
31 102 98 107 
32 104 98 107 
33 102 98 107 
34 106 98 107 
35 101 98 107 
36 104 98 107 
37 102 98 107 
38 101 98 107 
39 104 98 107 
40 101 98 107 
41 103 98 107 
42 103 98 107 
43 101 98 107 
44 104 98 107 
45 102 98 107 
46 103 98 107 
47 103 98 107 
48 102 98 107 
49 103 98 107 
50 102 98 107 
51 101 98 107 
52 104 98 107 
53 104 98 107 
54 102 98 107 
55 104 98 107 
56 103 98 107 
57 105 98 107 
58 103 98 107 
59 104 98 107 
60 104 98 107 
61 102 98 107 
62 102 98 107 
63 104 98 107 
64 104 98 107 
65 101 98 107 
66 105 98 107 
67 102 98 107 
68 107 98 107 
69 103 98 107 
70 103 98 107 
71 102 98 107 
72 102 98 107 
73 103 98 107 
74 103 98 107 
75 104 98 107 
76 104 98 107 
77 101 98 107 
78 102 98 107 
79 103 98 107 
80 101 98 107 
81 104 98 107 
82 102 98 107 
83 101 98 107 
84 104 98 107 
85 105 98 107 
86 102 98 107 
87 100 98 107 
88 102 98 107 
89 101 98 107 
90 100 98 107 
91 103 98 107 
92 102 98 107 
93 104 98 107 
94 104 98 107 
95 102 98 107 
96 102 98 107 
97 105 98 107 
98 104 98 107 
99 102 98 107 
100 102 98 107 
